{"level":"DEBUG","ts":"2023-09-15T15:53:39.133+0800","caller":"dao/mdb.go:46","msg":"[store_db] mysql connDB success"}
{"level":"DEBUG","ts":"2023-09-15T15:53:39.139+0800","caller":"dao/rdb.go:39","msg":"[store_redis] redis connRdb success,suc=%sPONG"}
{"level":"INFO","ts":"2023-09-15T15:53:39.139+0800","caller":"log/log.go:162","msg":"Starting processing"}
{"level":"INFO","ts":"2023-09-15T15:53:39.140+0800","caller":"log/log.go:162","msg":"Send signal TERM or INT to terminate the process"}
{"level":"DEBUG","ts":"2023-09-15T15:54:12.250+0800","caller":"dao/mdb.go:46","msg":"[store_db] mysql connDB success"}
{"level":"DEBUG","ts":"2023-09-15T15:54:12.252+0800","caller":"dao/rdb.go:39","msg":"[store_redis] redis connRdb success,suc=%sPONG"}
{"level":"INFO","ts":"2023-09-15T15:54:12.253+0800","caller":"log/log.go:162","msg":"Starting processing"}
{"level":"INFO","ts":"2023-09-15T15:54:12.253+0800","caller":"log/log.go:162","msg":"Send signal TERM or INT to terminate the process"}
{"level":"DEBUG","ts":"2023-09-15T15:57:12.790+0800","caller":"dao/mdb.go:46","msg":"[store_db] mysql connDB success"}
{"level":"DEBUG","ts":"2023-09-15T15:57:12.791+0800","caller":"dao/rdb.go:39","msg":"[store_redis] redis connRdb success,suc=%sPONG"}
{"level":"INFO","ts":"2023-09-15T15:57:12.793+0800","caller":"log/log.go:162","msg":"Starting processing"}
{"level":"INFO","ts":"2023-09-15T15:57:12.793+0800","caller":"log/log.go:162","msg":"Send signal TERM or INT to terminate the process"}
{"level":"DEBUG","ts":"2023-09-15T15:58:42.703+0800","caller":"dao/mdb.go:46","msg":"[store_db] mysql connDB success"}
{"level":"DEBUG","ts":"2023-09-15T15:58:42.704+0800","caller":"dao/rdb.go:39","msg":"[store_redis] redis connRdb success,suc=%sPONG"}
{"level":"INFO","ts":"2023-09-15T15:58:42.705+0800","caller":"log/log.go:162","msg":"Starting processing"}
{"level":"INFO","ts":"2023-09-15T15:58:42.705+0800","caller":"log/log.go:162","msg":"Send signal TERM or INT to terminate the process"}
{"level":"ERROR","ts":"2023-09-15T15:58:47.015+0800","caller":"task/listen_trc20_job.go:20","msg":"Error 1146: Table 'grabs.wallet_address' doesn't exist"}
{"level":"ERROR","ts":"2023-09-15T15:58:52.004+0800","caller":"task/listen_trc20_job.go:20","msg":"Error 1146: Table 'grabs.wallet_address' doesn't exist"}
{"level":"ERROR","ts":"2023-09-15T15:58:57.016+0800","caller":"task/listen_trc20_job.go:20","msg":"Error 1146: Table 'grabs.wallet_address' doesn't exist"}
{"level":"DEBUG","ts":"2023-09-15T16:06:38.844+0800","caller":"dao/mdb.go:46","msg":"[store_db] mysql connDB success"}
{"level":"DEBUG","ts":"2023-09-15T16:06:38.846+0800","caller":"dao/rdb.go:39","msg":"[store_redis] redis connRdb success,suc=%sPONG"}
{"level":"INFO","ts":"2023-09-15T16:06:38.847+0800","caller":"log/log.go:162","msg":"Starting processing"}
{"level":"INFO","ts":"2023-09-15T16:06:38.848+0800","caller":"log/log.go:162","msg":"Send signal TERM or INT to terminate the process"}
{"level":"ERROR","ts":"2023-09-15T16:06:43.013+0800","caller":"task/listen_trc20_job.go:20","msg":"Error 1146: Table 'grabs.wallet_address' doesn't exist"}
{"level":"ERROR","ts":"2023-09-15T16:06:48.014+0800","caller":"task/listen_trc20_job.go:20","msg":"Error 1146: Table 'grabs.wallet_address' doesn't exist"}
{"level":"ERROR","ts":"2023-09-15T16:06:53.005+0800","caller":"task/listen_trc20_job.go:20","msg":"Error 1146: Table 'grabs.wallet_address' doesn't exist"}
{"level":"ERROR","ts":"2023-09-15T16:06:58.008+0800","caller":"task/listen_trc20_job.go:20","msg":"Error 1146: Table 'grabs.wallet_address' doesn't exist"}
{"level":"ERROR","ts":"2023-09-15T16:06:59.903+0800","caller":"telegram/telegram.go:25","msg":"telebot: Post \"https://api.telegram.org/bot/getMe\": dial tcp 128.242.245.180:443: connectex: A connection attempt failed because the connected party did not properly respond after a period of time, or established connection failed because connected host has failed to respond."}
{"level":"ERROR","ts":"2023-09-15T16:07:03.007+0800","caller":"task/listen_trc20_job.go:20","msg":"Error 1146: Table 'grabs.wallet_address' doesn't exist"}
{"level":"ERROR","ts":"2023-09-15T16:07:08.010+0800","caller":"task/listen_trc20_job.go:20","msg":"Error 1146: Table 'grabs.wallet_address' doesn't exist"}
{"level":"ERROR","ts":"2023-09-15T16:07:13.004+0800","caller":"task/listen_trc20_job.go:20","msg":"Error 1146: Table 'grabs.wallet_address' doesn't exist"}
{"level":"ERROR","ts":"2023-09-15T16:07:43.021+0800","caller":"task/usdt_rate_job.go:43","msg":"usdt rate get err:Get \"https://api.coinmarketcap.com/data-api/v3/cryptocurrency/detail/chart?convertId=2787&id=825&range=1H\": context deadline exceeded (Client.Timeout exceeded while awaiting headers)"}
{"level":"DEBUG","ts":"2023-09-15T16:08:21.801+0800","caller":"dao/mdb.go:46","msg":"[store_db] mysql connDB success"}
{"level":"DEBUG","ts":"2023-09-15T16:08:21.803+0800","caller":"dao/rdb.go:39","msg":"[store_redis] redis connRdb success,suc=%sPONG"}
{"level":"INFO","ts":"2023-09-15T16:08:21.805+0800","caller":"log/log.go:162","msg":"Starting processing"}
{"level":"INFO","ts":"2023-09-15T16:08:21.805+0800","caller":"log/log.go:162","msg":"Send signal TERM or INT to terminate the process"}
{"level":"ERROR","ts":"2023-09-15T16:08:42.860+0800","caller":"telegram/telegram.go:25","msg":"telebot: Post \"https://api.telegram.org/bot/getMe\": dial tcp 128.242.245.180:443: connectex: A connection attempt failed because the connected party did not properly respond after a period of time, or established connection failed because connected host has failed to respond."}
{"level":"ERROR","ts":"2023-09-15T16:09:09.240+0800","caller":"log/log.go:176","msg":"Dequeue error: UNKNOWN: redis eval error: i/o timeout"}
{"level":"ERROR","ts":"2023-09-15T16:09:14.015+0800","caller":"log/log.go:176","msg":"Failed to delete expired completed tasks from queue \"low\": INTERNAL_ERROR: redis eval error: i/o timeout"}
{"level":"ERROR","ts":"2023-09-15T16:09:14.094+0800","caller":"log/log.go:176","msg":"Failed to forward scheduled tasks: INTERNAL_ERROR: INTERNAL_ERROR: redis eval error: i/o timeout"}
{"level":"ERROR","ts":"2023-09-15T16:09:14.110+0800","caller":"log/log.go:176","msg":"Failed to write server state data: UNKNOWN: redis command error: SADD failed: i/o timeout"}
{"level":"ERROR","ts":"2023-09-15T16:09:21.484+0800","caller":"log/log.go:176","msg":"Dequeue error: UNKNOWN: redis eval error: i/o timeout"}
{"level":"ERROR","ts":"2023-09-15T16:09:26.019+0800","caller":"task/usdt_rate_job.go:43","msg":"usdt rate get err:Get \"https://api.coinmarketcap.com/data-api/v3/cryptocurrency/detail/chart?convertId=2787&id=825&range=1H\": context deadline exceeded (Client.Timeout exceeded while awaiting headers)"}
{"level":"ERROR","ts":"2023-09-15T16:09:26.238+0800","caller":"log/log.go:176","msg":"Failed to delete expired completed tasks from queue \"critical\": INTERNAL_ERROR: redis eval error: i/o timeout"}
{"level":"ERROR","ts":"2023-09-15T16:09:31.293+0800","caller":"log/log.go:176","msg":"Failed to write server state data: UNKNOWN: redis command error: SADD failed: i/o timeout"}
{"level":"ERROR","ts":"2023-09-15T16:09:31.309+0800","caller":"log/log.go:176","msg":"Failed to forward scheduled tasks: INTERNAL_ERROR: INTERNAL_ERROR: redis eval error: i/o timeout"}
{"level":"ERROR","ts":"2023-09-15T16:09:33.646+0800","caller":"log/log.go:176","msg":"Dequeue error: UNKNOWN: redis eval error: i/o timeout"}
{"level":"WARN","ts":"2023-09-15T16:09:34.055+0800","caller":"log/log.go:169","msg":"recoverer: could not list lease expired tasks: INTERNAL_ERROR: redis eval error: i/o timeout"}
{"level":"ERROR","ts":"2023-09-15T16:09:38.524+0800","caller":"log/log.go:176","msg":"Failed to delete expired completed tasks from queue \"default\": INTERNAL_ERROR: redis eval error: i/o timeout"}
{"level":"ERROR","ts":"2023-09-15T16:09:45.834+0800","caller":"log/log.go:176","msg":"Dequeue error: UNKNOWN: redis eval error: i/o timeout"}
{"level":"WARN","ts":"2023-09-15T16:09:46.275+0800","caller":"log/log.go:169","msg":"recoverer: could not reclaim stale aggregation sets in queue \"low\": INTERNAL_ERROR: redis eval error: i/o timeout"}
{"level":"ERROR","ts":"2023-09-15T16:09:48.547+0800","caller":"log/log.go:176","msg":"Failed to write server state data: UNKNOWN: redis command error: SADD failed: i/o timeout"}
{"level":"ERROR","ts":"2023-09-15T16:09:48.594+0800","caller":"log/log.go:176","msg":"Failed to forward scheduled tasks: INTERNAL_ERROR: INTERNAL_ERROR: redis eval error: i/o timeout"}
{"level":"ERROR","ts":"2023-09-15T16:09:58.054+0800","caller":"log/log.go:176","msg":"Dequeue error: UNKNOWN: redis eval error: i/o timeout"}
{"level":"WARN","ts":"2023-09-15T16:09:58.475+0800","caller":"log/log.go:169","msg":"recoverer: could not reclaim stale aggregation sets in queue \"critical\": INTERNAL_ERROR: redis eval error: i/o timeout"}
{"level":"ERROR","ts":"2023-09-15T16:09:58.770+0800","caller":"log/log.go:176","msg":"Failed to delete expired completed tasks from queue \"low\": INTERNAL_ERROR: redis eval error: i/o timeout"}
{"level":"ERROR","ts":"2023-09-15T16:10:05.880+0800","caller":"log/log.go:176","msg":"Failed to write server state data: UNKNOWN: redis command error: SADD failed: i/o timeout"}
{"level":"ERROR","ts":"2023-09-15T16:10:05.880+0800","caller":"log/log.go:176","msg":"Failed to forward scheduled tasks: INTERNAL_ERROR: INTERNAL_ERROR: redis eval error: i/o timeout"}
{"level":"ERROR","ts":"2023-09-15T16:10:10.293+0800","caller":"log/log.go:176","msg":"Dequeue error: UNKNOWN: redis eval error: i/o timeout"}
{"level":"WARN","ts":"2023-09-15T16:10:10.718+0800","caller":"log/log.go:169","msg":"recoverer: could not reclaim stale aggregation sets in queue \"default\": INTERNAL_ERROR: redis eval error: i/o timeout"}
{"level":"ERROR","ts":"2023-09-15T16:10:11.014+0800","caller":"log/log.go:176","msg":"Failed to delete expired completed tasks from queue \"critical\": INTERNAL_ERROR: redis eval error: i/o timeout"}
{"level":"ERROR","ts":"2023-09-15T16:10:22.503+0800","caller":"log/log.go:176","msg":"Dequeue error: UNKNOWN: redis eval error: i/o timeout"}
{"level":"ERROR","ts":"2023-09-15T16:10:23.103+0800","caller":"log/log.go:176","msg":"Failed to forward scheduled tasks: INTERNAL_ERROR: INTERNAL_ERROR: redis eval error: i/o timeout"}
{"level":"ERROR","ts":"2023-09-15T16:10:23.135+0800","caller":"log/log.go:176","msg":"Failed to write server state data: UNKNOWN: redis command error: SADD failed: i/o timeout"}
{"level":"ERROR","ts":"2023-09-15T16:10:23.230+0800","caller":"log/log.go:176","msg":"Failed to delete expired completed tasks from queue \"default\": INTERNAL_ERROR: redis eval error: i/o timeout"}
{"level":"ERROR","ts":"2023-09-15T16:10:26.021+0800","caller":"task/usdt_rate_job.go:43","msg":"usdt rate get err:Get \"https://api.coinmarketcap.com/data-api/v3/cryptocurrency/detail/chart?convertId=2787&id=825&range=1H\": context deadline exceeded (Client.Timeout exceeded while awaiting headers)"}
{"level":"ERROR","ts":"2023-09-15T16:10:34.741+0800","caller":"log/log.go:176","msg":"Dequeue error: UNKNOWN: redis eval error: i/o timeout"}
{"level":"ERROR","ts":"2023-09-15T16:10:40.338+0800","caller":"log/log.go:176","msg":"Failed to forward scheduled tasks: INTERNAL_ERROR: INTERNAL_ERROR: redis eval error: i/o timeout"}
{"level":"ERROR","ts":"2023-09-15T16:10:40.370+0800","caller":"log/log.go:176","msg":"Failed to write server state data: UNKNOWN: redis command error: SADD failed: i/o timeout"}
{"level":"ERROR","ts":"2023-09-15T16:10:43.471+0800","caller":"log/log.go:176","msg":"Failed to delete expired completed tasks from queue \"low\": INTERNAL_ERROR: redis eval error: i/o timeout"}
{"level":"ERROR","ts":"2023-09-15T16:10:46.957+0800","caller":"log/log.go:176","msg":"Dequeue error: UNKNOWN: redis eval error: i/o timeout"}
{"level":"ERROR","ts":"2023-09-15T16:10:55.774+0800","caller":"log/log.go:176","msg":"Failed to delete expired completed tasks from queue \"critical\": INTERNAL_ERROR: redis eval error: i/o timeout"}
{"level":"ERROR","ts":"2023-09-15T16:10:57.608+0800","caller":"log/log.go:176","msg":"Failed to forward scheduled tasks: INTERNAL_ERROR: INTERNAL_ERROR: redis eval error: i/o timeout"}
{"level":"ERROR","ts":"2023-09-15T16:10:57.639+0800","caller":"log/log.go:176","msg":"Failed to write server state data: UNKNOWN: redis command error: SADD failed: i/o timeout"}
{"level":"ERROR","ts":"2023-09-15T16:10:59.200+0800","caller":"log/log.go:176","msg":"Dequeue error: UNKNOWN: redis eval error: i/o timeout"}
{"level":"ERROR","ts":"2023-09-15T16:11:08.053+0800","caller":"log/log.go:176","msg":"Failed to delete expired completed tasks from queue \"default\": INTERNAL_ERROR: redis eval error: i/o timeout"}
{"level":"ERROR","ts":"2023-09-15T16:11:11.441+0800","caller":"log/log.go:176","msg":"Dequeue error: UNKNOWN: redis eval error: i/o timeout"}
{"level":"ERROR","ts":"2023-09-15T16:11:14.812+0800","caller":"log/log.go:176","msg":"Failed to write server state data: UNKNOWN: redis command error: SADD failed: i/o timeout"}
{"level":"ERROR","ts":"2023-09-15T16:11:14.828+0800","caller":"log/log.go:176","msg":"Failed to forward scheduled tasks: INTERNAL_ERROR: INTERNAL_ERROR: redis eval error: i/o timeout"}
{"level":"WARN","ts":"2023-09-15T16:11:22.959+0800","caller":"log/log.go:169","msg":"recoverer: could not list lease expired tasks: INTERNAL_ERROR: redis eval error: i/o timeout"}
{"level":"ERROR","ts":"2023-09-15T16:11:23.662+0800","caller":"log/log.go:176","msg":"Dequeue error: UNKNOWN: redis eval error: i/o timeout"}
{"level":"ERROR","ts":"2023-09-15T16:11:26.010+0800","caller":"task/usdt_rate_job.go:43","msg":"usdt rate get err:Get \"https://api.coinmarketcap.com/data-api/v3/cryptocurrency/detail/chart?convertId=2787&id=825&range=1H\": context deadline exceeded (Client.Timeout exceeded while awaiting headers)"}
{"level":"ERROR","ts":"2023-09-15T16:11:28.319+0800","caller":"log/log.go:176","msg":"Failed to delete expired completed tasks from queue \"low\": INTERNAL_ERROR: redis eval error: i/o timeout"}
{"level":"ERROR","ts":"2023-09-15T16:11:32.020+0800","caller":"log/log.go:176","msg":"Failed to write server state data: UNKNOWN: redis command error: SADD failed: i/o timeout"}
{"level":"ERROR","ts":"2023-09-15T16:11:32.035+0800","caller":"log/log.go:176","msg":"Failed to forward scheduled tasks: INTERNAL_ERROR: INTERNAL_ERROR: redis eval error: i/o timeout"}
{"level":"WARN","ts":"2023-09-15T16:11:35.150+0800","caller":"log/log.go:169","msg":"recoverer: could not reclaim stale aggregation sets in queue \"low\": INTERNAL_ERROR: redis eval error: i/o timeout"}
{"level":"ERROR","ts":"2023-09-15T16:11:35.894+0800","caller":"log/log.go:176","msg":"Dequeue error: UNKNOWN: redis eval error: i/o timeout"}
{"level":"ERROR","ts":"2023-09-15T16:11:40.588+0800","caller":"log/log.go:176","msg":"Failed to delete expired completed tasks from queue \"critical\": INTERNAL_ERROR: redis eval error: i/o timeout"}
{"level":"WARN","ts":"2023-09-15T16:11:46.369+0800","caller":"log/log.go:169","msg":"recoverer: could not reclaim stale aggregation sets in queue \"critical\": INTERNAL_ERROR: redis eval error: dial tcp 127.0.0.1:6379: connectex: No connection could be made because the target machine actively refused it."}
{"level":"ERROR","ts":"2023-09-15T16:11:47.111+0800","caller":"log/log.go:176","msg":"Dequeue error: UNKNOWN: redis eval error: dial tcp 127.0.0.1:6379: connectex: No connection could be made because the target machine actively refused it."}
{"level":"ERROR","ts":"2023-09-15T16:11:47.270+0800","caller":"log/log.go:176","msg":"Failed to write server state data: UNKNOWN: redis command error: SADD failed: dial tcp 127.0.0.1:6379: connectex: No connection could be made because the target machine actively refused it."}
{"level":"ERROR","ts":"2023-09-15T16:11:48.272+0800","caller":"log/log.go:176","msg":"Failed to forward scheduled tasks: INTERNAL_ERROR: INTERNAL_ERROR: redis eval error: dial tcp 127.0.0.1:6379: connectex: No connection could be made because the target machine actively refused it."}
{"level":"ERROR","ts":"2023-09-15T16:11:49.812+0800","caller":"log/log.go:176","msg":"Failed to delete expired completed tasks from queue \"default\": INTERNAL_ERROR: redis eval error: dial tcp 127.0.0.1:6379: connectex: No connection could be made because the target machine actively refused it."}
{"level":"WARN","ts":"2023-09-15T16:11:54.524+0800","caller":"log/log.go:169","msg":"recoverer: could not reclaim stale aggregation sets in queue \"default\": INTERNAL_ERROR: redis eval error: dial tcp 127.0.0.1:6379: connectex: No connection could be made because the target machine actively refused it."}
{"level":"ERROR","ts":"2023-09-15T16:11:55.359+0800","caller":"log/log.go:176","msg":"Dequeue error: UNKNOWN: redis eval error: dial tcp 127.0.0.1:6379: connectex: No connection could be made because the target machine actively refused it."}
{"level":"ERROR","ts":"2023-09-15T16:12:00.474+0800","caller":"log/log.go:176","msg":"Failed to write server state data: UNKNOWN: redis command error: SADD failed: dial tcp 127.0.0.1:6379: connectex: No connection could be made because the target machine actively refused it."}
{"level":"ERROR","ts":"2023-09-15T16:12:01.513+0800","caller":"log/log.go:176","msg":"Failed to forward scheduled tasks: INTERNAL_ERROR: INTERNAL_ERROR: redis eval error: dial tcp 127.0.0.1:6379: connectex: No connection could be made because the target machine actively refused it."}
{"level":"ERROR","ts":"2023-09-15T16:12:03.548+0800","caller":"log/log.go:176","msg":"Dequeue error: UNKNOWN: redis eval error: dial tcp 127.0.0.1:6379: connectex: No connection could be made because the target machine actively refused it."}
{"level":"ERROR","ts":"2023-09-15T16:12:06.044+0800","caller":"log/log.go:176","msg":"Failed to delete expired completed tasks from queue \"low\": INTERNAL_ERROR: redis eval error: dial tcp 127.0.0.1:6379: connectex: No connection could be made because the target machine actively refused it."}
{"level":"DEBUG","ts":"2023-09-15T16:12:16.142+0800","caller":"dao/mdb.go:46","msg":"[store_db] mysql connDB success"}
{"level":"DEBUG","ts":"2023-09-15T16:12:44.878+0800","caller":"dao/mdb.go:46","msg":"[store_db] mysql connDB success"}
{"level":"DEBUG","ts":"2023-09-15T16:13:12.067+0800","caller":"dao/mdb.go:46","msg":"[store_db] mysql connDB success"}
{"level":"DEBUG","ts":"2023-09-15T16:13:12.070+0800","caller":"dao/rdb.go:39","msg":"[store_redis] redis connRdb success,suc=%sPONG"}
{"level":"INFO","ts":"2023-09-15T16:13:12.071+0800","caller":"log/log.go:162","msg":"Starting processing"}
{"level":"INFO","ts":"2023-09-15T16:13:12.072+0800","caller":"log/log.go:162","msg":"Send signal TERM or INT to terminate the process"}
{"level":"ERROR","ts":"2023-09-15T16:13:33.142+0800","caller":"telegram/telegram.go:25","msg":"telebot: Post \"https://api.telegram.org/bot/getMe\": dial tcp 128.242.245.180:443: connectex: A connection attempt failed because the connected party did not properly respond after a period of time, or established connection failed because connected host has failed to respond."}
{"level":"ERROR","ts":"2023-09-15T16:14:17.023+0800","caller":"task/usdt_rate_job.go:43","msg":"usdt rate get err:Get \"https://api.coinmarketcap.com/data-api/v3/cryptocurrency/detail/chart?convertId=2787&id=825&range=1H\": context deadline exceeded (Client.Timeout exceeded while awaiting headers)"}
{"level":"ERROR","ts":"2023-09-15T16:15:17.025+0800","caller":"task/usdt_rate_job.go:43","msg":"usdt rate get err:Get \"https://api.coinmarketcap.com/data-api/v3/cryptocurrency/detail/chart?convertId=2787&id=825&range=1H\": context deadline exceeded (Client.Timeout exceeded while awaiting headers)"}
{"level":"ERROR","ts":"2023-09-15T16:16:17.011+0800","caller":"task/usdt_rate_job.go:43","msg":"usdt rate get err:Get \"https://api.coinmarketcap.com/data-api/v3/cryptocurrency/detail/chart?convertId=2787&id=825&range=1H\": context deadline exceeded (Client.Timeout exceeded while awaiting headers)"}
{"level":"ERROR","ts":"2023-09-15T16:17:17.013+0800","caller":"task/usdt_rate_job.go:43","msg":"usdt rate get err:Get \"https://api.coinmarketcap.com/data-api/v3/cryptocurrency/detail/chart?convertId=2787&id=825&range=1H\": context deadline exceeded (Client.Timeout exceeded while awaiting headers)"}
{"level":"ERROR","ts":"2023-09-15T16:18:17.008+0800","caller":"task/usdt_rate_job.go:43","msg":"usdt rate get err:Get \"https://api.coinmarketcap.com/data-api/v3/cryptocurrency/detail/chart?convertId=2787&id=825&range=1H\": context deadline exceeded (Client.Timeout exceeded while awaiting headers)"}
{"level":"ERROR","ts":"2023-09-15T16:19:17.014+0800","caller":"task/usdt_rate_job.go:43","msg":"usdt rate get err:Get \"https://api.coinmarketcap.com/data-api/v3/cryptocurrency/detail/chart?convertId=2787&id=825&range=1H\": context deadline exceeded (Client.Timeout exceeded while awaiting headers)"}
{"level":"ERROR","ts":"2023-09-15T16:20:17.020+0800","caller":"task/usdt_rate_job.go:43","msg":"usdt rate get err:Get \"https://api.coinmarketcap.com/data-api/v3/cryptocurrency/detail/chart?convertId=2787&id=825&range=1H\": context deadline exceeded (Client.Timeout exceeded while awaiting headers)"}
{"level":"ERROR","ts":"2023-09-15T16:21:17.017+0800","caller":"task/usdt_rate_job.go:43","msg":"usdt rate get err:Get \"https://api.coinmarketcap.com/data-api/v3/cryptocurrency/detail/chart?convertId=2787&id=825&range=1H\": context deadline exceeded (Client.Timeout exceeded while awaiting headers)"}
{"level":"ERROR","ts":"2023-09-15T16:22:17.021+0800","caller":"task/usdt_rate_job.go:43","msg":"usdt rate get err:Get \"https://api.coinmarketcap.com/data-api/v3/cryptocurrency/detail/chart?convertId=2787&id=825&range=1H\": context deadline exceeded (Client.Timeout exceeded while awaiting headers)"}
{"level":"ERROR","ts":"2023-09-15T16:23:17.006+0800","caller":"task/usdt_rate_job.go:43","msg":"usdt rate get err:Get \"https://api.coinmarketcap.com/data-api/v3/cryptocurrency/detail/chart?convertId=2787&id=825&range=1H\": context deadline exceeded (Client.Timeout exceeded while awaiting headers)"}
{"level":"ERROR","ts":"2023-09-15T16:23:17.336+0800","caller":"log/log.go:176","msg":"Dequeue error: UNKNOWN: redis eval error: i/o timeout"}
{"level":"ERROR","ts":"2023-09-15T16:23:20.340+0800","caller":"log/log.go:176","msg":"Failed to write server state data: UNKNOWN: redis command error: SADD failed: i/o timeout"}
{"level":"ERROR","ts":"2023-09-15T16:23:20.387+0800","caller":"log/log.go:176","msg":"Failed to forward scheduled tasks: INTERNAL_ERROR: INTERNAL_ERROR: redis eval error: i/o timeout"}
{"level":"WARN","ts":"2023-09-15T16:23:24.369+0800","caller":"log/log.go:169","msg":"recoverer: could not list lease expired tasks: INTERNAL_ERROR: redis eval error: i/o timeout"}
{"level":"ERROR","ts":"2023-09-15T16:23:24.952+0800","caller":"log/log.go:176","msg":"Failed to delete expired completed tasks from queue \"critical\": INTERNAL_ERROR: redis eval error: i/o timeout"}
{"level":"ERROR","ts":"2023-09-15T16:23:29.565+0800","caller":"log/log.go:176","msg":"Dequeue error: UNKNOWN: redis eval error: i/o timeout"}
{"level":"DEBUG","ts":"2023-09-15T18:27:53.191+0800","caller":"dao/mdb.go:46","msg":"[store_db] mysql connDB success"}
{"level":"DEBUG","ts":"2023-09-15T18:28:23.328+0800","caller":"dao/mdb.go:46","msg":"[store_db] mysql connDB success"}
{"level":"DEBUG","ts":"2023-09-15T18:28:23.330+0800","caller":"dao/rdb.go:39","msg":"[store_redis] redis connRdb success,suc=%sPONG"}
{"level":"INFO","ts":"2023-09-15T18:28:23.330+0800","caller":"log/log.go:162","msg":"Starting processing"}
{"level":"INFO","ts":"2023-09-15T18:28:23.331+0800","caller":"log/log.go:162","msg":"Send signal TERM or INT to terminate the process"}
{"level":"ERROR","ts":"2023-09-15T18:28:44.389+0800","caller":"telegram/telegram.go:25","msg":"telebot: Post \"https://api.telegram.org/bot/getMe\": dial tcp 108.160.172.200:443: connectex: A connection attempt failed because the connected party did not properly respond after a period of time, or established connection failed because connected host has failed to respond."}
{"level":"ERROR","ts":"2023-09-15T18:29:28.012+0800","caller":"task/usdt_rate_job.go:43","msg":"usdt rate get err:Get \"https://api.coinmarketcap.com/data-api/v3/cryptocurrency/detail/chart?convertId=2787&id=825&range=1H\": context deadline exceeded (Client.Timeout exceeded while awaiting headers)"}
{"level":"ERROR","ts":"2023-09-15T18:30:28.019+0800","caller":"task/usdt_rate_job.go:43","msg":"usdt rate get err:Get \"https://api.coinmarketcap.com/data-api/v3/cryptocurrency/detail/chart?convertId=2787&id=825&range=1H\": context deadline exceeded (Client.Timeout exceeded while awaiting headers)"}
{"level":"ERROR","ts":"2023-09-15T18:31:28.015+0800","caller":"task/usdt_rate_job.go:43","msg":"usdt rate get err:Get \"https://api.coinmarketcap.com/data-api/v3/cryptocurrency/detail/chart?convertId=2787&id=825&range=1H\": context deadline exceeded (Client.Timeout exceeded while awaiting headers)"}
{"level":"ERROR","ts":"2023-09-15T18:32:28.013+0800","caller":"task/usdt_rate_job.go:43","msg":"usdt rate get err:Get \"https://api.coinmarketcap.com/data-api/v3/cryptocurrency/detail/chart?convertId=2787&id=825&range=1H\": context deadline exceeded (Client.Timeout exceeded while awaiting headers)"}
{"level":"DEBUG","ts":"2023-09-15T18:33:30.009+0800","caller":"dao/mdb.go:46","msg":"[store_db] mysql connDB success"}
{"level":"DEBUG","ts":"2023-09-15T18:33:30.011+0800","caller":"dao/rdb.go:39","msg":"[store_redis] redis connRdb success,suc=%sPONG"}
{"level":"INFO","ts":"2023-09-15T18:33:30.011+0800","caller":"log/log.go:162","msg":"Starting processing"}
{"level":"INFO","ts":"2023-09-15T18:33:30.011+0800","caller":"log/log.go:162","msg":"Send signal TERM or INT to terminate the process"}
{"level":"ERROR","ts":"2023-09-15T18:33:51.049+0800","caller":"telegram/telegram.go:25","msg":"telebot: Post \"https://api.telegram.org/bot/getMe\": dial tcp 108.160.172.200:443: connectex: A connection attempt failed because the connected party did not properly respond after a period of time, or established connection failed because connected host has failed to respond."}
