{"level":"DEBUG","ts":"2023-09-27T10:20:30.078+0800","caller":"dao/mdb.go:46","msg":"[store_db] mysql connDB success"}
{"level":"DEBUG","ts":"2023-09-27T10:20:30.081+0800","caller":"dao/rdb.go:39","msg":"[store_redis] redis connRdb success,suc=%sPONG"}
{"level":"INFO","ts":"2023-09-27T10:20:30.081+0800","caller":"log/log.go:162","msg":"Starting processing"}
{"level":"INFO","ts":"2023-09-27T10:20:30.081+0800","caller":"log/log.go:162","msg":"Send signal TERM or INT to terminate the process"}
{"level":"DEBUG","ts":"2023-09-27T10:21:54.195+0800","caller":"dao/mdb.go:46","msg":"[store_db] mysql connDB success"}
{"level":"DEBUG","ts":"2023-09-27T10:21:54.197+0800","caller":"dao/rdb.go:39","msg":"[store_redis] redis connRdb success,suc=%sPONG"}
{"level":"INFO","ts":"2023-09-27T10:21:54.198+0800","caller":"log/log.go:162","msg":"Starting processing"}
{"level":"INFO","ts":"2023-09-27T10:21:54.198+0800","caller":"log/log.go:162","msg":"Send signal TERM or INT to terminate the process"}
{"level":"DEBUG","ts":"2023-09-27T10:24:31.732+0800","caller":"dao/mdb.go:46","msg":"[store_db] mysql connDB success"}
{"level":"DEBUG","ts":"2023-09-27T10:24:31.733+0800","caller":"dao/rdb.go:39","msg":"[store_redis] redis connRdb success,suc=%sPONG"}
{"level":"INFO","ts":"2023-09-27T10:24:31.734+0800","caller":"log/log.go:162","msg":"Starting processing"}
{"level":"INFO","ts":"2023-09-27T10:24:31.734+0800","caller":"log/log.go:162","msg":"Send signal TERM or INT to terminate the process"}
{"level":"DEBUG","ts":"2023-09-27T10:25:27.086+0800","caller":"dao/mdb.go:46","msg":"[store_db] mysql connDB success"}
{"level":"DEBUG","ts":"2023-09-27T10:25:27.088+0800","caller":"dao/rdb.go:39","msg":"[store_redis] redis connRdb success,suc=%sPONG"}
{"level":"INFO","ts":"2023-09-27T10:25:27.088+0800","caller":"log/log.go:162","msg":"Starting processing"}
{"level":"INFO","ts":"2023-09-27T10:25:27.088+0800","caller":"log/log.go:162","msg":"Send signal TERM or INT to terminate the process"}
{"level":"DEBUG","ts":"2023-09-27T10:28:22.883+0800","caller":"dao/mdb.go:46","msg":"[store_db] mysql connDB success"}
{"level":"DEBUG","ts":"2023-09-27T10:28:22.884+0800","caller":"dao/rdb.go:39","msg":"[store_redis] redis connRdb success,suc=%sPONG"}
{"level":"INFO","ts":"2023-09-27T10:28:22.885+0800","caller":"log/log.go:162","msg":"Starting processing"}
{"level":"INFO","ts":"2023-09-27T10:28:22.885+0800","caller":"log/log.go:162","msg":"Send signal TERM or INT to terminate the process"}
{"level":"DEBUG","ts":"2023-09-27T10:35:59.428+0800","caller":"dao/mdb.go:46","msg":"[store_db] mysql connDB success"}
{"level":"DEBUG","ts":"2023-09-27T10:35:59.430+0800","caller":"dao/rdb.go:39","msg":"[store_redis] redis connRdb success,suc=%sPONG"}
{"level":"INFO","ts":"2023-09-27T10:35:59.430+0800","caller":"log/log.go:162","msg":"Starting processing"}
{"level":"INFO","ts":"2023-09-27T10:35:59.430+0800","caller":"log/log.go:162","msg":"Send signal TERM or INT to terminate the process"}
{"level":"DEBUG","ts":"2023-09-27T10:37:34.750+0800","caller":"dao/mdb.go:46","msg":"[store_db] mysql connDB success"}
{"level":"DEBUG","ts":"2023-09-27T10:37:34.753+0800","caller":"dao/rdb.go:39","msg":"[store_redis] redis connRdb success,suc=%sPONG"}
{"level":"INFO","ts":"2023-09-27T10:37:34.753+0800","caller":"log/log.go:162","msg":"Starting processing"}
{"level":"INFO","ts":"2023-09-27T10:37:34.754+0800","caller":"log/log.go:162","msg":"Send signal TERM or INT to terminate the process"}
{"level":"DEBUG","ts":"2023-09-27T10:39:35.908+0800","caller":"dao/mdb.go:46","msg":"[store_db] mysql connDB success"}
{"level":"DEBUG","ts":"2023-09-27T10:39:35.910+0800","caller":"dao/rdb.go:39","msg":"[store_redis] redis connRdb success,suc=%sPONG"}
{"level":"INFO","ts":"2023-09-27T10:39:35.911+0800","caller":"log/log.go:162","msg":"Starting processing"}
{"level":"INFO","ts":"2023-09-27T10:39:35.911+0800","caller":"log/log.go:162","msg":"Send signal TERM or INT to terminate the process"}
{"level":"DEBUG","ts":"2023-09-27T10:40:13.603+0800","caller":"dao/mdb.go:46","msg":"[store_db] mysql connDB success"}
{"level":"DEBUG","ts":"2023-09-27T10:40:13.605+0800","caller":"dao/rdb.go:39","msg":"[store_redis] redis connRdb success,suc=%sPONG"}
{"level":"INFO","ts":"2023-09-27T10:40:13.606+0800","caller":"log/log.go:162","msg":"Starting processing"}
{"level":"INFO","ts":"2023-09-27T10:40:13.606+0800","caller":"log/log.go:162","msg":"Send signal TERM or INT to terminate the process"}
{"level":"DEBUG","ts":"2023-09-27T10:41:29.742+0800","caller":"dao/mdb.go:46","msg":"[store_db] mysql connDB success"}
{"level":"DEBUG","ts":"2023-09-27T10:41:29.744+0800","caller":"dao/rdb.go:39","msg":"[store_redis] redis connRdb success,suc=%sPONG"}
{"level":"INFO","ts":"2023-09-27T10:41:29.744+0800","caller":"log/log.go:162","msg":"Starting processing"}
{"level":"INFO","ts":"2023-09-27T10:41:29.744+0800","caller":"log/log.go:162","msg":"Send signal TERM or INT to terminate the process"}
{"level":"DEBUG","ts":"2023-09-27T12:53:33.155+0800","caller":"dao/mdb.go:46","msg":"[store_db] mysql connDB success"}
{"level":"DEBUG","ts":"2023-09-27T12:53:33.156+0800","caller":"dao/rdb.go:39","msg":"[store_redis] redis connRdb success,suc=%sPONG"}
{"level":"INFO","ts":"2023-09-27T12:53:33.157+0800","caller":"log/log.go:162","msg":"Starting processing"}
{"level":"INFO","ts":"2023-09-27T12:53:33.157+0800","caller":"log/log.go:162","msg":"Send signal TERM or INT to terminate the process"}
{"level":"DEBUG","ts":"2023-09-27T13:02:03.539+0800","caller":"dao/mdb.go:46","msg":"[store_db] mysql connDB success"}
{"level":"DEBUG","ts":"2023-09-27T13:02:03.540+0800","caller":"dao/rdb.go:39","msg":"[store_redis] redis connRdb success,suc=%sPONG"}
{"level":"INFO","ts":"2023-09-27T13:02:03.540+0800","caller":"log/log.go:162","msg":"Starting processing"}
{"level":"INFO","ts":"2023-09-27T13:02:03.541+0800","caller":"log/log.go:162","msg":"Send signal TERM or INT to terminate the process"}
{"level":"DEBUG","ts":"2023-09-27T13:03:26.553+0800","caller":"dao/mdb.go:46","msg":"[store_db] mysql connDB success"}
{"level":"DEBUG","ts":"2023-09-27T13:03:26.555+0800","caller":"dao/rdb.go:39","msg":"[store_redis] redis connRdb success,suc=%sPONG"}
{"level":"INFO","ts":"2023-09-27T13:03:26.556+0800","caller":"log/log.go:162","msg":"Starting processing"}
{"level":"INFO","ts":"2023-09-27T13:03:26.556+0800","caller":"log/log.go:162","msg":"Send signal TERM or INT to terminate the process"}
{"level":"DEBUG","ts":"2023-09-27T13:04:38.057+0800","caller":"dao/mdb.go:46","msg":"[store_db] mysql connDB success"}
{"level":"DEBUG","ts":"2023-09-27T13:04:38.058+0800","caller":"dao/rdb.go:39","msg":"[store_redis] redis connRdb success,suc=%sPONG"}
{"level":"INFO","ts":"2023-09-27T13:04:38.059+0800","caller":"log/log.go:162","msg":"Starting processing"}
{"level":"INFO","ts":"2023-09-27T13:04:38.059+0800","caller":"log/log.go:162","msg":"Send signal TERM or INT to terminate the process"}
{"level":"DEBUG","ts":"2023-09-27T13:07:36.144+0800","caller":"dao/mdb.go:46","msg":"[store_db] mysql connDB success"}
{"level":"DEBUG","ts":"2023-09-27T13:07:36.146+0800","caller":"dao/rdb.go:39","msg":"[store_redis] redis connRdb success,suc=%sPONG"}
{"level":"INFO","ts":"2023-09-27T13:07:36.147+0800","caller":"log/log.go:162","msg":"Starting processing"}
{"level":"INFO","ts":"2023-09-27T13:07:36.147+0800","caller":"log/log.go:162","msg":"Send signal TERM or INT to terminate the process"}
{"level":"DEBUG","ts":"2023-09-27T13:13:19.730+0800","caller":"dao/mdb.go:46","msg":"[store_db] mysql connDB success"}
{"level":"DEBUG","ts":"2023-09-27T13:13:19.732+0800","caller":"dao/rdb.go:39","msg":"[store_redis] redis connRdb success,suc=%sPONG"}
{"level":"INFO","ts":"2023-09-27T13:13:19.732+0800","caller":"log/log.go:162","msg":"Starting processing"}
{"level":"INFO","ts":"2023-09-27T13:13:19.732+0800","caller":"log/log.go:162","msg":"Send signal TERM or INT to terminate the process"}
{"level":"DEBUG","ts":"2023-09-27T13:29:58.772+0800","caller":"dao/mdb.go:46","msg":"[store_db] mysql connDB success"}
{"level":"DEBUG","ts":"2023-09-27T13:29:58.773+0800","caller":"dao/rdb.go:39","msg":"[store_redis] redis connRdb success,suc=%sPONG"}
{"level":"INFO","ts":"2023-09-27T13:29:58.774+0800","caller":"log/log.go:162","msg":"Starting processing"}
{"level":"INFO","ts":"2023-09-27T13:29:58.774+0800","caller":"log/log.go:162","msg":"Send signal TERM or INT to terminate the process"}
{"level":"DEBUG","ts":"2023-09-27T13:30:36.220+0800","caller":"dao/mdb.go:46","msg":"[store_db] mysql connDB success"}
{"level":"DEBUG","ts":"2023-09-27T13:30:36.222+0800","caller":"dao/rdb.go:39","msg":"[store_redis] redis connRdb success,suc=%sPONG"}
{"level":"INFO","ts":"2023-09-27T13:30:36.223+0800","caller":"log/log.go:162","msg":"Starting processing"}
{"level":"INFO","ts":"2023-09-27T13:30:36.223+0800","caller":"log/log.go:162","msg":"Send signal TERM or INT to terminate the process"}
{"level":"DEBUG","ts":"2023-09-27T13:31:07.666+0800","caller":"dao/mdb.go:46","msg":"[store_db] mysql connDB success"}
{"level":"DEBUG","ts":"2023-09-27T13:31:07.667+0800","caller":"dao/rdb.go:39","msg":"[store_redis] redis connRdb success,suc=%sPONG"}
{"level":"INFO","ts":"2023-09-27T13:31:07.668+0800","caller":"log/log.go:162","msg":"Starting processing"}
{"level":"INFO","ts":"2023-09-27T13:31:07.668+0800","caller":"log/log.go:162","msg":"Send signal TERM or INT to terminate the process"}
{"level":"DEBUG","ts":"2023-09-27T13:36:18.329+0800","caller":"dao/mdb.go:46","msg":"[store_db] mysql connDB success"}
{"level":"DEBUG","ts":"2023-09-27T13:36:18.330+0800","caller":"dao/rdb.go:39","msg":"[store_redis] redis connRdb success,suc=%sPONG"}
{"level":"INFO","ts":"2023-09-27T13:36:18.331+0800","caller":"log/log.go:162","msg":"Starting processing"}
{"level":"INFO","ts":"2023-09-27T13:36:18.331+0800","caller":"log/log.go:162","msg":"Send signal TERM or INT to terminate the process"}
{"level":"DEBUG","ts":"2023-09-27T13:47:39.593+0800","caller":"dao/mdb.go:46","msg":"[store_db] mysql connDB success"}
{"level":"DEBUG","ts":"2023-09-27T13:47:39.595+0800","caller":"dao/rdb.go:39","msg":"[store_redis] redis connRdb success,suc=%sPONG"}
{"level":"INFO","ts":"2023-09-27T13:47:39.596+0800","caller":"log/log.go:162","msg":"Starting processing"}
{"level":"INFO","ts":"2023-09-27T13:47:39.596+0800","caller":"log/log.go:162","msg":"Send signal TERM or INT to terminate the process"}
{"level":"DEBUG","ts":"2023-09-27T13:48:46.290+0800","caller":"dao/mdb.go:46","msg":"[store_db] mysql connDB success"}
{"level":"DEBUG","ts":"2023-09-27T13:48:46.291+0800","caller":"dao/rdb.go:39","msg":"[store_redis] redis connRdb success,suc=%sPONG"}
{"level":"INFO","ts":"2023-09-27T13:48:46.292+0800","caller":"log/log.go:162","msg":"Starting processing"}
{"level":"INFO","ts":"2023-09-27T13:48:46.292+0800","caller":"log/log.go:162","msg":"Send signal TERM or INT to terminate the process"}
{"level":"ERROR","ts":"2023-09-27T13:50:43.674+0800","caller":"log/log.go:176","msg":"Failed to forward scheduled tasks: INTERNAL_ERROR: INTERNAL_ERROR: redis eval error: i/o timeout"}
{"level":"ERROR","ts":"2023-09-27T13:50:44.572+0800","caller":"log/log.go:176","msg":"Dequeue error: UNKNOWN: redis eval error: i/o timeout"}
{"level":"ERROR","ts":"2023-09-27T13:50:48.663+0800","caller":"log/log.go:176","msg":"Failed to write server state data: UNKNOWN: redis command error: SADD failed: i/o timeout"}
{"level":"ERROR","ts":"2023-09-27T13:50:50.623+0800","caller":"log/log.go:176","msg":"Failed to delete expired completed tasks from queue \"default\": INTERNAL_ERROR: redis eval error: i/o timeout"}
{"level":"ERROR","ts":"2023-09-27T13:50:56.795+0800","caller":"log/log.go:176","msg":"Dequeue error: UNKNOWN: redis eval error: i/o timeout"}
{"level":"WARN","ts":"2023-09-27T13:50:58.562+0800","caller":"log/log.go:169","msg":"recoverer: could not list lease expired tasks: INTERNAL_ERROR: redis eval error: i/o timeout"}
{"level":"ERROR","ts":"2023-09-27T13:51:00.912+0800","caller":"log/log.go:176","msg":"Failed to forward scheduled tasks: INTERNAL_ERROR: INTERNAL_ERROR: redis eval error: i/o timeout"}
{"level":"ERROR","ts":"2023-09-27T13:51:02.843+0800","caller":"log/log.go:176","msg":"Failed to delete expired completed tasks from queue \"low\": INTERNAL_ERROR: redis eval error: i/o timeout"}
{"level":"ERROR","ts":"2023-09-27T13:51:05.880+0800","caller":"log/log.go:176","msg":"Failed to write server state data: UNKNOWN: redis command error: SADD failed: i/o timeout"}
{"level":"ERROR","ts":"2023-09-27T13:51:09.038+0800","caller":"log/log.go:176","msg":"Dequeue error: UNKNOWN: redis eval error: i/o timeout"}
{"level":"WARN","ts":"2023-09-27T13:51:10.837+0800","caller":"log/log.go:169","msg":"recoverer: could not reclaim stale aggregation sets in queue \"default\": INTERNAL_ERROR: redis eval error: i/o timeout"}
{"level":"ERROR","ts":"2023-09-27T13:51:14.989+0800","caller":"log/log.go:176","msg":"Failed to delete expired completed tasks from queue \"critical\": INTERNAL_ERROR: redis eval error: i/o timeout"}
{"level":"ERROR","ts":"2023-09-27T13:51:18.175+0800","caller":"log/log.go:176","msg":"Failed to forward scheduled tasks: INTERNAL_ERROR: INTERNAL_ERROR: redis eval error: i/o timeout"}
{"level":"ERROR","ts":"2023-09-27T13:51:21.305+0800","caller":"log/log.go:176","msg":"Dequeue error: UNKNOWN: redis eval error: i/o timeout"}
{"level":"WARN","ts":"2023-09-27T13:51:23.054+0800","caller":"log/log.go:169","msg":"recoverer: could not reclaim stale aggregation sets in queue \"low\": INTERNAL_ERROR: redis eval error: i/o timeout"}
{"level":"ERROR","ts":"2023-09-27T13:51:23.115+0800","caller":"log/log.go:176","msg":"Failed to write server state data: UNKNOWN: redis command error: SADD failed: i/o timeout"}
{"level":"ERROR","ts":"2023-09-27T13:51:33.537+0800","caller":"log/log.go:176","msg":"Dequeue error: UNKNOWN: redis eval error: i/o timeout"}
{"level":"ERROR","ts":"2023-09-27T13:51:35.250+0800","caller":"log/log.go:176","msg":"Failed to delete expired completed tasks from queue \"default\": INTERNAL_ERROR: redis eval error: i/o timeout"}
{"level":"WARN","ts":"2023-09-27T13:51:35.344+0800","caller":"log/log.go:169","msg":"recoverer: could not reclaim stale aggregation sets in queue \"critical\": INTERNAL_ERROR: redis eval error: i/o timeout"}
{"level":"ERROR","ts":"2023-09-27T13:51:35.456+0800","caller":"log/log.go:176","msg":"Failed to forward scheduled tasks: INTERNAL_ERROR: INTERNAL_ERROR: redis eval error: i/o timeout"}
{"level":"ERROR","ts":"2023-09-27T13:51:40.370+0800","caller":"log/log.go:176","msg":"Failed to write server state data: UNKNOWN: redis command error: SADD failed: i/o timeout"}
{"level":"ERROR","ts":"2023-09-27T13:51:45.770+0800","caller":"log/log.go:176","msg":"Dequeue error: UNKNOWN: redis eval error: i/o timeout"}
{"level":"ERROR","ts":"2023-09-27T13:51:47.524+0800","caller":"log/log.go:176","msg":"Failed to delete expired completed tasks from queue \"low\": INTERNAL_ERROR: redis eval error: i/o timeout"}
{"level":"ERROR","ts":"2023-09-27T13:51:52.731+0800","caller":"log/log.go:176","msg":"Failed to forward scheduled tasks: INTERNAL_ERROR: INTERNAL_ERROR: redis eval error: i/o timeout"}
{"level":"ERROR","ts":"2023-09-27T13:51:57.597+0800","caller":"log/log.go:176","msg":"Failed to write server state data: UNKNOWN: redis command error: SADD failed: i/o timeout"}
{"level":"ERROR","ts":"2023-09-27T13:51:57.962+0800","caller":"log/log.go:176","msg":"Dequeue error: UNKNOWN: redis eval error: i/o timeout"}
{"level":"ERROR","ts":"2023-09-27T13:51:59.815+0800","caller":"log/log.go:176","msg":"Failed to delete expired completed tasks from queue \"critical\": INTERNAL_ERROR: redis eval error: i/o timeout"}
{"level":"DEBUG","ts":"2023-09-27T13:54:20.730+0800","caller":"dao/mdb.go:46","msg":"[store_db] mysql connDB success"}
{"level":"DEBUG","ts":"2023-09-27T13:54:40.275+0800","caller":"dao/mdb.go:46","msg":"[store_db] mysql connDB success"}
{"level":"DEBUG","ts":"2023-09-27T13:54:40.277+0800","caller":"dao/rdb.go:39","msg":"[store_redis] redis connRdb success,suc=%sPONG"}
{"level":"INFO","ts":"2023-09-27T13:54:40.277+0800","caller":"log/log.go:162","msg":"Starting processing"}
{"level":"INFO","ts":"2023-09-27T13:54:40.277+0800","caller":"log/log.go:162","msg":"Send signal TERM or INT to terminate the process"}
{"level":"DEBUG","ts":"2023-09-27T13:58:50.072+0800","caller":"dao/mdb.go:46","msg":"[store_db] mysql connDB success"}
{"level":"DEBUG","ts":"2023-09-27T13:58:50.073+0800","caller":"dao/rdb.go:39","msg":"[store_redis] redis connRdb success,suc=%sPONG"}
{"level":"INFO","ts":"2023-09-27T13:58:50.074+0800","caller":"log/log.go:162","msg":"Starting processing"}
{"level":"INFO","ts":"2023-09-27T13:58:50.074+0800","caller":"log/log.go:162","msg":"Send signal TERM or INT to terminate the process"}
{"level":"DEBUG","ts":"2023-09-27T13:59:27.001+0800","caller":"dao/mdb.go:46","msg":"[store_db] mysql connDB success"}
{"level":"DEBUG","ts":"2023-09-27T13:59:27.002+0800","caller":"dao/rdb.go:39","msg":"[store_redis] redis connRdb success,suc=%sPONG"}
{"level":"INFO","ts":"2023-09-27T13:59:27.003+0800","caller":"log/log.go:162","msg":"Starting processing"}
{"level":"INFO","ts":"2023-09-27T13:59:27.003+0800","caller":"log/log.go:162","msg":"Send signal TERM or INT to terminate the process"}
{"level":"DEBUG","ts":"2023-09-27T14:01:59.321+0800","caller":"dao/mdb.go:46","msg":"[store_db] mysql connDB success"}
{"level":"DEBUG","ts":"2023-09-27T14:01:59.323+0800","caller":"dao/rdb.go:39","msg":"[store_redis] redis connRdb success,suc=%sPONG"}
{"level":"INFO","ts":"2023-09-27T14:01:59.324+0800","caller":"log/log.go:162","msg":"Starting processing"}
{"level":"INFO","ts":"2023-09-27T14:01:59.324+0800","caller":"log/log.go:162","msg":"Send signal TERM or INT to terminate the process"}
{"level":"DEBUG","ts":"2023-09-27T14:02:56.673+0800","caller":"dao/mdb.go:46","msg":"[store_db] mysql connDB success"}
{"level":"DEBUG","ts":"2023-09-27T14:02:56.676+0800","caller":"dao/rdb.go:39","msg":"[store_redis] redis connRdb success,suc=%sPONG"}
{"level":"INFO","ts":"2023-09-27T14:02:56.678+0800","caller":"log/log.go:162","msg":"Starting processing"}
{"level":"INFO","ts":"2023-09-27T14:02:56.678+0800","caller":"log/log.go:162","msg":"Send signal TERM or INT to terminate the process"}
{"level":"DEBUG","ts":"2023-09-27T14:04:34.603+0800","caller":"dao/mdb.go:46","msg":"[store_db] mysql connDB success"}
{"level":"DEBUG","ts":"2023-09-27T14:04:34.605+0800","caller":"dao/rdb.go:39","msg":"[store_redis] redis connRdb success,suc=%sPONG"}
{"level":"INFO","ts":"2023-09-27T14:04:34.606+0800","caller":"log/log.go:162","msg":"Starting processing"}
{"level":"INFO","ts":"2023-09-27T14:04:34.606+0800","caller":"log/log.go:162","msg":"Send signal TERM or INT to terminate the process"}
{"level":"DEBUG","ts":"2023-09-27T14:18:57.162+0800","caller":"dao/mdb.go:46","msg":"[store_db] mysql connDB success"}
{"level":"DEBUG","ts":"2023-09-27T14:18:57.163+0800","caller":"dao/rdb.go:39","msg":"[store_redis] redis connRdb success,suc=%sPONG"}
{"level":"INFO","ts":"2023-09-27T14:18:57.164+0800","caller":"log/log.go:162","msg":"Starting processing"}
{"level":"INFO","ts":"2023-09-27T14:18:57.164+0800","caller":"log/log.go:162","msg":"Send signal TERM or INT to terminate the process"}
{"level":"ERROR","ts":"2023-09-27T14:20:30.219+0800","caller":"log/log.go:176","msg":"Dequeue error: UNKNOWN: redis eval error: i/o timeout"}
{"level":"ERROR","ts":"2023-09-27T14:20:34.483+0800","caller":"log/log.go:176","msg":"Failed to forward scheduled tasks: INTERNAL_ERROR: INTERNAL_ERROR: redis eval error: i/o timeout"}
{"level":"ERROR","ts":"2023-09-27T14:20:34.594+0800","caller":"log/log.go:176","msg":"Failed to write server state data: UNKNOWN: redis command error: SADD failed: i/o timeout"}
{"level":"ERROR","ts":"2023-09-27T14:20:37.522+0800","caller":"log/log.go:176","msg":"Failed to delete expired completed tasks from queue \"critical\": INTERNAL_ERROR: redis eval error: i/o timeout"}
{"level":"ERROR","ts":"2023-09-27T14:20:42.434+0800","caller":"log/log.go:176","msg":"Dequeue error: UNKNOWN: redis eval error: i/o timeout"}
{"level":"ERROR","ts":"2023-09-27T14:20:49.801+0800","caller":"log/log.go:176","msg":"Failed to delete expired completed tasks from queue \"default\": INTERNAL_ERROR: redis eval error: i/o timeout"}
{"level":"ERROR","ts":"2023-09-27T14:20:51.694+0800","caller":"log/log.go:176","msg":"Failed to forward scheduled tasks: INTERNAL_ERROR: INTERNAL_ERROR: redis eval error: i/o timeout"}
{"level":"ERROR","ts":"2023-09-27T14:20:51.836+0800","caller":"log/log.go:176","msg":"Failed to write server state data: UNKNOWN: redis command error: SADD failed: i/o timeout"}
{"level":"ERROR","ts":"2023-09-27T14:20:54.653+0800","caller":"log/log.go:176","msg":"Dequeue error: UNKNOWN: redis eval error: i/o timeout"}
{"level":"ERROR","ts":"2023-09-27T14:21:02.042+0800","caller":"log/log.go:176","msg":"Failed to delete expired completed tasks from queue \"low\": INTERNAL_ERROR: redis eval error: i/o timeout"}
{"level":"ERROR","ts":"2023-09-27T14:21:06.839+0800","caller":"log/log.go:176","msg":"Dequeue error: UNKNOWN: redis eval error: i/o timeout"}
{"level":"ERROR","ts":"2023-09-27T14:21:08.930+0800","caller":"log/log.go:176","msg":"Failed to forward scheduled tasks: INTERNAL_ERROR: INTERNAL_ERROR: redis eval error: i/o timeout"}
{"level":"ERROR","ts":"2023-09-27T14:21:09.119+0800","caller":"log/log.go:176","msg":"Failed to write server state data: UNKNOWN: redis command error: SADD failed: i/o timeout"}
{"level":"WARN","ts":"2023-09-27T14:21:09.404+0800","caller":"log/log.go:169","msg":"recoverer: could not list lease expired tasks: INTERNAL_ERROR: redis eval error: i/o timeout"}
{"level":"ERROR","ts":"2023-09-27T14:21:19.130+0800","caller":"log/log.go:176","msg":"Dequeue error: UNKNOWN: redis eval error: i/o timeout"}
{"level":"WARN","ts":"2023-09-27T14:21:21.667+0800","caller":"log/log.go:169","msg":"recoverer: could not reclaim stale aggregation sets in queue \"critical\": INTERNAL_ERROR: redis eval error: i/o timeout"}
{"level":"ERROR","ts":"2023-09-27T14:21:22.285+0800","caller":"log/log.go:176","msg":"Failed to delete expired completed tasks from queue \"critical\": INTERNAL_ERROR: redis eval error: i/o timeout"}
{"level":"ERROR","ts":"2023-09-27T14:21:26.167+0800","caller":"log/log.go:176","msg":"Failed to forward scheduled tasks: INTERNAL_ERROR: INTERNAL_ERROR: redis eval error: i/o timeout"}
{"level":"ERROR","ts":"2023-09-27T14:21:26.404+0800","caller":"log/log.go:176","msg":"Failed to write server state data: UNKNOWN: redis command error: SADD failed: i/o timeout"}
{"level":"ERROR","ts":"2023-09-27T14:21:31.380+0800","caller":"log/log.go:176","msg":"Dequeue error: UNKNOWN: redis eval error: i/o timeout"}
{"level":"WARN","ts":"2023-09-27T14:21:33.953+0800","caller":"log/log.go:169","msg":"recoverer: could not reclaim stale aggregation sets in queue \"default\": INTERNAL_ERROR: redis eval error: i/o timeout"}
{"level":"ERROR","ts":"2023-09-27T14:21:34.559+0800","caller":"log/log.go:176","msg":"Failed to delete expired completed tasks from queue \"default\": INTERNAL_ERROR: redis eval error: i/o timeout"}
{"level":"ERROR","ts":"2023-09-27T14:21:43.435+0800","caller":"log/log.go:176","msg":"Failed to forward scheduled tasks: INTERNAL_ERROR: INTERNAL_ERROR: redis eval error: i/o timeout"}
{"level":"ERROR","ts":"2023-09-27T14:21:43.561+0800","caller":"log/log.go:176","msg":"Dequeue error: UNKNOWN: redis eval error: i/o timeout"}
{"level":"ERROR","ts":"2023-09-27T14:21:43.686+0800","caller":"log/log.go:176","msg":"Failed to write server state data: UNKNOWN: redis command error: SADD failed: i/o timeout"}
{"level":"WARN","ts":"2023-09-27T14:21:46.237+0800","caller":"log/log.go:169","msg":"recoverer: could not reclaim stale aggregation sets in queue \"low\": INTERNAL_ERROR: redis eval error: i/o timeout"}
{"level":"ERROR","ts":"2023-09-27T14:21:46.806+0800","caller":"log/log.go:176","msg":"Failed to delete expired completed tasks from queue \"low\": INTERNAL_ERROR: redis eval error: i/o timeout"}
{"level":"ERROR","ts":"2023-09-27T14:21:55.794+0800","caller":"log/log.go:176","msg":"Dequeue error: UNKNOWN: redis eval error: i/o timeout"}
{"level":"ERROR","ts":"2023-09-27T14:22:00.662+0800","caller":"log/log.go:176","msg":"Failed to forward scheduled tasks: INTERNAL_ERROR: INTERNAL_ERROR: redis eval error: i/o timeout"}
{"level":"ERROR","ts":"2023-09-27T14:22:00.882+0800","caller":"log/log.go:176","msg":"Failed to write server state data: UNKNOWN: redis command error: SADD failed: i/o timeout"}
{"level":"ERROR","ts":"2023-09-27T14:22:07.088+0800","caller":"log/log.go:176","msg":"Failed to delete expired completed tasks from queue \"critical\": INTERNAL_ERROR: redis eval error: i/o timeout"}
{"level":"ERROR","ts":"2023-09-27T14:22:07.981+0800","caller":"log/log.go:176","msg":"Dequeue error: UNKNOWN: redis eval error: i/o timeout"}
{"level":"ERROR","ts":"2023-09-27T14:22:17.923+0800","caller":"log/log.go:176","msg":"Failed to forward scheduled tasks: INTERNAL_ERROR: INTERNAL_ERROR: redis eval error: i/o timeout"}
{"level":"ERROR","ts":"2023-09-27T14:22:18.139+0800","caller":"log/log.go:176","msg":"Failed to write server state data: UNKNOWN: redis command error: SADD failed: i/o timeout"}
{"level":"ERROR","ts":"2023-09-27T14:22:19.363+0800","caller":"log/log.go:176","msg":"Failed to delete expired completed tasks from queue \"default\": INTERNAL_ERROR: redis eval error: i/o timeout"}
{"level":"ERROR","ts":"2023-09-27T14:22:20.217+0800","caller":"log/log.go:176","msg":"Dequeue error: UNKNOWN: redis eval error: i/o timeout"}
{"level":"DEBUG","ts":"2023-09-27T14:22:34.026+0800","caller":"dao/mdb.go:46","msg":"[store_db] mysql connDB success"}
{"level":"DEBUG","ts":"2023-09-27T14:23:02.074+0800","caller":"dao/mdb.go:46","msg":"[store_db] mysql connDB success"}
{"level":"DEBUG","ts":"2023-09-27T14:23:02.077+0800","caller":"dao/rdb.go:39","msg":"[store_redis] redis connRdb success,suc=%sPONG"}
{"level":"INFO","ts":"2023-09-27T14:23:02.078+0800","caller":"log/log.go:162","msg":"Starting processing"}
{"level":"INFO","ts":"2023-09-27T14:23:02.079+0800","caller":"log/log.go:162","msg":"Send signal TERM or INT to terminate the process"}
{"level":"DEBUG","ts":"2023-09-27T14:25:59.300+0800","caller":"dao/mdb.go:46","msg":"[store_db] mysql connDB success"}
{"level":"DEBUG","ts":"2023-09-27T14:25:59.301+0800","caller":"dao/rdb.go:39","msg":"[store_redis] redis connRdb success,suc=%sPONG"}
{"level":"INFO","ts":"2023-09-27T14:25:59.302+0800","caller":"log/log.go:162","msg":"Starting processing"}
{"level":"INFO","ts":"2023-09-27T14:25:59.302+0800","caller":"log/log.go:162","msg":"Send signal TERM or INT to terminate the process"}
{"level":"DEBUG","ts":"2023-09-27T14:27:20.584+0800","caller":"dao/mdb.go:46","msg":"[store_db] mysql connDB success"}
{"level":"DEBUG","ts":"2023-09-27T14:27:20.586+0800","caller":"dao/rdb.go:39","msg":"[store_redis] redis connRdb success,suc=%sPONG"}
{"level":"INFO","ts":"2023-09-27T14:27:20.587+0800","caller":"log/log.go:162","msg":"Starting processing"}
{"level":"INFO","ts":"2023-09-27T14:27:20.587+0800","caller":"log/log.go:162","msg":"Send signal TERM or INT to terminate the process"}
{"level":"DEBUG","ts":"2023-09-27T14:32:41.889+0800","caller":"dao/mdb.go:46","msg":"[store_db] mysql connDB success"}
{"level":"DEBUG","ts":"2023-09-27T14:32:41.890+0800","caller":"dao/rdb.go:39","msg":"[store_redis] redis connRdb success,suc=%sPONG"}
{"level":"INFO","ts":"2023-09-27T14:32:41.891+0800","caller":"log/log.go:162","msg":"Starting processing"}
{"level":"INFO","ts":"2023-09-27T14:32:41.891+0800","caller":"log/log.go:162","msg":"Send signal TERM or INT to terminate the process"}
{"level":"DEBUG","ts":"2023-09-27T14:39:29.468+0800","caller":"dao/mdb.go:46","msg":"[store_db] mysql connDB success"}
{"level":"DEBUG","ts":"2023-09-27T14:39:29.469+0800","caller":"dao/rdb.go:39","msg":"[store_redis] redis connRdb success,suc=%sPONG"}
{"level":"INFO","ts":"2023-09-27T14:39:29.469+0800","caller":"log/log.go:162","msg":"Starting processing"}
{"level":"INFO","ts":"2023-09-27T14:39:29.470+0800","caller":"log/log.go:162","msg":"Send signal TERM or INT to terminate the process"}
{"level":"DEBUG","ts":"2023-09-27T14:49:43.730+0800","caller":"dao/mdb.go:46","msg":"[store_db] mysql connDB success"}
{"level":"DEBUG","ts":"2023-09-27T14:50:04.401+0800","caller":"dao/mdb.go:46","msg":"[store_db] mysql connDB success"}
{"level":"DEBUG","ts":"2023-09-27T14:50:04.403+0800","caller":"dao/rdb.go:39","msg":"[store_redis] redis connRdb success,suc=%sPONG"}
{"level":"INFO","ts":"2023-09-27T14:50:04.404+0800","caller":"log/log.go:162","msg":"Starting processing"}
{"level":"INFO","ts":"2023-09-27T14:50:04.404+0800","caller":"log/log.go:162","msg":"Send signal TERM or INT to terminate the process"}
{"level":"DEBUG","ts":"2023-09-27T14:51:54.623+0800","caller":"dao/mdb.go:46","msg":"[store_db] mysql connDB success"}
{"level":"DEBUG","ts":"2023-09-27T14:51:54.625+0800","caller":"dao/rdb.go:39","msg":"[store_redis] redis connRdb success,suc=%sPONG"}
{"level":"INFO","ts":"2023-09-27T14:51:54.625+0800","caller":"log/log.go:162","msg":"Starting processing"}
{"level":"INFO","ts":"2023-09-27T14:51:54.625+0800","caller":"log/log.go:162","msg":"Send signal TERM or INT to terminate the process"}
{"level":"DEBUG","ts":"2023-09-27T15:00:53.656+0800","caller":"dao/mdb.go:46","msg":"[store_db] mysql connDB success"}
{"level":"DEBUG","ts":"2023-09-27T15:00:53.658+0800","caller":"dao/rdb.go:39","msg":"[store_redis] redis connRdb success,suc=%sPONG"}
{"level":"INFO","ts":"2023-09-27T15:00:53.658+0800","caller":"log/log.go:162","msg":"Starting processing"}
{"level":"INFO","ts":"2023-09-27T15:00:53.658+0800","caller":"log/log.go:162","msg":"Send signal TERM or INT to terminate the process"}
{"level":"DEBUG","ts":"2023-09-27T15:01:44.023+0800","caller":"dao/mdb.go:46","msg":"[store_db] mysql connDB success"}
{"level":"DEBUG","ts":"2023-09-27T15:01:44.025+0800","caller":"dao/rdb.go:39","msg":"[store_redis] redis connRdb success,suc=%sPONG"}
{"level":"INFO","ts":"2023-09-27T15:01:44.026+0800","caller":"log/log.go:162","msg":"Starting processing"}
{"level":"INFO","ts":"2023-09-27T15:01:44.026+0800","caller":"log/log.go:162","msg":"Send signal TERM or INT to terminate the process"}
{"level":"DEBUG","ts":"2023-09-27T15:01:59.980+0800","caller":"dao/mdb.go:46","msg":"[store_db] mysql connDB success"}
{"level":"DEBUG","ts":"2023-09-27T15:01:59.982+0800","caller":"dao/rdb.go:39","msg":"[store_redis] redis connRdb success,suc=%sPONG"}
{"level":"INFO","ts":"2023-09-27T15:01:59.982+0800","caller":"log/log.go:162","msg":"Starting processing"}
{"level":"INFO","ts":"2023-09-27T15:01:59.982+0800","caller":"log/log.go:162","msg":"Send signal TERM or INT to terminate the process"}
{"level":"DEBUG","ts":"2023-09-27T15:02:38.681+0800","caller":"dao/mdb.go:46","msg":"[store_db] mysql connDB success"}
{"level":"DEBUG","ts":"2023-09-27T15:02:38.682+0800","caller":"dao/rdb.go:39","msg":"[store_redis] redis connRdb success,suc=%sPONG"}
{"level":"INFO","ts":"2023-09-27T15:02:38.683+0800","caller":"log/log.go:162","msg":"Starting processing"}
{"level":"INFO","ts":"2023-09-27T15:02:38.683+0800","caller":"log/log.go:162","msg":"Send signal TERM or INT to terminate the process"}
{"level":"DEBUG","ts":"2023-09-27T15:07:01.769+0800","caller":"dao/mdb.go:46","msg":"[store_db] mysql connDB success"}
{"level":"DEBUG","ts":"2023-09-27T15:07:01.770+0800","caller":"dao/rdb.go:39","msg":"[store_redis] redis connRdb success,suc=%sPONG"}
{"level":"INFO","ts":"2023-09-27T15:07:01.770+0800","caller":"log/log.go:162","msg":"Starting processing"}
{"level":"INFO","ts":"2023-09-27T15:07:01.771+0800","caller":"log/log.go:162","msg":"Send signal TERM or INT to terminate the process"}
{"level":"DEBUG","ts":"2023-09-27T15:12:23.810+0800","caller":"dao/mdb.go:46","msg":"[store_db] mysql connDB success"}
{"level":"DEBUG","ts":"2023-09-27T15:12:23.811+0800","caller":"dao/rdb.go:39","msg":"[store_redis] redis connRdb success,suc=%sPONG"}
{"level":"INFO","ts":"2023-09-27T15:12:23.812+0800","caller":"log/log.go:162","msg":"Starting processing"}
{"level":"INFO","ts":"2023-09-27T15:12:23.812+0800","caller":"log/log.go:162","msg":"Send signal TERM or INT to terminate the process"}
{"level":"DEBUG","ts":"2023-09-27T15:17:01.920+0800","caller":"dao/mdb.go:46","msg":"[store_db] mysql connDB success"}
{"level":"DEBUG","ts":"2023-09-27T15:17:01.922+0800","caller":"dao/rdb.go:39","msg":"[store_redis] redis connRdb success,suc=%sPONG"}
{"level":"INFO","ts":"2023-09-27T15:17:01.923+0800","caller":"log/log.go:162","msg":"Starting processing"}
{"level":"INFO","ts":"2023-09-27T15:17:01.923+0800","caller":"log/log.go:162","msg":"Send signal TERM or INT to terminate the process"}
{"level":"DEBUG","ts":"2023-09-27T15:19:01.494+0800","caller":"dao/mdb.go:46","msg":"[store_db] mysql connDB success"}
{"level":"DEBUG","ts":"2023-09-27T15:19:01.495+0800","caller":"dao/rdb.go:39","msg":"[store_redis] redis connRdb success,suc=%sPONG"}
{"level":"INFO","ts":"2023-09-27T15:19:01.496+0800","caller":"log/log.go:162","msg":"Starting processing"}
{"level":"INFO","ts":"2023-09-27T15:19:01.496+0800","caller":"log/log.go:162","msg":"Send signal TERM or INT to terminate the process"}
{"level":"ERROR","ts":"2023-09-27T15:20:13.278+0800","caller":"log/log.go:176","msg":"Dequeue error: UNKNOWN: redis eval error: i/o timeout"}
{"level":"ERROR","ts":"2023-09-27T15:20:13.776+0800","caller":"log/log.go:176","msg":"Failed to forward scheduled tasks: INTERNAL_ERROR: INTERNAL_ERROR: redis eval error: i/o timeout"}
{"level":"WARN","ts":"2023-09-27T15:20:13.792+0800","caller":"log/log.go:169","msg":"recoverer: could not list lease expired tasks: INTERNAL_ERROR: redis eval error: i/o timeout"}
{"level":"ERROR","ts":"2023-09-27T15:20:13.807+0800","caller":"log/log.go:176","msg":"Failed to write server state data: UNKNOWN: redis command error: SADD failed: i/o timeout"}
{"level":"ERROR","ts":"2023-09-27T15:20:17.767+0800","caller":"log/log.go:176","msg":"Failed to delete expired completed tasks from queue \"critical\": INTERNAL_ERROR: redis eval error: i/o timeout"}
{"level":"ERROR","ts":"2023-09-27T15:20:25.548+0800","caller":"log/log.go:176","msg":"Dequeue error: UNKNOWN: redis eval error: i/o timeout"}
{"level":"WARN","ts":"2023-09-27T15:20:25.992+0800","caller":"log/log.go:169","msg":"recoverer: could not reclaim stale aggregation sets in queue \"critical\": INTERNAL_ERROR: redis eval error: i/o timeout"}
{"level":"DEBUG","ts":"2023-09-27T15:20:37.089+0800","caller":"dao/mdb.go:46","msg":"[store_db] mysql connDB success"}
{"level":"DEBUG","ts":"2023-09-27T15:21:09.371+0800","caller":"dao/mdb.go:46","msg":"[store_db] mysql connDB success"}
{"level":"DEBUG","ts":"2023-09-27T15:21:09.373+0800","caller":"dao/rdb.go:39","msg":"[store_redis] redis connRdb success,suc=%sPONG"}
{"level":"INFO","ts":"2023-09-27T15:21:09.373+0800","caller":"log/log.go:162","msg":"Starting processing"}
{"level":"INFO","ts":"2023-09-27T15:21:09.373+0800","caller":"log/log.go:162","msg":"Send signal TERM or INT to terminate the process"}
{"level":"DEBUG","ts":"2023-09-27T15:22:33.076+0800","caller":"dao/mdb.go:46","msg":"[store_db] mysql connDB success"}
{"level":"DEBUG","ts":"2023-09-27T15:22:33.077+0800","caller":"dao/rdb.go:39","msg":"[store_redis] redis connRdb success,suc=%sPONG"}
{"level":"INFO","ts":"2023-09-27T15:22:33.078+0800","caller":"log/log.go:162","msg":"Starting processing"}
{"level":"INFO","ts":"2023-09-27T15:22:33.078+0800","caller":"log/log.go:162","msg":"Send signal TERM or INT to terminate the process"}
{"level":"DEBUG","ts":"2023-09-27T15:25:00.000+0800","caller":"dao/mdb.go:46","msg":"[store_db] mysql connDB success"}
{"level":"DEBUG","ts":"2023-09-27T15:25:00.002+0800","caller":"dao/rdb.go:39","msg":"[store_redis] redis connRdb success,suc=%sPONG"}
{"level":"INFO","ts":"2023-09-27T15:25:00.003+0800","caller":"log/log.go:162","msg":"Starting processing"}
{"level":"INFO","ts":"2023-09-27T15:25:00.003+0800","caller":"log/log.go:162","msg":"Send signal TERM or INT to terminate the process"}
{"level":"DEBUG","ts":"2023-09-27T15:28:01.282+0800","caller":"dao/mdb.go:46","msg":"[store_db] mysql connDB success"}
{"level":"DEBUG","ts":"2023-09-27T15:28:01.283+0800","caller":"dao/rdb.go:39","msg":"[store_redis] redis connRdb success,suc=%sPONG"}
{"level":"INFO","ts":"2023-09-27T15:28:01.284+0800","caller":"log/log.go:162","msg":"Starting processing"}
{"level":"INFO","ts":"2023-09-27T15:28:01.284+0800","caller":"log/log.go:162","msg":"Send signal TERM or INT to terminate the process"}
{"level":"DEBUG","ts":"2023-09-27T15:30:08.015+0800","caller":"dao/mdb.go:46","msg":"[store_db] mysql connDB success"}
{"level":"DEBUG","ts":"2023-09-27T15:30:08.016+0800","caller":"dao/rdb.go:39","msg":"[store_redis] redis connRdb success,suc=%sPONG"}
{"level":"INFO","ts":"2023-09-27T15:30:08.017+0800","caller":"log/log.go:162","msg":"Starting processing"}
{"level":"INFO","ts":"2023-09-27T15:30:08.017+0800","caller":"log/log.go:162","msg":"Send signal TERM or INT to terminate the process"}
{"level":"DEBUG","ts":"2023-09-27T15:31:33.292+0800","caller":"dao/mdb.go:46","msg":"[store_db] mysql connDB success"}
{"level":"DEBUG","ts":"2023-09-27T15:31:33.294+0800","caller":"dao/rdb.go:39","msg":"[store_redis] redis connRdb success,suc=%sPONG"}
{"level":"INFO","ts":"2023-09-27T15:31:33.294+0800","caller":"log/log.go:162","msg":"Starting processing"}
{"level":"INFO","ts":"2023-09-27T15:31:33.294+0800","caller":"log/log.go:162","msg":"Send signal TERM or INT to terminate the process"}
{"level":"DEBUG","ts":"2023-09-27T15:33:33.180+0800","caller":"dao/mdb.go:46","msg":"[store_db] mysql connDB success"}
{"level":"DEBUG","ts":"2023-09-27T15:33:33.181+0800","caller":"dao/rdb.go:39","msg":"[store_redis] redis connRdb success,suc=%sPONG"}
{"level":"INFO","ts":"2023-09-27T15:33:33.182+0800","caller":"log/log.go:162","msg":"Starting processing"}
{"level":"INFO","ts":"2023-09-27T15:33:33.182+0800","caller":"log/log.go:162","msg":"Send signal TERM or INT to terminate the process"}
{"level":"DEBUG","ts":"2023-09-27T16:07:59.142+0800","caller":"dao/mdb.go:46","msg":"[store_db] mysql connDB success"}
{"level":"DEBUG","ts":"2023-09-27T16:07:59.145+0800","caller":"dao/rdb.go:39","msg":"[store_redis] redis connRdb success,suc=%sPONG"}
{"level":"INFO","ts":"2023-09-27T16:07:59.146+0800","caller":"log/log.go:162","msg":"Starting processing"}
{"level":"INFO","ts":"2023-09-27T16:07:59.146+0800","caller":"log/log.go:162","msg":"Send signal TERM or INT to terminate the process"}
{"level":"DEBUG","ts":"2023-09-27T16:18:56.337+0800","caller":"dao/mdb.go:46","msg":"[store_db] mysql connDB success"}
{"level":"DEBUG","ts":"2023-09-27T16:18:56.339+0800","caller":"dao/rdb.go:39","msg":"[store_redis] redis connRdb success,suc=%sPONG"}
{"level":"INFO","ts":"2023-09-27T16:18:56.339+0800","caller":"log/log.go:162","msg":"Starting processing"}
{"level":"INFO","ts":"2023-09-27T16:18:56.339+0800","caller":"log/log.go:162","msg":"Send signal TERM or INT to terminate the process"}
{"level":"DEBUG","ts":"2023-09-27T16:30:33.737+0800","caller":"dao/mdb.go:46","msg":"[store_db] mysql connDB success"}
{"level":"DEBUG","ts":"2023-09-27T16:30:33.739+0800","caller":"dao/rdb.go:39","msg":"[store_redis] redis connRdb success,suc=%sPONG"}
{"level":"INFO","ts":"2023-09-27T16:30:33.740+0800","caller":"log/log.go:162","msg":"Starting processing"}
{"level":"INFO","ts":"2023-09-27T16:30:33.741+0800","caller":"log/log.go:162","msg":"Send signal TERM or INT to terminate the process"}
{"level":"DEBUG","ts":"2023-09-27T16:39:20.656+0800","caller":"dao/mdb.go:46","msg":"[store_db] mysql connDB success"}
{"level":"DEBUG","ts":"2023-09-27T16:39:20.658+0800","caller":"dao/rdb.go:39","msg":"[store_redis] redis connRdb success,suc=%sPONG"}
{"level":"INFO","ts":"2023-09-27T16:39:20.659+0800","caller":"log/log.go:162","msg":"Starting processing"}
{"level":"INFO","ts":"2023-09-27T16:39:20.660+0800","caller":"log/log.go:162","msg":"Send signal TERM or INT to terminate the process"}
{"level":"DEBUG","ts":"2023-09-27T16:41:31.965+0800","caller":"dao/mdb.go:46","msg":"[store_db] mysql connDB success"}
{"level":"DEBUG","ts":"2023-09-27T16:41:31.966+0800","caller":"dao/rdb.go:39","msg":"[store_redis] redis connRdb success,suc=%sPONG"}
{"level":"INFO","ts":"2023-09-27T16:41:31.967+0800","caller":"log/log.go:162","msg":"Starting processing"}
{"level":"INFO","ts":"2023-09-27T16:41:31.967+0800","caller":"log/log.go:162","msg":"Send signal TERM or INT to terminate the process"}
{"level":"DEBUG","ts":"2023-09-27T20:54:15.158+0800","caller":"dao/mdb.go:46","msg":"[store_db] mysql connDB success"}
{"level":"DEBUG","ts":"2023-09-27T20:54:44.169+0800","caller":"dao/mdb.go:46","msg":"[store_db] mysql connDB success"}
{"level":"DEBUG","ts":"2023-09-27T20:54:44.170+0800","caller":"dao/rdb.go:39","msg":"[store_redis] redis connRdb success,suc=%sPONG"}
{"level":"INFO","ts":"2023-09-27T20:54:44.172+0800","caller":"log/log.go:162","msg":"Starting processing"}
{"level":"INFO","ts":"2023-09-27T20:54:44.172+0800","caller":"log/log.go:162","msg":"Send signal TERM or INT to terminate the process"}
{"level":"ERROR","ts":"2023-09-27T23:45:30.463+0800","caller":"log/log.go:176","msg":"Dequeue error: UNKNOWN: redis eval error: dial tcp 127.0.0.1:6379: connectex: No connection could be made because the target machine actively refused it."}
