{"level":"DEBUG","ts":"2023-10-02T10:12:40.424+0800","caller":"dao/mdb.go:46","msg":"[store_db] mysql connDB success"}
{"level":"DEBUG","ts":"2023-10-02T10:13:14.461+0800","caller":"dao/mdb.go:46","msg":"[store_db] mysql connDB success"}
{"level":"DEBUG","ts":"2023-10-02T10:13:14.465+0800","caller":"dao/rdb.go:39","msg":"[store_redis] redis connRdb success,suc=%sPONG"}
{"level":"INFO","ts":"2023-10-02T10:13:14.465+0800","caller":"log/log.go:162","msg":"Starting processing"}
{"level":"INFO","ts":"2023-10-02T10:13:14.466+0800","caller":"log/log.go:162","msg":"Send signal TERM or INT to terminate the process"}
{"level":"DEBUG","ts":"2023-10-02T15:35:31.420+0800","caller":"dao/mdb.go:46","msg":"[store_db] mysql connDB success"}
{"level":"DEBUG","ts":"2023-10-02T15:35:31.482+0800","caller":"dao/rdb.go:39","msg":"[store_redis] redis connRdb success,suc=%sPONG"}
{"level":"INFO","ts":"2023-10-02T15:35:31.483+0800","caller":"log/log.go:162","msg":"Starting processing"}
{"level":"INFO","ts":"2023-10-02T15:35:31.483+0800","caller":"log/log.go:162","msg":"Send signal TERM or INT to terminate the process"}
{"level":"DEBUG","ts":"2023-10-02T16:40:55.671+0800","caller":"dao/mdb.go:46","msg":"[store_db] mysql connDB success"}
{"level":"DEBUG","ts":"2023-10-02T16:40:55.673+0800","caller":"dao/rdb.go:39","msg":"[store_redis] redis connRdb success,suc=%sPONG"}
{"level":"INFO","ts":"2023-10-02T16:40:55.674+0800","caller":"log/log.go:162","msg":"Starting processing"}
{"level":"INFO","ts":"2023-10-02T16:40:55.674+0800","caller":"log/log.go:162","msg":"Send signal TERM or INT to terminate the process"}
{"level":"DEBUG","ts":"2023-10-02T16:52:39.529+0800","caller":"dao/mdb.go:46","msg":"[store_db] mysql connDB success"}
{"level":"DEBUG","ts":"2023-10-02T16:52:39.532+0800","caller":"dao/rdb.go:39","msg":"[store_redis] redis connRdb success,suc=%sPONG"}
{"level":"INFO","ts":"2023-10-02T16:52:39.532+0800","caller":"log/log.go:162","msg":"Starting processing"}
{"level":"INFO","ts":"2023-10-02T16:52:39.533+0800","caller":"log/log.go:162","msg":"Send signal TERM or INT to terminate the process"}
{"level":"DEBUG","ts":"2023-10-02T16:56:22.374+0800","caller":"dao/mdb.go:46","msg":"[store_db] mysql connDB success"}
{"level":"DEBUG","ts":"2023-10-02T16:56:22.377+0800","caller":"dao/rdb.go:39","msg":"[store_redis] redis connRdb success,suc=%sPONG"}
{"level":"INFO","ts":"2023-10-02T16:56:22.379+0800","caller":"log/log.go:162","msg":"Starting processing"}
{"level":"INFO","ts":"2023-10-02T16:56:22.379+0800","caller":"log/log.go:162","msg":"Send signal TERM or INT to terminate the process"}
{"level":"ERROR","ts":"2023-10-02T16:56:22.381+0800","caller":"telegram/telegram.go:26","msg":"telebot: unexpected end of JSON input"}
{"level":"DEBUG","ts":"2023-10-02T16:58:11.959+0800","caller":"dao/mdb.go:46","msg":"[store_db] mysql connDB success"}
{"level":"DEBUG","ts":"2023-10-02T16:58:11.960+0800","caller":"dao/rdb.go:39","msg":"[store_redis] redis connRdb success,suc=%sPONG"}
{"level":"INFO","ts":"2023-10-02T16:58:11.960+0800","caller":"log/log.go:162","msg":"Starting processing"}
{"level":"INFO","ts":"2023-10-02T16:58:11.961+0800","caller":"log/log.go:162","msg":"Send signal TERM or INT to terminate the process"}
{"level":"ERROR","ts":"2023-10-02T16:58:11.962+0800","caller":"telegram/telegram.go:26","msg":"telebot: unexpected end of JSON input"}
{"level":"DEBUG","ts":"2023-10-02T16:59:19.489+0800","caller":"dao/mdb.go:46","msg":"[store_db] mysql connDB success"}
{"level":"DEBUG","ts":"2023-10-02T16:59:19.491+0800","caller":"dao/rdb.go:39","msg":"[store_redis] redis connRdb success,suc=%sPONG"}
{"level":"INFO","ts":"2023-10-02T16:59:19.493+0800","caller":"log/log.go:162","msg":"Starting processing"}
{"level":"INFO","ts":"2023-10-02T16:59:19.493+0800","caller":"log/log.go:162","msg":"Send signal TERM or INT to terminate the process"}
{"level":"ERROR","ts":"2023-10-02T16:59:19.495+0800","caller":"telegram/telegram.go:26","msg":"telebot: unexpected end of JSON input"}
{"level":"DEBUG","ts":"2023-10-02T16:59:58.165+0800","caller":"dao/mdb.go:46","msg":"[store_db] mysql connDB success"}
{"level":"DEBUG","ts":"2023-10-02T16:59:58.194+0800","caller":"dao/rdb.go:39","msg":"[store_redis] redis connRdb success,suc=%sPONG"}
{"level":"INFO","ts":"2023-10-02T16:59:58.195+0800","caller":"log/log.go:162","msg":"Starting processing"}
{"level":"INFO","ts":"2023-10-02T16:59:58.195+0800","caller":"log/log.go:162","msg":"Send signal TERM or INT to terminate the process"}
{"level":"ERROR","ts":"2023-10-02T16:59:58.196+0800","caller":"telegram/telegram.go:26","msg":"telebot: unexpected end of JSON input"}
{"level":"DEBUG","ts":"2023-10-02T17:04:42.737+0800","caller":"dao/mdb.go:46","msg":"[store_db] mysql connDB success"}
{"level":"DEBUG","ts":"2023-10-02T17:04:42.738+0800","caller":"dao/rdb.go:39","msg":"[store_redis] redis connRdb success,suc=%sPONG"}
{"level":"INFO","ts":"2023-10-02T17:04:42.739+0800","caller":"log/log.go:162","msg":"Starting processing"}
{"level":"INFO","ts":"2023-10-02T17:04:42.739+0800","caller":"log/log.go:162","msg":"Send signal TERM or INT to terminate the process"}
{"level":"DEBUG","ts":"2023-10-02T18:20:55.852+0800","caller":"dao/mdb.go:46","msg":"[store_db] mysql connDB success"}
{"level":"DEBUG","ts":"2023-10-02T18:20:55.854+0800","caller":"dao/rdb.go:39","msg":"[store_redis] redis connRdb success,suc=%sPONG"}
{"level":"INFO","ts":"2023-10-02T18:20:55.855+0800","caller":"log/log.go:162","msg":"Starting processing"}
{"level":"INFO","ts":"2023-10-02T18:20:55.856+0800","caller":"log/log.go:162","msg":"Send signal TERM or INT to terminate the process"}
{"level":"DEBUG","ts":"2023-10-02T18:25:14.719+0800","caller":"dao/mdb.go:46","msg":"[store_db] mysql connDB success"}
{"level":"DEBUG","ts":"2023-10-02T18:25:14.721+0800","caller":"dao/rdb.go:39","msg":"[store_redis] redis connRdb success,suc=%sPONG"}
{"level":"INFO","ts":"2023-10-02T18:25:14.721+0800","caller":"log/log.go:162","msg":"Starting processing"}
{"level":"INFO","ts":"2023-10-02T18:25:14.721+0800","caller":"log/log.go:162","msg":"Send signal TERM or INT to terminate the process"}
{"level":"DEBUG","ts":"2023-10-02T18:26:41.490+0800","caller":"dao/mdb.go:46","msg":"[store_db] mysql connDB success"}
{"level":"DEBUG","ts":"2023-10-02T18:26:41.492+0800","caller":"dao/rdb.go:39","msg":"[store_redis] redis connRdb success,suc=%sPONG"}
{"level":"INFO","ts":"2023-10-02T18:26:41.493+0800","caller":"log/log.go:162","msg":"Starting processing"}
{"level":"INFO","ts":"2023-10-02T18:26:41.493+0800","caller":"log/log.go:162","msg":"Send signal TERM or INT to terminate the process"}
{"level":"DEBUG","ts":"2023-10-02T18:34:28.869+0800","caller":"dao/mdb.go:46","msg":"[store_db] mysql connDB success"}
{"level":"DEBUG","ts":"2023-10-02T18:34:28.871+0800","caller":"dao/rdb.go:39","msg":"[store_redis] redis connRdb success,suc=%sPONG"}
{"level":"INFO","ts":"2023-10-02T18:34:28.872+0800","caller":"log/log.go:162","msg":"Starting processing"}
{"level":"INFO","ts":"2023-10-02T18:34:28.872+0800","caller":"log/log.go:162","msg":"Send signal TERM or INT to terminate the process"}
{"level":"ERROR","ts":"2023-10-02T18:35:33.012+0800","caller":"task/usdt_rate_job.go:43","msg":"usdt rate get err:Get \"https://api.coinmarketcap.com/data-api/v3/cryptocurrency/detail/chart?convertId=2787&id=825&range=1H\": context deadline exceeded (Client.Timeout exceeded while awaiting headers)"}
{"level":"ERROR","ts":"2023-10-02T18:36:33.012+0800","caller":"task/usdt_rate_job.go:43","msg":"usdt rate get err:Get \"https://api.coinmarketcap.com/data-api/v3/cryptocurrency/detail/chart?convertId=2787&id=825&range=1H\": context deadline exceeded (Client.Timeout exceeded while awaiting headers)"}
{"level":"DEBUG","ts":"2023-10-02T18:43:52.628+0800","caller":"dao/mdb.go:46","msg":"[store_db] mysql connDB success"}
{"level":"DEBUG","ts":"2023-10-02T18:43:52.631+0800","caller":"dao/rdb.go:39","msg":"[store_redis] redis connRdb success,suc=%sPONG"}
{"level":"INFO","ts":"2023-10-02T18:43:52.632+0800","caller":"log/log.go:162","msg":"Starting processing"}
{"level":"INFO","ts":"2023-10-02T18:43:52.632+0800","caller":"log/log.go:162","msg":"Send signal TERM or INT to terminate the process"}
{"level":"DEBUG","ts":"2023-10-02T18:52:25.621+0800","caller":"dao/mdb.go:46","msg":"[store_db] mysql connDB success"}
{"level":"DEBUG","ts":"2023-10-02T18:52:25.623+0800","caller":"dao/rdb.go:39","msg":"[store_redis] redis connRdb success,suc=%sPONG"}
{"level":"INFO","ts":"2023-10-02T18:52:25.625+0800","caller":"log/log.go:162","msg":"Starting processing"}
{"level":"INFO","ts":"2023-10-02T18:52:25.625+0800","caller":"log/log.go:162","msg":"Send signal TERM or INT to terminate the process"}
{"level":"DEBUG","ts":"2023-10-02T18:53:45.766+0800","caller":"dao/mdb.go:46","msg":"[store_db] mysql connDB success"}
{"level":"DEBUG","ts":"2023-10-02T18:53:45.767+0800","caller":"dao/rdb.go:39","msg":"[store_redis] redis connRdb success,suc=%sPONG"}
{"level":"INFO","ts":"2023-10-02T18:53:45.768+0800","caller":"log/log.go:162","msg":"Starting processing"}
{"level":"INFO","ts":"2023-10-02T18:53:45.768+0800","caller":"log/log.go:162","msg":"Send signal TERM or INT to terminate the process"}
{"level":"DEBUG","ts":"2023-10-02T18:54:43.783+0800","caller":"dao/mdb.go:46","msg":"[store_db] mysql connDB success"}
{"level":"DEBUG","ts":"2023-10-02T18:54:43.784+0800","caller":"dao/rdb.go:39","msg":"[store_redis] redis connRdb success,suc=%sPONG"}
{"level":"INFO","ts":"2023-10-02T18:54:43.785+0800","caller":"log/log.go:162","msg":"Starting processing"}
{"level":"INFO","ts":"2023-10-02T18:54:43.785+0800","caller":"log/log.go:162","msg":"Send signal TERM or INT to terminate the process"}
{"level":"DEBUG","ts":"2023-10-02T18:56:07.133+0800","caller":"dao/mdb.go:46","msg":"[store_db] mysql connDB success"}
{"level":"DEBUG","ts":"2023-10-02T18:56:07.135+0800","caller":"dao/rdb.go:39","msg":"[store_redis] redis connRdb success,suc=%sPONG"}
{"level":"INFO","ts":"2023-10-02T18:56:07.137+0800","caller":"log/log.go:162","msg":"Starting processing"}
{"level":"INFO","ts":"2023-10-02T18:56:07.137+0800","caller":"log/log.go:162","msg":"Send signal TERM or INT to terminate the process"}
{"level":"DEBUG","ts":"2023-10-02T19:05:35.098+0800","caller":"dao/mdb.go:46","msg":"[store_db] mysql connDB success"}
{"level":"DEBUG","ts":"2023-10-02T19:05:35.100+0800","caller":"dao/rdb.go:39","msg":"[store_redis] redis connRdb success,suc=%sPONG"}
{"level":"INFO","ts":"2023-10-02T19:05:35.100+0800","caller":"log/log.go:162","msg":"Starting processing"}
{"level":"INFO","ts":"2023-10-02T19:05:35.101+0800","caller":"log/log.go:162","msg":"Send signal TERM or INT to terminate the process"}
{"level":"DEBUG","ts":"2023-10-02T19:54:03.188+0800","caller":"dao/mdb.go:46","msg":"[store_db] mysql connDB success"}
{"level":"DEBUG","ts":"2023-10-02T19:54:03.190+0800","caller":"dao/rdb.go:39","msg":"[store_redis] redis connRdb success,suc=%sPONG"}
{"level":"INFO","ts":"2023-10-02T19:54:03.192+0800","caller":"log/log.go:162","msg":"Starting processing"}
{"level":"INFO","ts":"2023-10-02T19:54:03.192+0800","caller":"log/log.go:162","msg":"Send signal TERM or INT to terminate the process"}
{"level":"DEBUG","ts":"2023-10-02T19:54:52.184+0800","caller":"dao/mdb.go:46","msg":"[store_db] mysql connDB success"}
{"level":"DEBUG","ts":"2023-10-02T19:54:52.187+0800","caller":"dao/rdb.go:39","msg":"[store_redis] redis connRdb success,suc=%sPONG"}
{"level":"INFO","ts":"2023-10-02T19:54:52.188+0800","caller":"log/log.go:162","msg":"Starting processing"}
{"level":"INFO","ts":"2023-10-02T19:54:52.189+0800","caller":"log/log.go:162","msg":"Send signal TERM or INT to terminate the process"}
{"level":"DEBUG","ts":"2023-10-02T19:55:39.745+0800","caller":"dao/mdb.go:46","msg":"[store_db] mysql connDB success"}
{"level":"DEBUG","ts":"2023-10-02T19:55:39.746+0800","caller":"dao/rdb.go:39","msg":"[store_redis] redis connRdb success,suc=%sPONG"}
{"level":"INFO","ts":"2023-10-02T19:55:39.747+0800","caller":"log/log.go:162","msg":"Starting processing"}
{"level":"INFO","ts":"2023-10-02T19:55:39.747+0800","caller":"log/log.go:162","msg":"Send signal TERM or INT to terminate the process"}
{"level":"DEBUG","ts":"2023-10-02T19:56:02.534+0800","caller":"dao/mdb.go:46","msg":"[store_db] mysql connDB success"}
{"level":"DEBUG","ts":"2023-10-02T19:56:02.535+0800","caller":"dao/rdb.go:39","msg":"[store_redis] redis connRdb success,suc=%sPONG"}
{"level":"INFO","ts":"2023-10-02T19:56:02.535+0800","caller":"log/log.go:162","msg":"Starting processing"}
{"level":"INFO","ts":"2023-10-02T19:56:02.536+0800","caller":"log/log.go:162","msg":"Send signal TERM or INT to terminate the process"}
{"level":"ERROR","ts":"2023-10-02T19:57:07.013+0800","caller":"task/usdt_rate_job.go:43","msg":"usdt rate get err:Get \"https://api.coinmarketcap.com/data-api/v3/cryptocurrency/detail/chart?convertId=2787&id=825&range=1H\": context deadline exceeded (Client.Timeout exceeded while awaiting headers)"}
{"level":"ERROR","ts":"2023-10-02T19:58:07.014+0800","caller":"task/usdt_rate_job.go:43","msg":"usdt rate get err:Get \"https://api.coinmarketcap.com/data-api/v3/cryptocurrency/detail/chart?convertId=2787&id=825&range=1H\": context deadline exceeded (Client.Timeout exceeded while awaiting headers)"}
{"level":"ERROR","ts":"2023-10-02T19:59:07.021+0800","caller":"task/usdt_rate_job.go:43","msg":"usdt rate get err:Get \"https://api.coinmarketcap.com/data-api/v3/cryptocurrency/detail/chart?convertId=2787&id=825&range=1H\": context deadline exceeded (Client.Timeout exceeded while awaiting headers)"}
{"level":"ERROR","ts":"2023-10-02T20:00:07.011+0800","caller":"task/usdt_rate_job.go:43","msg":"usdt rate get err:Get \"https://api.coinmarketcap.com/data-api/v3/cryptocurrency/detail/chart?convertId=2787&id=825&range=1H\": context deadline exceeded (Client.Timeout exceeded while awaiting headers)"}
{"level":"ERROR","ts":"2023-10-02T20:01:07.011+0800","caller":"task/usdt_rate_job.go:43","msg":"usdt rate get err:Get \"https://api.coinmarketcap.com/data-api/v3/cryptocurrency/detail/chart?convertId=2787&id=825&range=1H\": context deadline exceeded (Client.Timeout exceeded while awaiting headers)"}
{"level":"ERROR","ts":"2023-10-02T20:02:07.016+0800","caller":"task/usdt_rate_job.go:43","msg":"usdt rate get err:Get \"https://api.coinmarketcap.com/data-api/v3/cryptocurrency/detail/chart?convertId=2787&id=825&range=1H\": context deadline exceeded (Client.Timeout exceeded while awaiting headers)"}
{"level":"ERROR","ts":"2023-10-02T20:03:07.016+0800","caller":"task/usdt_rate_job.go:43","msg":"usdt rate get err:Get \"https://api.coinmarketcap.com/data-api/v3/cryptocurrency/detail/chart?convertId=2787&id=825&range=1H\": context deadline exceeded (Client.Timeout exceeded while awaiting headers)"}
{"level":"ERROR","ts":"2023-10-02T20:04:07.007+0800","caller":"task/usdt_rate_job.go:43","msg":"usdt rate get err:Get \"https://api.coinmarketcap.com/data-api/v3/cryptocurrency/detail/chart?convertId=2787&id=825&range=1H\": context deadline exceeded (Client.Timeout exceeded while awaiting headers)"}
{"level":"ERROR","ts":"2023-10-02T20:05:07.010+0800","caller":"task/usdt_rate_job.go:43","msg":"usdt rate get err:Get \"https://api.coinmarketcap.com/data-api/v3/cryptocurrency/detail/chart?convertId=2787&id=825&range=1H\": context deadline exceeded (Client.Timeout exceeded while awaiting headers)"}
{"level":"ERROR","ts":"2023-10-02T20:06:07.006+0800","caller":"task/usdt_rate_job.go:43","msg":"usdt rate get err:Get \"https://api.coinmarketcap.com/data-api/v3/cryptocurrency/detail/chart?convertId=2787&id=825&range=1H\": context deadline exceeded (Client.Timeout exceeded while awaiting headers)"}
{"level":"ERROR","ts":"2023-10-02T20:07:07.011+0800","caller":"task/usdt_rate_job.go:43","msg":"usdt rate get err:Get \"https://api.coinmarketcap.com/data-api/v3/cryptocurrency/detail/chart?convertId=2787&id=825&range=1H\": context deadline exceeded (Client.Timeout exceeded while awaiting headers)"}
{"level":"ERROR","ts":"2023-10-02T20:08:07.007+0800","caller":"task/usdt_rate_job.go:43","msg":"usdt rate get err:Get \"https://api.coinmarketcap.com/data-api/v3/cryptocurrency/detail/chart?convertId=2787&id=825&range=1H\": context deadline exceeded (Client.Timeout exceeded while awaiting headers)"}
{"level":"ERROR","ts":"2023-10-02T20:09:07.016+0800","caller":"task/usdt_rate_job.go:43","msg":"usdt rate get err:Get \"https://api.coinmarketcap.com/data-api/v3/cryptocurrency/detail/chart?convertId=2787&id=825&range=1H\": context deadline exceeded (Client.Timeout exceeded while awaiting headers)"}
{"level":"DEBUG","ts":"2023-10-02T20:29:02.323+0800","caller":"dao/mdb.go:46","msg":"[store_db] mysql connDB success"}
{"level":"DEBUG","ts":"2023-10-02T20:29:02.324+0800","caller":"dao/rdb.go:39","msg":"[store_redis] redis connRdb success,suc=%sPONG"}
{"level":"INFO","ts":"2023-10-02T20:29:02.325+0800","caller":"log/log.go:162","msg":"Starting processing"}
{"level":"INFO","ts":"2023-10-02T20:29:02.325+0800","caller":"log/log.go:162","msg":"Send signal TERM or INT to terminate the process"}
{"level":"ERROR","ts":"2023-10-02T20:30:07.017+0800","caller":"task/usdt_rate_job.go:43","msg":"usdt rate get err:Get \"https://api.coinmarketcap.com/data-api/v3/cryptocurrency/detail/chart?convertId=2787&id=825&range=1H\": context deadline exceeded (Client.Timeout exceeded while awaiting headers)"}
{"level":"ERROR","ts":"2023-10-02T20:31:07.016+0800","caller":"task/usdt_rate_job.go:43","msg":"usdt rate get err:Get \"https://api.coinmarketcap.com/data-api/v3/cryptocurrency/detail/chart?convertId=2787&id=825&range=1H\": context deadline exceeded (Client.Timeout exceeded while awaiting headers)"}
{"level":"DEBUG","ts":"2023-10-02T20:31:31.450+0800","caller":"dao/mdb.go:46","msg":"[store_db] mysql connDB success"}
{"level":"DEBUG","ts":"2023-10-02T20:31:31.452+0800","caller":"dao/rdb.go:39","msg":"[store_redis] redis connRdb success,suc=%sPONG"}
{"level":"INFO","ts":"2023-10-02T20:31:31.453+0800","caller":"log/log.go:162","msg":"Starting processing"}
{"level":"INFO","ts":"2023-10-02T20:31:31.453+0800","caller":"log/log.go:162","msg":"Send signal TERM or INT to terminate the process"}
{"level":"DEBUG","ts":"2023-10-02T20:32:37.323+0800","caller":"dao/mdb.go:46","msg":"[store_db] mysql connDB success"}
{"level":"DEBUG","ts":"2023-10-02T20:32:37.325+0800","caller":"dao/rdb.go:39","msg":"[store_redis] redis connRdb success,suc=%sPONG"}
{"level":"INFO","ts":"2023-10-02T20:32:37.325+0800","caller":"log/log.go:162","msg":"Starting processing"}
{"level":"INFO","ts":"2023-10-02T20:32:37.325+0800","caller":"log/log.go:162","msg":"Send signal TERM or INT to terminate the process"}
{"level":"ERROR","ts":"2023-10-02T20:33:42.005+0800","caller":"task/usdt_rate_job.go:43","msg":"usdt rate get err:Get \"https://api.coinmarketcap.com/data-api/v3/cryptocurrency/detail/chart?convertId=2787&id=825&range=1H\": context deadline exceeded (Client.Timeout exceeded while awaiting headers)"}
{"level":"DEBUG","ts":"2023-10-02T20:33:54.834+0800","caller":"dao/mdb.go:46","msg":"[store_db] mysql connDB success"}
{"level":"DEBUG","ts":"2023-10-02T20:33:54.836+0800","caller":"dao/rdb.go:39","msg":"[store_redis] redis connRdb success,suc=%sPONG"}
{"level":"INFO","ts":"2023-10-02T20:33:54.837+0800","caller":"log/log.go:162","msg":"Starting processing"}
{"level":"INFO","ts":"2023-10-02T20:33:54.837+0800","caller":"log/log.go:162","msg":"Send signal TERM or INT to terminate the process"}
{"level":"DEBUG","ts":"2023-10-02T20:34:25.333+0800","caller":"dao/mdb.go:46","msg":"[store_db] mysql connDB success"}
{"level":"DEBUG","ts":"2023-10-02T20:34:25.334+0800","caller":"dao/rdb.go:39","msg":"[store_redis] redis connRdb success,suc=%sPONG"}
{"level":"INFO","ts":"2023-10-02T20:34:25.335+0800","caller":"log/log.go:162","msg":"Starting processing"}
{"level":"INFO","ts":"2023-10-02T20:34:25.335+0800","caller":"log/log.go:162","msg":"Send signal TERM or INT to terminate the process"}
{"level":"DEBUG","ts":"2023-10-02T20:35:16.070+0800","caller":"dao/mdb.go:46","msg":"[store_db] mysql connDB success"}
{"level":"DEBUG","ts":"2023-10-02T20:35:16.071+0800","caller":"dao/rdb.go:39","msg":"[store_redis] redis connRdb success,suc=%sPONG"}
{"level":"INFO","ts":"2023-10-02T20:35:16.072+0800","caller":"log/log.go:162","msg":"Starting processing"}
{"level":"INFO","ts":"2023-10-02T20:35:16.073+0800","caller":"log/log.go:162","msg":"Send signal TERM or INT to terminate the process"}
{"level":"DEBUG","ts":"2023-10-02T20:35:43.340+0800","caller":"dao/mdb.go:46","msg":"[store_db] mysql connDB success"}
{"level":"DEBUG","ts":"2023-10-02T20:35:43.342+0800","caller":"dao/rdb.go:39","msg":"[store_redis] redis connRdb success,suc=%sPONG"}
{"level":"INFO","ts":"2023-10-02T20:35:43.343+0800","caller":"log/log.go:162","msg":"Starting processing"}
{"level":"INFO","ts":"2023-10-02T20:35:43.343+0800","caller":"log/log.go:162","msg":"Send signal TERM or INT to terminate the process"}
{"level":"DEBUG","ts":"2023-10-02T20:37:59.680+0800","caller":"dao/mdb.go:46","msg":"[store_db] mysql connDB success"}
{"level":"DEBUG","ts":"2023-10-02T20:37:59.682+0800","caller":"dao/rdb.go:39","msg":"[store_redis] redis connRdb success,suc=%sPONG"}
{"level":"INFO","ts":"2023-10-02T20:37:59.682+0800","caller":"log/log.go:162","msg":"Starting processing"}
{"level":"INFO","ts":"2023-10-02T20:37:59.682+0800","caller":"log/log.go:162","msg":"Send signal TERM or INT to terminate the process"}
{"level":"DEBUG","ts":"2023-10-02T20:38:32.118+0800","caller":"dao/mdb.go:46","msg":"[store_db] mysql connDB success"}
{"level":"DEBUG","ts":"2023-10-02T20:38:32.120+0800","caller":"dao/rdb.go:39","msg":"[store_redis] redis connRdb success,suc=%sPONG"}
{"level":"INFO","ts":"2023-10-02T20:38:32.120+0800","caller":"log/log.go:162","msg":"Starting processing"}
{"level":"INFO","ts":"2023-10-02T20:38:32.120+0800","caller":"log/log.go:162","msg":"Send signal TERM or INT to terminate the process"}
{"level":"DEBUG","ts":"2023-10-02T20:40:05.378+0800","caller":"dao/mdb.go:46","msg":"[store_db] mysql connDB success"}
{"level":"DEBUG","ts":"2023-10-02T20:40:05.379+0800","caller":"dao/rdb.go:39","msg":"[store_redis] redis connRdb success,suc=%sPONG"}
{"level":"INFO","ts":"2023-10-02T20:40:05.380+0800","caller":"log/log.go:162","msg":"Starting processing"}
{"level":"INFO","ts":"2023-10-02T20:40:05.380+0800","caller":"log/log.go:162","msg":"Send signal TERM or INT to terminate the process"}
{"level":"DEBUG","ts":"2023-10-02T20:40:37.956+0800","caller":"dao/mdb.go:46","msg":"[store_db] mysql connDB success"}
{"level":"DEBUG","ts":"2023-10-02T20:40:37.957+0800","caller":"dao/rdb.go:39","msg":"[store_redis] redis connRdb success,suc=%sPONG"}
{"level":"INFO","ts":"2023-10-02T20:40:37.958+0800","caller":"log/log.go:162","msg":"Starting processing"}
{"level":"INFO","ts":"2023-10-02T20:40:37.958+0800","caller":"log/log.go:162","msg":"Send signal TERM or INT to terminate the process"}
{"level":"DEBUG","ts":"2023-10-02T20:42:27.432+0800","caller":"dao/mdb.go:46","msg":"[store_db] mysql connDB success"}
{"level":"DEBUG","ts":"2023-10-02T20:42:27.435+0800","caller":"dao/rdb.go:39","msg":"[store_redis] redis connRdb success,suc=%sPONG"}
{"level":"INFO","ts":"2023-10-02T20:42:27.436+0800","caller":"log/log.go:162","msg":"Starting processing"}
{"level":"INFO","ts":"2023-10-02T20:42:27.436+0800","caller":"log/log.go:162","msg":"Send signal TERM or INT to terminate the process"}
