{"level":"DEBUG","ts":"2023-10-11T18:38:34.410+0800","caller":"dao/mdb.go:46","msg":"[store_db] mysql connDB success"}
{"level":"DEBUG","ts":"2023-10-11T18:41:26.143+0800","caller":"dao/mdb.go:46","msg":"[store_db] mysql connDB success"}
{"level":"DEBUG","ts":"2023-10-11T18:41:26.147+0800","caller":"dao/rdb.go:39","msg":"[store_redis] redis connRdb success,suc=%sPONG"}
{"level":"INFO","ts":"2023-10-11T18:41:26.148+0800","caller":"log/log.go:162","msg":"Starting processing"}
{"level":"INFO","ts":"2023-10-11T18:41:26.148+0800","caller":"log/log.go:162","msg":"Send signal TERM or INT to terminate the process"}
{"level":"ERROR","ts":"2023-10-11T18:42:31.007+0800","caller":"task/usdt_rate_job.go:43","msg":"usdt rate get err:Get \"https://api.coinmarketcap.com/data-api/v3/cryptocurrency/detail/chart?convertId=2787&id=825&range=1H\": context deadline exceeded (Client.Timeout exceeded while awaiting headers)"}
{"level":"ERROR","ts":"2023-10-11T18:43:31.008+0800","caller":"task/usdt_rate_job.go:43","msg":"usdt rate get err:Get \"https://api.coinmarketcap.com/data-api/v3/cryptocurrency/detail/chart?convertId=2787&id=825&range=1H\": context deadline exceeded (Client.Timeout exceeded while awaiting headers)"}
{"level":"ERROR","ts":"2023-10-11T18:44:31.022+0800","caller":"task/usdt_rate_job.go:43","msg":"usdt rate get err:Get \"https://api.coinmarketcap.com/data-api/v3/cryptocurrency/detail/chart?convertId=2787&id=825&range=1H\": context deadline exceeded (Client.Timeout exceeded while awaiting headers)"}
{"level":"ERROR","ts":"2023-10-11T18:45:31.006+0800","caller":"task/usdt_rate_job.go:43","msg":"usdt rate get err:Get \"https://api.coinmarketcap.com/data-api/v3/cryptocurrency/detail/chart?convertId=2787&id=825&range=1H\": context deadline exceeded (Client.Timeout exceeded while awaiting headers)"}
{"level":"ERROR","ts":"2023-10-11T18:46:31.016+0800","caller":"task/usdt_rate_job.go:43","msg":"usdt rate get err:Get \"https://api.coinmarketcap.com/data-api/v3/cryptocurrency/detail/chart?convertId=2787&id=825&range=1H\": context deadline exceeded (Client.Timeout exceeded while awaiting headers)"}
{"level":"ERROR","ts":"2023-10-11T18:47:31.013+0800","caller":"task/usdt_rate_job.go:43","msg":"usdt rate get err:Get \"https://api.coinmarketcap.com/data-api/v3/cryptocurrency/detail/chart?convertId=2787&id=825&range=1H\": context deadline exceeded (Client.Timeout exceeded while awaiting headers)"}
{"level":"ERROR","ts":"2023-10-11T18:48:31.009+0800","caller":"task/usdt_rate_job.go:43","msg":"usdt rate get err:Get \"https://api.coinmarketcap.com/data-api/v3/cryptocurrency/detail/chart?convertId=2787&id=825&range=1H\": context deadline exceeded (Client.Timeout exceeded while awaiting headers)"}
{"level":"ERROR","ts":"2023-10-11T18:49:31.012+0800","caller":"task/usdt_rate_job.go:43","msg":"usdt rate get err:Get \"https://api.coinmarketcap.com/data-api/v3/cryptocurrency/detail/chart?convertId=2787&id=825&range=1H\": context deadline exceeded (Client.Timeout exceeded while awaiting headers)"}
{"level":"ERROR","ts":"2023-10-11T18:50:31.007+0800","caller":"task/usdt_rate_job.go:43","msg":"usdt rate get err:Get \"https://api.coinmarketcap.com/data-api/v3/cryptocurrency/detail/chart?convertId=2787&id=825&range=1H\": context deadline exceeded (Client.Timeout exceeded while awaiting headers)"}
{"level":"ERROR","ts":"2023-10-11T18:51:31.020+0800","caller":"task/usdt_rate_job.go:43","msg":"usdt rate get err:Get \"https://api.coinmarketcap.com/data-api/v3/cryptocurrency/detail/chart?convertId=2787&id=825&range=1H\": context deadline exceeded (Client.Timeout exceeded while awaiting headers)"}
{"level":"ERROR","ts":"2023-10-11T18:52:31.013+0800","caller":"task/usdt_rate_job.go:43","msg":"usdt rate get err:Get \"https://api.coinmarketcap.com/data-api/v3/cryptocurrency/detail/chart?convertId=2787&id=825&range=1H\": context deadline exceeded (Client.Timeout exceeded while awaiting headers)"}
{"level":"ERROR","ts":"2023-10-11T18:53:31.021+0800","caller":"task/usdt_rate_job.go:43","msg":"usdt rate get err:Get \"https://api.coinmarketcap.com/data-api/v3/cryptocurrency/detail/chart?convertId=2787&id=825&range=1H\": context deadline exceeded (Client.Timeout exceeded while awaiting headers)"}
{"level":"ERROR","ts":"2023-10-11T18:54:31.011+0800","caller":"task/usdt_rate_job.go:43","msg":"usdt rate get err:Get \"https://api.coinmarketcap.com/data-api/v3/cryptocurrency/detail/chart?convertId=2787&id=825&range=1H\": context deadline exceeded (Client.Timeout exceeded while awaiting headers)"}
{"level":"ERROR","ts":"2023-10-11T18:55:31.011+0800","caller":"task/usdt_rate_job.go:43","msg":"usdt rate get err:Get \"https://api.coinmarketcap.com/data-api/v3/cryptocurrency/detail/chart?convertId=2787&id=825&range=1H\": context deadline exceeded (Client.Timeout exceeded while awaiting headers)"}
{"level":"ERROR","ts":"2023-10-11T18:56:31.012+0800","caller":"task/usdt_rate_job.go:43","msg":"usdt rate get err:Get \"https://api.coinmarketcap.com/data-api/v3/cryptocurrency/detail/chart?convertId=2787&id=825&range=1H\": context deadline exceeded (Client.Timeout exceeded while awaiting headers)"}
{"level":"ERROR","ts":"2023-10-11T18:57:31.014+0800","caller":"task/usdt_rate_job.go:43","msg":"usdt rate get err:Get \"https://api.coinmarketcap.com/data-api/v3/cryptocurrency/detail/chart?convertId=2787&id=825&range=1H\": context deadline exceeded (Client.Timeout exceeded while awaiting headers)"}
{"level":"ERROR","ts":"2023-10-11T18:58:31.007+0800","caller":"task/usdt_rate_job.go:43","msg":"usdt rate get err:Get \"https://api.coinmarketcap.com/data-api/v3/cryptocurrency/detail/chart?convertId=2787&id=825&range=1H\": context deadline exceeded (Client.Timeout exceeded while awaiting headers)"}
{"level":"ERROR","ts":"2023-10-11T18:59:31.015+0800","caller":"task/usdt_rate_job.go:43","msg":"usdt rate get err:Get \"https://api.coinmarketcap.com/data-api/v3/cryptocurrency/detail/chart?convertId=2787&id=825&range=1H\": context deadline exceeded (Client.Timeout exceeded while awaiting headers)"}
{"level":"ERROR","ts":"2023-10-11T19:00:31.015+0800","caller":"task/usdt_rate_job.go:43","msg":"usdt rate get err:Get \"https://api.coinmarketcap.com/data-api/v3/cryptocurrency/detail/chart?convertId=2787&id=825&range=1H\": context deadline exceeded (Client.Timeout exceeded while awaiting headers)"}
{"level":"ERROR","ts":"2023-10-11T19:01:31.015+0800","caller":"task/usdt_rate_job.go:43","msg":"usdt rate get err:Get \"https://api.coinmarketcap.com/data-api/v3/cryptocurrency/detail/chart?convertId=2787&id=825&range=1H\": context deadline exceeded (Client.Timeout exceeded while awaiting headers)"}
{"level":"DEBUG","ts":"2023-10-11T20:31:48.766+0800","caller":"dao/mdb.go:46","msg":"[store_db] mysql connDB success"}
{"level":"DEBUG","ts":"2023-10-11T20:31:48.768+0800","caller":"dao/rdb.go:39","msg":"[store_redis] redis connRdb success,suc=%sPONG"}
{"level":"INFO","ts":"2023-10-11T20:31:48.768+0800","caller":"log/log.go:162","msg":"Starting processing"}
{"level":"INFO","ts":"2023-10-11T20:31:48.768+0800","caller":"log/log.go:162","msg":"Send signal TERM or INT to terminate the process"}
{"level":"ERROR","ts":"2023-10-11T20:32:53.016+0800","caller":"task/usdt_rate_job.go:43","msg":"usdt rate get err:Get \"https://api.coinmarketcap.com/data-api/v3/cryptocurrency/detail/chart?convertId=2787&id=825&range=1H\": context deadline exceeded (Client.Timeout exceeded while awaiting headers)"}
{"level":"ERROR","ts":"2023-10-11T20:32:53.017+0800","caller":"service/task_service.go:75","msg":"Get \"https://apilist.tronscanapi.com/api/transfer/trc20?address=TUe53VJrJqp9fWgRTGaPUtwanw1ZfnM2qM&db_version=1&direction=2&end_timestamp=1697027568011&limit=50&reverse=true&sort=-timestamp&start=0&start_timestamp=1696941168011&trc20Id=TR7NHqjeKQxGTCi8q8ZY4pL8otSzgjLj6t\": context deadline exceeded (Client.Timeout exceeded while awaiting headers)"}
{"level":"ERROR","ts":"2023-10-11T20:33:53.017+0800","caller":"task/usdt_rate_job.go:43","msg":"usdt rate get err:Get \"https://api.coinmarketcap.com/data-api/v3/cryptocurrency/detail/chart?convertId=2787&id=825&range=1H\": context deadline exceeded (Client.Timeout exceeded while awaiting headers)"}
{"level":"ERROR","ts":"2023-10-11T20:34:53.009+0800","caller":"task/usdt_rate_job.go:43","msg":"usdt rate get err:Get \"https://api.coinmarketcap.com/data-api/v3/cryptocurrency/detail/chart?convertId=2787&id=825&range=1H\": context deadline exceeded (Client.Timeout exceeded while awaiting headers)"}
{"level":"ERROR","ts":"2023-10-11T20:35:08.007+0800","caller":"service/task_service.go:75","msg":"Get \"https://apilist.tronscanapi.com/api/transfer/trc20?address=TUe53VJrJqp9fWgRTGaPUtwanw1ZfnM2qM&db_version=1&direction=2&end_timestamp=1697027703003&limit=50&reverse=true&sort=-timestamp&start=0&start_timestamp=1696941303003&trc20Id=TR7NHqjeKQxGTCi8q8ZY4pL8otSzgjLj6t\": context deadline exceeded (Client.Timeout exceeded while awaiting headers)"}
