{"level":"DEBUG","ts":"2023-09-20T07:45:08.769+0800","caller":"dao/mdb.go:46","msg":"[store_db] mysql connDB success"}
{"level":"DEBUG","ts":"2023-09-20T07:45:08.772+0800","caller":"dao/rdb.go:39","msg":"[store_redis] redis connRdb success,suc=%sPONG"}
{"level":"INFO","ts":"2023-09-20T07:45:08.772+0800","caller":"log/log.go:162","msg":"Starting processing"}
{"level":"INFO","ts":"2023-09-20T07:45:08.772+0800","caller":"log/log.go:162","msg":"Send signal TERM or INT to terminate the process"}
{"level":"ERROR","ts":"2023-09-20T07:45:29.850+0800","caller":"telegram/telegram.go:25","msg":"telebot: Post \"https://api.telegram.org/bot/getMe\": dial tcp 128.121.243.76:443: connectex: A connection attempt failed because the connected party did not properly respond after a period of time, or established connection failed because connected host has failed to respond."}
{"level":"ERROR","ts":"2023-09-20T07:46:13.011+0800","caller":"task/usdt_rate_job.go:43","msg":"usdt rate get err:Get \"https://api.coinmarketcap.com/data-api/v3/cryptocurrency/detail/chart?convertId=2787&id=825&range=1H\": context deadline exceeded (Client.Timeout exceeded while awaiting headers)"}
{"level":"ERROR","ts":"2023-09-20T07:47:13.023+0800","caller":"task/usdt_rate_job.go:43","msg":"usdt rate get err:Get \"https://api.coinmarketcap.com/data-api/v3/cryptocurrency/detail/chart?convertId=2787&id=825&range=1H\": context deadline exceeded (Client.Timeout exceeded while awaiting headers)"}
{"level":"ERROR","ts":"2023-09-20T07:48:13.010+0800","caller":"task/usdt_rate_job.go:43","msg":"usdt rate get err:Get \"https://api.coinmarketcap.com/data-api/v3/cryptocurrency/detail/chart?convertId=2787&id=825&range=1H\": context deadline exceeded (Client.Timeout exceeded while awaiting headers)"}
{"level":"ERROR","ts":"2023-09-20T07:49:13.014+0800","caller":"task/usdt_rate_job.go:43","msg":"usdt rate get err:Get \"https://api.coinmarketcap.com/data-api/v3/cryptocurrency/detail/chart?convertId=2787&id=825&range=1H\": context deadline exceeded (Client.Timeout exceeded while awaiting headers)"}
{"level":"ERROR","ts":"2023-09-20T07:50:13.014+0800","caller":"task/usdt_rate_job.go:43","msg":"usdt rate get err:Get \"https://api.coinmarketcap.com/data-api/v3/cryptocurrency/detail/chart?convertId=2787&id=825&range=1H\": context deadline exceeded (Client.Timeout exceeded while awaiting headers)"}
{"level":"ERROR","ts":"2023-09-20T07:51:13.014+0800","caller":"task/usdt_rate_job.go:43","msg":"usdt rate get err:Get \"https://api.coinmarketcap.com/data-api/v3/cryptocurrency/detail/chart?convertId=2787&id=825&range=1H\": context deadline exceeded (Client.Timeout exceeded while awaiting headers)"}
{"level":"ERROR","ts":"2023-09-20T07:52:13.022+0800","caller":"task/usdt_rate_job.go:43","msg":"usdt rate get err:Get \"https://api.coinmarketcap.com/data-api/v3/cryptocurrency/detail/chart?convertId=2787&id=825&range=1H\": context deadline exceeded (Client.Timeout exceeded while awaiting headers)"}
{"level":"ERROR","ts":"2023-09-20T07:53:13.013+0800","caller":"task/usdt_rate_job.go:43","msg":"usdt rate get err:Get \"https://api.coinmarketcap.com/data-api/v3/cryptocurrency/detail/chart?convertId=2787&id=825&range=1H\": context deadline exceeded (Client.Timeout exceeded while awaiting headers)"}
{"level":"ERROR","ts":"2023-09-20T07:54:13.003+0800","caller":"task/usdt_rate_job.go:43","msg":"usdt rate get err:Get \"https://api.coinmarketcap.com/data-api/v3/cryptocurrency/detail/chart?convertId=2787&id=825&range=1H\": context deadline exceeded (Client.Timeout exceeded while awaiting headers)"}
{"level":"DEBUG","ts":"2023-09-20T07:55:43.455+0800","caller":"dao/mdb.go:46","msg":"[store_db] mysql connDB success"}
{"level":"DEBUG","ts":"2023-09-20T07:55:43.456+0800","caller":"dao/rdb.go:39","msg":"[store_redis] redis connRdb success,suc=%sPONG"}
{"level":"INFO","ts":"2023-09-20T07:55:43.457+0800","caller":"log/log.go:162","msg":"Starting processing"}
{"level":"INFO","ts":"2023-09-20T07:55:43.457+0800","caller":"log/log.go:162","msg":"Send signal TERM or INT to terminate the process"}
{"level":"ERROR","ts":"2023-09-20T07:56:04.546+0800","caller":"telegram/telegram.go:25","msg":"telebot: Post \"https://api.telegram.org/bot/getMe\": dial tcp 128.121.243.76:443: connectex: A connection attempt failed because the connected party did not properly respond after a period of time, or established connection failed because connected host has failed to respond."}
{"level":"ERROR","ts":"2023-09-20T07:56:48.012+0800","caller":"task/usdt_rate_job.go:43","msg":"usdt rate get err:Get \"https://api.coinmarketcap.com/data-api/v3/cryptocurrency/detail/chart?convertId=2787&id=825&range=1H\": context deadline exceeded (Client.Timeout exceeded while awaiting headers)"}
{"level":"ERROR","ts":"2023-09-20T07:57:48.015+0800","caller":"task/usdt_rate_job.go:43","msg":"usdt rate get err:Get \"https://api.coinmarketcap.com/data-api/v3/cryptocurrency/detail/chart?convertId=2787&id=825&range=1H\": context deadline exceeded (Client.Timeout exceeded while awaiting headers)"}
{"level":"ERROR","ts":"2023-09-20T07:58:48.004+0800","caller":"task/usdt_rate_job.go:43","msg":"usdt rate get err:Get \"https://api.coinmarketcap.com/data-api/v3/cryptocurrency/detail/chart?convertId=2787&id=825&range=1H\": context deadline exceeded (Client.Timeout exceeded while awaiting headers)"}
{"level":"ERROR","ts":"2023-09-20T07:59:48.003+0800","caller":"task/usdt_rate_job.go:43","msg":"usdt rate get err:Get \"https://api.coinmarketcap.com/data-api/v3/cryptocurrency/detail/chart?convertId=2787&id=825&range=1H\": context deadline exceeded (Client.Timeout exceeded while awaiting headers)"}
{"level":"ERROR","ts":"2023-09-20T08:00:48.017+0800","caller":"task/usdt_rate_job.go:43","msg":"usdt rate get err:Get \"https://api.coinmarketcap.com/data-api/v3/cryptocurrency/detail/chart?convertId=2787&id=825&range=1H\": context deadline exceeded (Client.Timeout exceeded while awaiting headers)"}
{"level":"ERROR","ts":"2023-09-20T08:01:48.019+0800","caller":"task/usdt_rate_job.go:43","msg":"usdt rate get err:Get \"https://api.coinmarketcap.com/data-api/v3/cryptocurrency/detail/chart?convertId=2787&id=825&range=1H\": context deadline exceeded (Client.Timeout exceeded while awaiting headers)"}
{"level":"ERROR","ts":"2023-09-20T08:02:48.005+0800","caller":"task/usdt_rate_job.go:43","msg":"usdt rate get err:Get \"https://api.coinmarketcap.com/data-api/v3/cryptocurrency/detail/chart?convertId=2787&id=825&range=1H\": context deadline exceeded (Client.Timeout exceeded while awaiting headers)"}
{"level":"ERROR","ts":"2023-09-20T08:03:48.016+0800","caller":"task/usdt_rate_job.go:43","msg":"usdt rate get err:Get \"https://api.coinmarketcap.com/data-api/v3/cryptocurrency/detail/chart?convertId=2787&id=825&range=1H\": context deadline exceeded (Client.Timeout exceeded while awaiting headers)"}
{"level":"ERROR","ts":"2023-09-20T08:04:48.004+0800","caller":"task/usdt_rate_job.go:43","msg":"usdt rate get err:Get \"https://api.coinmarketcap.com/data-api/v3/cryptocurrency/detail/chart?convertId=2787&id=825&range=1H\": context deadline exceeded (Client.Timeout exceeded while awaiting headers)"}
{"level":"ERROR","ts":"2023-09-20T08:05:48.024+0800","caller":"task/usdt_rate_job.go:43","msg":"usdt rate get err:Get \"https://api.coinmarketcap.com/data-api/v3/cryptocurrency/detail/chart?convertId=2787&id=825&range=1H\": context deadline exceeded (Client.Timeout exceeded while awaiting headers)"}
{"level":"ERROR","ts":"2023-09-20T08:06:48.019+0800","caller":"task/usdt_rate_job.go:43","msg":"usdt rate get err:Get \"https://api.coinmarketcap.com/data-api/v3/cryptocurrency/detail/chart?convertId=2787&id=825&range=1H\": context deadline exceeded (Client.Timeout exceeded while awaiting headers)"}
{"level":"ERROR","ts":"2023-09-20T08:07:48.015+0800","caller":"task/usdt_rate_job.go:43","msg":"usdt rate get err:Get \"https://api.coinmarketcap.com/data-api/v3/cryptocurrency/detail/chart?convertId=2787&id=825&range=1H\": context deadline exceeded (Client.Timeout exceeded while awaiting headers)"}
{"level":"ERROR","ts":"2023-09-20T08:08:48.012+0800","caller":"task/usdt_rate_job.go:43","msg":"usdt rate get err:Get \"https://api.coinmarketcap.com/data-api/v3/cryptocurrency/detail/chart?convertId=2787&id=825&range=1H\": context deadline exceeded (Client.Timeout exceeded while awaiting headers)"}
{"level":"ERROR","ts":"2023-09-20T08:09:48.012+0800","caller":"task/usdt_rate_job.go:43","msg":"usdt rate get err:Get \"https://api.coinmarketcap.com/data-api/v3/cryptocurrency/detail/chart?convertId=2787&id=825&range=1H\": context deadline exceeded (Client.Timeout exceeded while awaiting headers)"}
{"level":"ERROR","ts":"2023-09-20T08:10:48.009+0800","caller":"task/usdt_rate_job.go:43","msg":"usdt rate get err:Get \"https://api.coinmarketcap.com/data-api/v3/cryptocurrency/detail/chart?convertId=2787&id=825&range=1H\": context deadline exceeded (Client.Timeout exceeded while awaiting headers)"}
{"level":"ERROR","ts":"2023-09-20T08:11:48.023+0800","caller":"task/usdt_rate_job.go:43","msg":"usdt rate get err:Get \"https://api.coinmarketcap.com/data-api/v3/cryptocurrency/detail/chart?convertId=2787&id=825&range=1H\": context deadline exceeded (Client.Timeout exceeded while awaiting headers)"}
{"level":"ERROR","ts":"2023-09-20T08:12:48.013+0800","caller":"task/usdt_rate_job.go:43","msg":"usdt rate get err:Get \"https://api.coinmarketcap.com/data-api/v3/cryptocurrency/detail/chart?convertId=2787&id=825&range=1H\": context deadline exceeded (Client.Timeout exceeded while awaiting headers)"}
{"level":"ERROR","ts":"2023-09-20T08:13:48.023+0800","caller":"task/usdt_rate_job.go:43","msg":"usdt rate get err:Get \"https://api.coinmarketcap.com/data-api/v3/cryptocurrency/detail/chart?convertId=2787&id=825&range=1H\": context deadline exceeded (Client.Timeout exceeded while awaiting headers)"}
{"level":"ERROR","ts":"2023-09-20T08:14:48.024+0800","caller":"task/usdt_rate_job.go:43","msg":"usdt rate get err:Get \"https://api.coinmarketcap.com/data-api/v3/cryptocurrency/detail/chart?convertId=2787&id=825&range=1H\": context deadline exceeded (Client.Timeout exceeded while awaiting headers)"}
{"level":"ERROR","ts":"2023-09-20T08:15:48.006+0800","caller":"task/usdt_rate_job.go:43","msg":"usdt rate get err:Get \"https://api.coinmarketcap.com/data-api/v3/cryptocurrency/detail/chart?convertId=2787&id=825&range=1H\": context deadline exceeded (Client.Timeout exceeded while awaiting headers)"}
{"level":"ERROR","ts":"2023-09-20T08:16:48.012+0800","caller":"task/usdt_rate_job.go:43","msg":"usdt rate get err:Get \"https://api.coinmarketcap.com/data-api/v3/cryptocurrency/detail/chart?convertId=2787&id=825&range=1H\": context deadline exceeded (Client.Timeout exceeded while awaiting headers)"}
{"level":"ERROR","ts":"2023-09-20T08:17:48.012+0800","caller":"task/usdt_rate_job.go:43","msg":"usdt rate get err:Get \"https://api.coinmarketcap.com/data-api/v3/cryptocurrency/detail/chart?convertId=2787&id=825&range=1H\": context deadline exceeded (Client.Timeout exceeded while awaiting headers)"}
{"level":"ERROR","ts":"2023-09-20T08:18:48.012+0800","caller":"task/usdt_rate_job.go:43","msg":"usdt rate get err:Get \"https://api.coinmarketcap.com/data-api/v3/cryptocurrency/detail/chart?convertId=2787&id=825&range=1H\": context deadline exceeded (Client.Timeout exceeded while awaiting headers)"}
{"level":"DEBUG","ts":"2023-09-20T08:30:48.034+0800","caller":"dao/mdb.go:46","msg":"[store_db] mysql connDB success"}
{"level":"DEBUG","ts":"2023-09-20T08:30:48.037+0800","caller":"dao/rdb.go:39","msg":"[store_redis] redis connRdb success,suc=%sPONG"}
{"level":"INFO","ts":"2023-09-20T08:30:48.038+0800","caller":"log/log.go:162","msg":"Starting processing"}
{"level":"INFO","ts":"2023-09-20T08:30:48.038+0800","caller":"log/log.go:162","msg":"Send signal TERM or INT to terminate the process"}
{"level":"ERROR","ts":"2023-09-20T08:30:54.053+0800","caller":"service/task_service.go:69","msg":"&{    map[address:[TUeZ2fREiiGwLpAgZxd9H8NEsYqj8L8DKX] db_version:[1] direction:[2] end_timestamp:[1695169853007] limit:[50] sort:[-timestamp] start:[0] start_timestamp:[1695083453007] trc20Id:[TR7NHqjeKQxGTCi8q8ZY4pL8otSzgjLj6t]] map[] map[] map[] 0001-01-01 00:00:00 +0000 UTC <nil> <nil> <nil> <nil> <nil> <nil> [] 0 false false false false false true false    <nil> map[] 0xc0001123c0 <nil> <nil> [] [] []}"}
{"level":"ERROR","ts":"2023-09-20T08:30:58.894+0800","caller":"service/task_service.go:69","msg":"&{    map[address:[TUeZ2fREiiGwLpAgZxd9H8NEsYqj8L8DKX] db_version:[1] direction:[2] end_timestamp:[1695169858002] limit:[50] sort:[-timestamp] start:[0] start_timestamp:[1695083458002] trc20Id:[TR7NHqjeKQxGTCi8q8ZY4pL8otSzgjLj6t]] map[] map[] map[] 0001-01-01 00:00:00 +0000 UTC <nil> <nil> <nil> <nil> <nil> <nil> [] 0 false false false false false true false    <nil> map[] 0xc0001125a0 <nil> <nil> [] [] []}"}
{"level":"ERROR","ts":"2023-09-20T08:31:03.815+0800","caller":"service/task_service.go:69","msg":"&{    map[address:[TUeZ2fREiiGwLpAgZxd9H8NEsYqj8L8DKX] db_version:[1] direction:[2] end_timestamp:[1695169863016] limit:[50] sort:[-timestamp] start:[0] start_timestamp:[1695083463016] trc20Id:[TR7NHqjeKQxGTCi8q8ZY4pL8otSzgjLj6t]] map[] map[] map[] 0001-01-01 00:00:00 +0000 UTC <nil> <nil> <nil> <nil> <nil> <nil> [] 0 false false false false false true false    <nil> map[] 0xc000112780 <nil> <nil> [] [] []}"}
{"level":"DEBUG","ts":"2023-09-20T08:34:00.464+0800","caller":"dao/mdb.go:46","msg":"[store_db] mysql connDB success"}
{"level":"DEBUG","ts":"2023-09-20T08:34:00.465+0800","caller":"dao/rdb.go:39","msg":"[store_redis] redis connRdb success,suc=%sPONG"}
{"level":"INFO","ts":"2023-09-20T08:34:00.467+0800","caller":"log/log.go:162","msg":"Starting processing"}
{"level":"INFO","ts":"2023-09-20T08:34:00.467+0800","caller":"log/log.go:162","msg":"Send signal TERM or INT to terminate the process"}
{"level":"ERROR","ts":"2023-09-20T08:34:02.576+0800","caller":"telegram/telegram.go:25","msg":"telebot: Post \"https://api.telegram.org/bot/getMe\": dial tcp 103.42.176.244:443: connectex: No connection could be made because the target machine actively refused it."}
{"level":"DEBUG","ts":"2023-09-20T08:35:09.014+0800","caller":"dao/mdb.go:46","msg":"[store_db] mysql connDB success"}
{"level":"DEBUG","ts":"2023-09-20T08:35:09.016+0800","caller":"dao/rdb.go:39","msg":"[store_redis] redis connRdb success,suc=%sPONG"}
{"level":"INFO","ts":"2023-09-20T08:35:09.018+0800","caller":"log/log.go:162","msg":"Starting processing"}
{"level":"INFO","ts":"2023-09-20T08:35:09.018+0800","caller":"log/log.go:162","msg":"Send signal TERM or INT to terminate the process"}
{"level":"DEBUG","ts":"2023-09-20T08:50:28.112+0800","caller":"dao/mdb.go:46","msg":"[store_db] mysql connDB success"}
{"level":"DEBUG","ts":"2023-09-20T08:50:28.114+0800","caller":"dao/rdb.go:39","msg":"[store_redis] redis connRdb success,suc=%sPONG"}
{"level":"INFO","ts":"2023-09-20T08:50:28.115+0800","caller":"log/log.go:162","msg":"Starting processing"}
{"level":"INFO","ts":"2023-09-20T08:50:28.115+0800","caller":"log/log.go:162","msg":"Send signal TERM or INT to terminate the process"}
{"level":"ERROR","ts":"2023-09-20T08:50:49.207+0800","caller":"telegram/telegram.go:25","msg":"telebot: Post \"https://api.telegram.org/bot/getMe\": dial tcp 168.143.171.154:443: connectex: A connection attempt failed because the connected party did not properly respond after a period of time, or established connection failed because connected host has failed to respond."}
{"level":"DEBUG","ts":"2023-09-20T08:53:39.840+0800","caller":"dao/mdb.go:46","msg":"[store_db] mysql connDB success"}
{"level":"DEBUG","ts":"2023-09-20T08:53:39.842+0800","caller":"dao/rdb.go:39","msg":"[store_redis] redis connRdb success,suc=%sPONG"}
{"level":"INFO","ts":"2023-09-20T08:53:39.844+0800","caller":"log/log.go:162","msg":"Starting processing"}
{"level":"INFO","ts":"2023-09-20T08:53:39.844+0800","caller":"log/log.go:162","msg":"Send signal TERM or INT to terminate the process"}
{"level":"ERROR","ts":"2023-09-20T08:54:00.918+0800","caller":"telegram/telegram.go:25","msg":"telebot: Post \"https://api.telegram.org/bot/getMe\": dial tcp 168.143.171.154:443: connectex: A connection attempt failed because the connected party did not properly respond after a period of time, or established connection failed because connected host has failed to respond."}
{"level":"DEBUG","ts":"2023-09-20T08:54:41.187+0800","caller":"dao/mdb.go:46","msg":"[store_db] mysql connDB success"}
{"level":"DEBUG","ts":"2023-09-20T08:54:41.189+0800","caller":"dao/rdb.go:39","msg":"[store_redis] redis connRdb success,suc=%sPONG"}
{"level":"INFO","ts":"2023-09-20T08:54:41.190+0800","caller":"log/log.go:162","msg":"Starting processing"}
{"level":"INFO","ts":"2023-09-20T08:54:41.190+0800","caller":"log/log.go:162","msg":"Send signal TERM or INT to terminate the process"}
{"level":"ERROR","ts":"2023-09-20T08:55:02.227+0800","caller":"telegram/telegram.go:25","msg":"telebot: Post \"https://api.telegram.org/bot/getMe\": dial tcp 168.143.171.154:443: connectex: A connection attempt failed because the connected party did not properly respond after a period of time, or established connection failed because connected host has failed to respond."}
{"level":"ERROR","ts":"2023-09-20T08:55:46.002+0800","caller":"task/usdt_rate_job.go:43","msg":"usdt rate get err:Get \"https://api.coinmarketcap.com/data-api/v3/cryptocurrency/detail/chart?convertId=2787&id=825&range=1H\": context deadline exceeded (Client.Timeout exceeded while awaiting headers)"}
{"level":"DEBUG","ts":"2023-09-20T08:56:26.972+0800","caller":"dao/mdb.go:46","msg":"[store_db] mysql connDB success"}
{"level":"DEBUG","ts":"2023-09-20T08:56:26.974+0800","caller":"dao/rdb.go:39","msg":"[store_redis] redis connRdb success,suc=%sPONG"}
{"level":"INFO","ts":"2023-09-20T08:56:26.975+0800","caller":"log/log.go:162","msg":"Starting processing"}
{"level":"INFO","ts":"2023-09-20T08:56:26.976+0800","caller":"log/log.go:162","msg":"Send signal TERM or INT to terminate the process"}
{"level":"ERROR","ts":"2023-09-20T08:56:48.048+0800","caller":"telegram/telegram.go:25","msg":"telebot: Post \"https://api.telegram.org/bot/getMe\": dial tcp 168.143.171.154:443: connectex: A connection attempt failed because the connected party did not properly respond after a period of time, or established connection failed because connected host has failed to respond."}
{"level":"DEBUG","ts":"2023-09-20T09:06:07.191+0800","caller":"dao/mdb.go:46","msg":"[store_db] mysql connDB success"}
{"level":"DEBUG","ts":"2023-09-20T09:06:07.193+0800","caller":"dao/rdb.go:39","msg":"[store_redis] redis connRdb success,suc=%sPONG"}
{"level":"INFO","ts":"2023-09-20T09:06:07.193+0800","caller":"log/log.go:162","msg":"Starting processing"}
{"level":"INFO","ts":"2023-09-20T09:06:07.193+0800","caller":"log/log.go:162","msg":"Send signal TERM or INT to terminate the process"}
{"level":"ERROR","ts":"2023-09-20T09:06:28.274+0800","caller":"telegram/telegram.go:25","msg":"telebot: Post \"https://api.telegram.org/bot/getMe\": dial tcp 162.125.2.3:443: connectex: A connection attempt failed because the connected party did not properly respond after a period of time, or established connection failed because connected host has failed to respond."}
{"level":"DEBUG","ts":"2023-09-20T09:08:40.126+0800","caller":"dao/mdb.go:46","msg":"[store_db] mysql connDB success"}
{"level":"DEBUG","ts":"2023-09-20T09:08:40.128+0800","caller":"dao/rdb.go:39","msg":"[store_redis] redis connRdb success,suc=%sPONG"}
{"level":"INFO","ts":"2023-09-20T09:08:40.130+0800","caller":"log/log.go:162","msg":"Starting processing"}
{"level":"INFO","ts":"2023-09-20T09:08:40.130+0800","caller":"log/log.go:162","msg":"Send signal TERM or INT to terminate the process"}
{"level":"ERROR","ts":"2023-09-20T09:09:01.200+0800","caller":"telegram/telegram.go:25","msg":"telebot: Post \"https://api.telegram.org/bot/getMe\": dial tcp 162.125.2.3:443: connectex: A connection attempt failed because the connected party did not properly respond after a period of time, or established connection failed because connected host has failed to respond."}
{"level":"ERROR","ts":"2023-09-20T09:09:45.007+0800","caller":"task/usdt_rate_job.go:43","msg":"usdt rate get err:Get \"https://api.coinmarketcap.com/data-api/v3/cryptocurrency/detail/chart?convertId=2787&id=825&range=1H\": context deadline exceeded (Client.Timeout exceeded while awaiting headers)"}
{"level":"DEBUG","ts":"2023-09-20T09:10:55.367+0800","caller":"dao/mdb.go:46","msg":"[store_db] mysql connDB success"}
{"level":"DEBUG","ts":"2023-09-20T09:10:55.370+0800","caller":"dao/rdb.go:39","msg":"[store_redis] redis connRdb success,suc=%sPONG"}
{"level":"INFO","ts":"2023-09-20T09:10:55.371+0800","caller":"log/log.go:162","msg":"Starting processing"}
{"level":"INFO","ts":"2023-09-20T09:10:55.372+0800","caller":"log/log.go:162","msg":"Send signal TERM or INT to terminate the process"}
{"level":"DEBUG","ts":"2023-09-20T09:11:11.807+0800","caller":"dao/mdb.go:46","msg":"[store_db] mysql connDB success"}
{"level":"DEBUG","ts":"2023-09-20T09:11:11.808+0800","caller":"dao/rdb.go:39","msg":"[store_redis] redis connRdb success,suc=%sPONG"}
{"level":"INFO","ts":"2023-09-20T09:11:11.809+0800","caller":"log/log.go:162","msg":"Starting processing"}
{"level":"INFO","ts":"2023-09-20T09:11:11.809+0800","caller":"log/log.go:162","msg":"Send signal TERM or INT to terminate the process"}
{"level":"DEBUG","ts":"2023-09-20T20:21:55.554+0800","caller":"dao/mdb.go:46","msg":"[store_db] mysql connDB success"}
{"level":"DEBUG","ts":"2023-09-20T20:22:58.524+0800","caller":"dao/mdb.go:46","msg":"[store_db] mysql connDB success"}
{"level":"DEBUG","ts":"2023-09-20T20:22:58.526+0800","caller":"dao/rdb.go:39","msg":"[store_redis] redis connRdb success,suc=%sPONG"}
{"level":"INFO","ts":"2023-09-20T20:22:58.527+0800","caller":"log/log.go:162","msg":"Starting processing"}
{"level":"INFO","ts":"2023-09-20T20:22:58.527+0800","caller":"log/log.go:162","msg":"Send signal TERM or INT to terminate the process"}
{"level":"ERROR","ts":"2023-09-20T20:23:19.587+0800","caller":"telegram/telegram.go:25","msg":"telebot: Post \"https://api.telegram.org/bot/getMe\": dial tcp 199.59.148.102:443: connectex: A connection attempt failed because the connected party did not properly respond after a period of time, or established connection failed because connected host has failed to respond."}
{"level":"ERROR","ts":"2023-09-20T20:24:03.016+0800","caller":"task/usdt_rate_job.go:43","msg":"usdt rate get err:Get \"https://api.coinmarketcap.com/data-api/v3/cryptocurrency/detail/chart?convertId=2787&id=825&range=1H\": context deadline exceeded (Client.Timeout exceeded while awaiting headers)"}
{"level":"ERROR","ts":"2023-09-20T20:25:03.015+0800","caller":"task/usdt_rate_job.go:43","msg":"usdt rate get err:Get \"https://api.coinmarketcap.com/data-api/v3/cryptocurrency/detail/chart?convertId=2787&id=825&range=1H\": context deadline exceeded (Client.Timeout exceeded while awaiting headers)"}
{"level":"ERROR","ts":"2023-09-20T20:26:03.002+0800","caller":"task/usdt_rate_job.go:43","msg":"usdt rate get err:Get \"https://api.coinmarketcap.com/data-api/v3/cryptocurrency/detail/chart?convertId=2787&id=825&range=1H\": context deadline exceeded (Client.Timeout exceeded while awaiting headers)"}
{"level":"ERROR","ts":"2023-09-20T20:27:03.014+0800","caller":"task/usdt_rate_job.go:43","msg":"usdt rate get err:Get \"https://api.coinmarketcap.com/data-api/v3/cryptocurrency/detail/chart?convertId=2787&id=825&range=1H\": context deadline exceeded (Client.Timeout exceeded while awaiting headers)"}
{"level":"ERROR","ts":"2023-09-20T20:28:03.022+0800","caller":"task/usdt_rate_job.go:43","msg":"usdt rate get err:Get \"https://api.coinmarketcap.com/data-api/v3/cryptocurrency/detail/chart?convertId=2787&id=825&range=1H\": context deadline exceeded (Client.Timeout exceeded while awaiting headers)"}
{"level":"ERROR","ts":"2023-09-20T20:29:03.013+0800","caller":"task/usdt_rate_job.go:43","msg":"usdt rate get err:Get \"https://api.coinmarketcap.com/data-api/v3/cryptocurrency/detail/chart?convertId=2787&id=825&range=1H\": context deadline exceeded (Client.Timeout exceeded while awaiting headers)"}
{"level":"ERROR","ts":"2023-09-20T20:30:03.020+0800","caller":"task/usdt_rate_job.go:43","msg":"usdt rate get err:Get \"https://api.coinmarketcap.com/data-api/v3/cryptocurrency/detail/chart?convertId=2787&id=825&range=1H\": context deadline exceeded (Client.Timeout exceeded while awaiting headers)"}
{"level":"ERROR","ts":"2023-09-20T20:31:03.017+0800","caller":"task/usdt_rate_job.go:43","msg":"usdt rate get err:Get \"https://api.coinmarketcap.com/data-api/v3/cryptocurrency/detail/chart?convertId=2787&id=825&range=1H\": context deadline exceeded (Client.Timeout exceeded while awaiting headers)"}
{"level":"ERROR","ts":"2023-09-20T20:32:03.017+0800","caller":"task/usdt_rate_job.go:43","msg":"usdt rate get err:Get \"https://api.coinmarketcap.com/data-api/v3/cryptocurrency/detail/chart?convertId=2787&id=825&range=1H\": context deadline exceeded (Client.Timeout exceeded while awaiting headers)"}
{"level":"ERROR","ts":"2023-09-20T20:33:03.017+0800","caller":"task/usdt_rate_job.go:43","msg":"usdt rate get err:Get \"https://api.coinmarketcap.com/data-api/v3/cryptocurrency/detail/chart?convertId=2787&id=825&range=1H\": context deadline exceeded (Client.Timeout exceeded while awaiting headers)"}
{"level":"ERROR","ts":"2023-09-20T20:34:03.015+0800","caller":"task/usdt_rate_job.go:43","msg":"usdt rate get err:Get \"https://api.coinmarketcap.com/data-api/v3/cryptocurrency/detail/chart?convertId=2787&id=825&range=1H\": context deadline exceeded (Client.Timeout exceeded while awaiting headers)"}
{"level":"ERROR","ts":"2023-09-20T20:35:03.008+0800","caller":"task/usdt_rate_job.go:43","msg":"usdt rate get err:Get \"https://api.coinmarketcap.com/data-api/v3/cryptocurrency/detail/chart?convertId=2787&id=825&range=1H\": context deadline exceeded (Client.Timeout exceeded while awaiting headers)"}
{"level":"ERROR","ts":"2023-09-20T20:36:03.011+0800","caller":"task/usdt_rate_job.go:43","msg":"usdt rate get err:Get \"https://api.coinmarketcap.com/data-api/v3/cryptocurrency/detail/chart?convertId=2787&id=825&range=1H\": context deadline exceeded (Client.Timeout exceeded while awaiting headers)"}
{"level":"ERROR","ts":"2023-09-20T20:37:03.009+0800","caller":"task/usdt_rate_job.go:43","msg":"usdt rate get err:Get \"https://api.coinmarketcap.com/data-api/v3/cryptocurrency/detail/chart?convertId=2787&id=825&range=1H\": context deadline exceeded (Client.Timeout exceeded while awaiting headers)"}
{"level":"ERROR","ts":"2023-09-20T20:38:03.017+0800","caller":"task/usdt_rate_job.go:43","msg":"usdt rate get err:Get \"https://api.coinmarketcap.com/data-api/v3/cryptocurrency/detail/chart?convertId=2787&id=825&range=1H\": context deadline exceeded (Client.Timeout exceeded while awaiting headers)"}
{"level":"ERROR","ts":"2023-09-20T20:39:03.018+0800","caller":"task/usdt_rate_job.go:43","msg":"usdt rate get err:Get \"https://api.coinmarketcap.com/data-api/v3/cryptocurrency/detail/chart?convertId=2787&id=825&range=1H\": context deadline exceeded (Client.Timeout exceeded while awaiting headers)"}
{"level":"ERROR","ts":"2023-09-20T20:40:03.014+0800","caller":"task/usdt_rate_job.go:43","msg":"usdt rate get err:Get \"https://api.coinmarketcap.com/data-api/v3/cryptocurrency/detail/chart?convertId=2787&id=825&range=1H\": context deadline exceeded (Client.Timeout exceeded while awaiting headers)"}
{"level":"ERROR","ts":"2023-09-20T20:41:03.014+0800","caller":"task/usdt_rate_job.go:43","msg":"usdt rate get err:Get \"https://api.coinmarketcap.com/data-api/v3/cryptocurrency/detail/chart?convertId=2787&id=825&range=1H\": context deadline exceeded (Client.Timeout exceeded while awaiting headers)"}
{"level":"ERROR","ts":"2023-09-20T20:42:03.008+0800","caller":"task/usdt_rate_job.go:43","msg":"usdt rate get err:Get \"https://api.coinmarketcap.com/data-api/v3/cryptocurrency/detail/chart?convertId=2787&id=825&range=1H\": context deadline exceeded (Client.Timeout exceeded while awaiting headers)"}
{"level":"ERROR","ts":"2023-09-20T20:43:03.014+0800","caller":"task/usdt_rate_job.go:43","msg":"usdt rate get err:Get \"https://api.coinmarketcap.com/data-api/v3/cryptocurrency/detail/chart?convertId=2787&id=825&range=1H\": context deadline exceeded (Client.Timeout exceeded while awaiting headers)"}
{"level":"ERROR","ts":"2023-09-20T20:44:03.009+0800","caller":"task/usdt_rate_job.go:43","msg":"usdt rate get err:Get \"https://api.coinmarketcap.com/data-api/v3/cryptocurrency/detail/chart?convertId=2787&id=825&range=1H\": context deadline exceeded (Client.Timeout exceeded while awaiting headers)"}
{"level":"ERROR","ts":"2023-09-20T20:45:03.012+0800","caller":"task/usdt_rate_job.go:43","msg":"usdt rate get err:Get \"https://api.coinmarketcap.com/data-api/v3/cryptocurrency/detail/chart?convertId=2787&id=825&range=1H\": context deadline exceeded (Client.Timeout exceeded while awaiting headers)"}
{"level":"ERROR","ts":"2023-09-20T20:46:03.023+0800","caller":"task/usdt_rate_job.go:43","msg":"usdt rate get err:Get \"https://api.coinmarketcap.com/data-api/v3/cryptocurrency/detail/chart?convertId=2787&id=825&range=1H\": context deadline exceeded (Client.Timeout exceeded while awaiting headers)"}
{"level":"ERROR","ts":"2023-09-20T20:47:03.016+0800","caller":"task/usdt_rate_job.go:43","msg":"usdt rate get err:Get \"https://api.coinmarketcap.com/data-api/v3/cryptocurrency/detail/chart?convertId=2787&id=825&range=1H\": context deadline exceeded (Client.Timeout exceeded while awaiting headers)"}
{"level":"ERROR","ts":"2023-09-20T20:48:03.005+0800","caller":"task/usdt_rate_job.go:43","msg":"usdt rate get err:Get \"https://api.coinmarketcap.com/data-api/v3/cryptocurrency/detail/chart?convertId=2787&id=825&range=1H\": context deadline exceeded (Client.Timeout exceeded while awaiting headers)"}
{"level":"ERROR","ts":"2023-09-20T20:49:03.021+0800","caller":"task/usdt_rate_job.go:43","msg":"usdt rate get err:Get \"https://api.coinmarketcap.com/data-api/v3/cryptocurrency/detail/chart?convertId=2787&id=825&range=1H\": context deadline exceeded (Client.Timeout exceeded while awaiting headers)"}
{"level":"ERROR","ts":"2023-09-20T20:50:03.016+0800","caller":"task/usdt_rate_job.go:43","msg":"usdt rate get err:Get \"https://api.coinmarketcap.com/data-api/v3/cryptocurrency/detail/chart?convertId=2787&id=825&range=1H\": context deadline exceeded (Client.Timeout exceeded while awaiting headers)"}
{"level":"ERROR","ts":"2023-09-20T20:51:03.019+0800","caller":"task/usdt_rate_job.go:43","msg":"usdt rate get err:Get \"https://api.coinmarketcap.com/data-api/v3/cryptocurrency/detail/chart?convertId=2787&id=825&range=1H\": context deadline exceeded (Client.Timeout exceeded while awaiting headers)"}
{"level":"ERROR","ts":"2023-09-20T20:52:03.009+0800","caller":"task/usdt_rate_job.go:43","msg":"usdt rate get err:Get \"https://api.coinmarketcap.com/data-api/v3/cryptocurrency/detail/chart?convertId=2787&id=825&range=1H\": context deadline exceeded (Client.Timeout exceeded while awaiting headers)"}
{"level":"ERROR","ts":"2023-09-20T20:53:03.003+0800","caller":"task/usdt_rate_job.go:43","msg":"usdt rate get err:Get \"https://api.coinmarketcap.com/data-api/v3/cryptocurrency/detail/chart?convertId=2787&id=825&range=1H\": context deadline exceeded (Client.Timeout exceeded while awaiting headers)"}
{"level":"ERROR","ts":"2023-09-20T20:54:03.011+0800","caller":"task/usdt_rate_job.go:43","msg":"usdt rate get err:Get \"https://api.coinmarketcap.com/data-api/v3/cryptocurrency/detail/chart?convertId=2787&id=825&range=1H\": context deadline exceeded (Client.Timeout exceeded while awaiting headers)"}
{"level":"ERROR","ts":"2023-09-20T20:54:43.016+0800","caller":"service/task_service.go:69","msg":"Get \"https://apilist.tronscanapi.com/api/transfer/trc20?address=TK1gJS6iEm5aL2U9jYKekHK4Rs4iEc5ays&db_version=1&direction=2&end_timestamp=1695214478015&limit=50&reverse=true&sort=-timestamp&start=0&start_timestamp=1695128078015&trc20Id=TR7NHqjeKQxGTCi8q8ZY4pL8otSzgjLj6t\": context deadline exceeded (Client.Timeout exceeded while awaiting headers)"}
{"level":"ERROR","ts":"2023-09-20T20:55:03.004+0800","caller":"task/usdt_rate_job.go:43","msg":"usdt rate get err:Get \"https://api.coinmarketcap.com/data-api/v3/cryptocurrency/detail/chart?convertId=2787&id=825&range=1H\": context deadline exceeded (Client.Timeout exceeded while awaiting headers)"}
{"level":"ERROR","ts":"2023-09-20T20:56:03.025+0800","caller":"task/usdt_rate_job.go:43","msg":"usdt rate get err:Get \"https://api.coinmarketcap.com/data-api/v3/cryptocurrency/detail/chart?convertId=2787&id=825&range=1H\": context deadline exceeded (Client.Timeout exceeded while awaiting headers)"}
{"level":"ERROR","ts":"2023-09-20T20:56:33.004+0800","caller":"service/task_service.go:69","msg":"Get \"https://apilist.tronscanapi.com/api/transfer/trc20?address=TK1gJS6iEm5aL2U9jYKekHK4Rs4iEc5ays&db_version=1&direction=2&end_timestamp=1695214588004&limit=50&reverse=true&sort=-timestamp&start=0&start_timestamp=1695128188004&trc20Id=TR7NHqjeKQxGTCi8q8ZY4pL8otSzgjLj6t\": context deadline exceeded (Client.Timeout exceeded while awaiting headers)"}
{"level":"ERROR","ts":"2023-09-20T20:56:58.011+0800","caller":"service/task_service.go:69","msg":"Get \"https://apilist.tronscanapi.com/api/transfer/trc20?address=TK1gJS6iEm5aL2U9jYKekHK4Rs4iEc5ays&db_version=1&direction=2&end_timestamp=1695214613002&limit=50&reverse=true&sort=-timestamp&start=0&start_timestamp=1695128213002&trc20Id=TR7NHqjeKQxGTCi8q8ZY4pL8otSzgjLj6t\": context deadline exceeded (Client.Timeout exceeded while awaiting headers)"}
{"level":"ERROR","ts":"2023-09-20T20:57:03.016+0800","caller":"task/usdt_rate_job.go:43","msg":"usdt rate get err:Get \"https://api.coinmarketcap.com/data-api/v3/cryptocurrency/detail/chart?convertId=2787&id=825&range=1H\": context deadline exceeded (Client.Timeout exceeded while awaiting headers)"}
{"level":"ERROR","ts":"2023-09-20T20:58:03.017+0800","caller":"task/usdt_rate_job.go:43","msg":"usdt rate get err:Get \"https://api.coinmarketcap.com/data-api/v3/cryptocurrency/detail/chart?convertId=2787&id=825&range=1H\": context deadline exceeded (Client.Timeout exceeded while awaiting headers)"}
{"level":"ERROR","ts":"2023-09-20T20:59:03.016+0800","caller":"task/usdt_rate_job.go:43","msg":"usdt rate get err:Get \"https://api.coinmarketcap.com/data-api/v3/cryptocurrency/detail/chart?convertId=2787&id=825&range=1H\": context deadline exceeded (Client.Timeout exceeded while awaiting headers)"}
{"level":"ERROR","ts":"2023-09-20T20:59:48.028+0800","caller":"service/task_service.go:69","msg":"Get \"https://apilist.tronscanapi.com/api/transfer/trc20?address=TK1gJS6iEm5aL2U9jYKekHK4Rs4iEc5ays&db_version=1&direction=2&end_timestamp=1695214783014&limit=50&reverse=true&sort=-timestamp&start=0&start_timestamp=1695128383014&trc20Id=TR7NHqjeKQxGTCi8q8ZY4pL8otSzgjLj6t\": context deadline exceeded (Client.Timeout exceeded while awaiting headers)"}
{"level":"ERROR","ts":"2023-09-20T21:00:03.007+0800","caller":"task/usdt_rate_job.go:43","msg":"usdt rate get err:Get \"https://api.coinmarketcap.com/data-api/v3/cryptocurrency/detail/chart?convertId=2787&id=825&range=1H\": context deadline exceeded (Client.Timeout exceeded while awaiting headers)"}
{"level":"ERROR","ts":"2023-09-20T21:01:03.002+0800","caller":"task/usdt_rate_job.go:43","msg":"usdt rate get err:Get \"https://api.coinmarketcap.com/data-api/v3/cryptocurrency/detail/chart?convertId=2787&id=825&range=1H\": context deadline exceeded (Client.Timeout exceeded while awaiting headers)"}
{"level":"ERROR","ts":"2023-09-20T21:01:58.018+0800","caller":"service/task_service.go:69","msg":"Get \"https://apilist.tronscanapi.com/api/transfer/trc20?address=TK1gJS6iEm5aL2U9jYKekHK4Rs4iEc5ays&db_version=1&direction=2&end_timestamp=1695214913006&limit=50&reverse=true&sort=-timestamp&start=0&start_timestamp=1695128513006&trc20Id=TR7NHqjeKQxGTCi8q8ZY4pL8otSzgjLj6t\": context deadline exceeded (Client.Timeout exceeded while awaiting headers)"}
{"level":"ERROR","ts":"2023-09-20T21:02:03.003+0800","caller":"task/usdt_rate_job.go:43","msg":"usdt rate get err:Get \"https://api.coinmarketcap.com/data-api/v3/cryptocurrency/detail/chart?convertId=2787&id=825&range=1H\": context deadline exceeded (Client.Timeout exceeded while awaiting headers)"}
{"level":"ERROR","ts":"2023-09-20T21:03:03.002+0800","caller":"task/usdt_rate_job.go:43","msg":"usdt rate get err:Get \"https://api.coinmarketcap.com/data-api/v3/cryptocurrency/detail/chart?convertId=2787&id=825&range=1H\": context deadline exceeded (Client.Timeout exceeded while awaiting headers)"}
{"level":"ERROR","ts":"2023-09-20T21:04:03.022+0800","caller":"task/usdt_rate_job.go:43","msg":"usdt rate get err:Get \"https://api.coinmarketcap.com/data-api/v3/cryptocurrency/detail/chart?convertId=2787&id=825&range=1H\": context deadline exceeded (Client.Timeout exceeded while awaiting headers)"}
{"level":"ERROR","ts":"2023-09-20T21:04:58.159+0800","caller":"task/usdt_rate_job.go:43","msg":"usdt rate get err:Get \"https://api.coinmarketcap.com/data-api/v3/cryptocurrency/detail/chart?convertId=2787&id=825&range=1H\": read tcp 192.168.2.2:52755->18.65.25.25:443: wsarecv: An existing connection was forcibly closed by the remote host."}
{"level":"ERROR","ts":"2023-09-20T21:05:58.177+0800","caller":"task/usdt_rate_job.go:43","msg":"usdt rate get err:Get \"https://api.coinmarketcap.com/data-api/v3/cryptocurrency/detail/chart?convertId=2787&id=825&range=1H\": read tcp 192.168.2.2:53065->18.65.25.25:443: wsarecv: An existing connection was forcibly closed by the remote host."}
{"level":"ERROR","ts":"2023-09-20T21:06:58.197+0800","caller":"task/usdt_rate_job.go:43","msg":"usdt rate get err:Get \"https://api.coinmarketcap.com/data-api/v3/cryptocurrency/detail/chart?convertId=2787&id=825&range=1H\": read tcp 192.168.2.2:53307->18.65.25.25:443: wsarecv: An existing connection was forcibly closed by the remote host."}
{"level":"ERROR","ts":"2023-09-20T21:07:03.029+0800","caller":"service/task_service.go:69","msg":"Get \"https://apilist.tronscanapi.com/api/transfer/trc20?address=TUeZ2fREiiGwLpAgZxd9H8NEsYqj8L8DKX&db_version=1&direction=2&end_timestamp=1695215218014&limit=50&reverse=true&sort=-timestamp&start=0&start_timestamp=1695128818014&trc20Id=TR7NHqjeKQxGTCi8q8ZY4pL8otSzgjLj6t\": context deadline exceeded (Client.Timeout exceeded while awaiting headers)"}
{"level":"ERROR","ts":"2023-09-20T21:07:58.155+0800","caller":"task/usdt_rate_job.go:43","msg":"usdt rate get err:Get \"https://api.coinmarketcap.com/data-api/v3/cryptocurrency/detail/chart?convertId=2787&id=825&range=1H\": read tcp 192.168.2.2:53551->18.65.25.25:443: wsarecv: An existing connection was forcibly closed by the remote host."}
{"level":"ERROR","ts":"2023-09-20T21:08:58.159+0800","caller":"task/usdt_rate_job.go:43","msg":"usdt rate get err:Get \"https://api.coinmarketcap.com/data-api/v3/cryptocurrency/detail/chart?convertId=2787&id=825&range=1H\": read tcp 192.168.2.2:53843->18.65.25.25:443: wsarecv: An existing connection was forcibly closed by the remote host."}
{"level":"ERROR","ts":"2023-09-20T21:09:58.152+0800","caller":"task/usdt_rate_job.go:43","msg":"usdt rate get err:Get \"https://api.coinmarketcap.com/data-api/v3/cryptocurrency/detail/chart?convertId=2787&id=825&range=1H\": read tcp 192.168.2.2:54057->18.65.25.25:443: wsarecv: An existing connection was forcibly closed by the remote host."}
{"level":"ERROR","ts":"2023-09-20T21:10:38.021+0800","caller":"service/task_service.go:69","msg":"Get \"https://apilist.tronscanapi.com/api/transfer/trc20?address=TUeZ2fREiiGwLpAgZxd9H8NEsYqj8L8DKX&db_version=1&direction=2&end_timestamp=1695215433011&limit=50&reverse=true&sort=-timestamp&start=0&start_timestamp=1695129033011&trc20Id=TR7NHqjeKQxGTCi8q8ZY4pL8otSzgjLj6t\": context deadline exceeded (Client.Timeout exceeded while awaiting headers)"}
{"level":"ERROR","ts":"2023-09-20T21:10:59.189+0800","caller":"task/usdt_rate_job.go:43","msg":"usdt rate get err:Get \"https://api.coinmarketcap.com/data-api/v3/cryptocurrency/detail/chart?convertId=2787&id=825&range=1H\": read tcp 192.168.2.2:54283->18.65.25.25:443: wsarecv: An existing connection was forcibly closed by the remote host."}
{"level":"ERROR","ts":"2023-09-20T21:11:58.153+0800","caller":"task/usdt_rate_job.go:43","msg":"usdt rate get err:Get \"https://api.coinmarketcap.com/data-api/v3/cryptocurrency/detail/chart?convertId=2787&id=825&range=1H\": read tcp 192.168.2.2:54515->18.65.25.25:443: wsarecv: An existing connection was forcibly closed by the remote host."}
{"level":"ERROR","ts":"2023-09-20T21:12:58.147+0800","caller":"task/usdt_rate_job.go:43","msg":"usdt rate get err:Get \"https://api.coinmarketcap.com/data-api/v3/cryptocurrency/detail/chart?convertId=2787&id=825&range=1H\": read tcp 192.168.2.2:54810->18.65.25.25:443: wsarecv: An existing connection was forcibly closed by the remote host."}
{"level":"ERROR","ts":"2023-09-20T21:14:03.017+0800","caller":"task/usdt_rate_job.go:43","msg":"usdt rate get err:Get \"https://api.coinmarketcap.com/data-api/v3/cryptocurrency/detail/chart?convertId=2787&id=825&range=1H\": context deadline exceeded (Client.Timeout exceeded while awaiting headers)"}
{"level":"ERROR","ts":"2023-09-20T21:14:58.155+0800","caller":"task/usdt_rate_job.go:43","msg":"usdt rate get err:Get \"https://api.coinmarketcap.com/data-api/v3/cryptocurrency/detail/chart?convertId=2787&id=825&range=1H\": read tcp 192.168.2.2:55373->18.65.25.55:443: wsarecv: An existing connection was forcibly closed by the remote host."}
{"level":"ERROR","ts":"2023-09-20T21:15:28.006+0800","caller":"service/task_service.go:69","msg":"Get \"https://apilist.tronscanapi.com/api/transfer/trc20?address=TK1gJS6iEm5aL2U9jYKekHK4Rs4iEc5ays&db_version=1&direction=2&end_timestamp=1695215723005&limit=50&reverse=true&sort=-timestamp&start=0&start_timestamp=1695129323005&trc20Id=TR7NHqjeKQxGTCi8q8ZY4pL8otSzgjLj6t\": context deadline exceeded (Client.Timeout exceeded while awaiting headers)"}
{"level":"ERROR","ts":"2023-09-20T21:15:58.167+0800","caller":"task/usdt_rate_job.go:43","msg":"usdt rate get err:Get \"https://api.coinmarketcap.com/data-api/v3/cryptocurrency/detail/chart?convertId=2787&id=825&range=1H\": read tcp 192.168.2.2:55629->18.65.25.55:443: wsarecv: An existing connection was forcibly closed by the remote host."}
{"level":"ERROR","ts":"2023-09-20T21:16:38.012+0800","caller":"service/task_service.go:69","msg":"Get \"https://apilist.tronscanapi.com/api/transfer/trc20?address=TUeZ2fREiiGwLpAgZxd9H8NEsYqj8L8DKX&db_version=1&direction=2&end_timestamp=1695215793002&limit=50&reverse=true&sort=-timestamp&start=0&start_timestamp=1695129393002&trc20Id=TR7NHqjeKQxGTCi8q8ZY4pL8otSzgjLj6t\": context deadline exceeded (Client.Timeout exceeded while awaiting headers)"}
{"level":"ERROR","ts":"2023-09-20T21:16:48.017+0800","caller":"service/task_service.go:69","msg":"Get \"https://apilist.tronscanapi.com/api/transfer/trc20?address=TUeZ2fREiiGwLpAgZxd9H8NEsYqj8L8DKX&db_version=1&direction=2&end_timestamp=1695215803016&limit=50&reverse=true&sort=-timestamp&start=0&start_timestamp=1695129403016&trc20Id=TR7NHqjeKQxGTCi8q8ZY4pL8otSzgjLj6t\": context deadline exceeded (Client.Timeout exceeded while awaiting headers)"}
{"level":"ERROR","ts":"2023-09-20T21:16:58.144+0800","caller":"task/usdt_rate_job.go:43","msg":"usdt rate get err:Get \"https://api.coinmarketcap.com/data-api/v3/cryptocurrency/detail/chart?convertId=2787&id=825&range=1H\": read tcp 192.168.2.2:55868->18.65.25.55:443: wsarecv: An existing connection was forcibly closed by the remote host."}
{"level":"ERROR","ts":"2023-09-20T21:17:58.147+0800","caller":"task/usdt_rate_job.go:43","msg":"usdt rate get err:Get \"https://api.coinmarketcap.com/data-api/v3/cryptocurrency/detail/chart?convertId=2787&id=825&range=1H\": read tcp 192.168.2.2:56118->18.65.25.55:443: wsarecv: An existing connection was forcibly closed by the remote host."}
{"level":"ERROR","ts":"2023-09-20T21:18:58.159+0800","caller":"task/usdt_rate_job.go:43","msg":"usdt rate get err:Get \"https://api.coinmarketcap.com/data-api/v3/cryptocurrency/detail/chart?convertId=2787&id=825&range=1H\": read tcp 192.168.2.2:56346->18.65.25.55:443: wsarecv: An existing connection was forcibly closed by the remote host."}
{"level":"ERROR","ts":"2023-09-20T21:19:58.187+0800","caller":"task/usdt_rate_job.go:43","msg":"usdt rate get err:Get \"https://api.coinmarketcap.com/data-api/v3/cryptocurrency/detail/chart?convertId=2787&id=825&range=1H\": read tcp 192.168.2.2:56606->18.65.25.55:443: wsarecv: An existing connection was forcibly closed by the remote host."}
{"level":"ERROR","ts":"2023-09-20T21:20:58.016+0800","caller":"service/task_service.go:69","msg":"Get \"https://apilist.tronscanapi.com/api/transfer/trc20?address=TK1gJS6iEm5aL2U9jYKekHK4Rs4iEc5ays&db_version=1&direction=2&end_timestamp=1695216053004&limit=50&reverse=true&sort=-timestamp&start=0&start_timestamp=1695129653004&trc20Id=TR7NHqjeKQxGTCi8q8ZY4pL8otSzgjLj6t\": context deadline exceeded (Client.Timeout exceeded while awaiting headers)"}
{"level":"ERROR","ts":"2023-09-20T21:20:58.157+0800","caller":"task/usdt_rate_job.go:43","msg":"usdt rate get err:Get \"https://api.coinmarketcap.com/data-api/v3/cryptocurrency/detail/chart?convertId=2787&id=825&range=1H\": read tcp 192.168.2.2:56866->18.65.25.55:443: wsarecv: An existing connection was forcibly closed by the remote host."}
{"level":"ERROR","ts":"2023-09-20T21:21:58.179+0800","caller":"task/usdt_rate_job.go:43","msg":"usdt rate get err:Get \"https://api.coinmarketcap.com/data-api/v3/cryptocurrency/detail/chart?convertId=2787&id=825&range=1H\": read tcp 192.168.2.2:57152->18.65.25.55:443: wsarecv: An existing connection was forcibly closed by the remote host."}
