{"level":"DEBUG","ts":"2023-10-08T08:52:14.445+0800","caller":"dao/mdb.go:46","msg":"[store_db] mysql connDB success"}
{"level":"DEBUG","ts":"2023-10-08T08:52:31.238+0800","caller":"dao/mdb.go:46","msg":"[store_db] mysql connDB success"}
{"level":"DEBUG","ts":"2023-10-08T08:52:31.243+0800","caller":"dao/rdb.go:39","msg":"[store_redis] redis connRdb success,suc=%sPONG"}
{"level":"INFO","ts":"2023-10-08T08:52:31.244+0800","caller":"log/log.go:162","msg":"Starting processing"}
{"level":"INFO","ts":"2023-10-08T08:52:31.244+0800","caller":"log/log.go:162","msg":"Send signal TERM or INT to terminate the process"}
{"level":"ERROR","ts":"2023-10-08T08:53:36.023+0800","caller":"task/usdt_rate_job.go:43","msg":"usdt rate get err:Get \"https://api.coinmarketcap.com/data-api/v3/cryptocurrency/detail/chart?convertId=2787&id=825&range=1H\": context deadline exceeded (Client.Timeout exceeded while awaiting headers)"}
{"level":"ERROR","ts":"2023-10-08T08:54:36.019+0800","caller":"task/usdt_rate_job.go:43","msg":"usdt rate get err:Get \"https://api.coinmarketcap.com/data-api/v3/cryptocurrency/detail/chart?convertId=2787&id=825&range=1H\": context deadline exceeded (Client.Timeout exceeded while awaiting headers)"}
{"level":"ERROR","ts":"2023-10-08T08:55:36.013+0800","caller":"task/usdt_rate_job.go:43","msg":"usdt rate get err:Get \"https://api.coinmarketcap.com/data-api/v3/cryptocurrency/detail/chart?convertId=2787&id=825&range=1H\": context deadline exceeded (Client.Timeout exceeded while awaiting headers)"}
{"level":"ERROR","ts":"2023-10-08T08:56:36.014+0800","caller":"task/usdt_rate_job.go:43","msg":"usdt rate get err:Get \"https://api.coinmarketcap.com/data-api/v3/cryptocurrency/detail/chart?convertId=2787&id=825&range=1H\": context deadline exceeded (Client.Timeout exceeded while awaiting headers)"}
{"level":"ERROR","ts":"2023-10-08T08:57:36.010+0800","caller":"task/usdt_rate_job.go:43","msg":"usdt rate get err:Get \"https://api.coinmarketcap.com/data-api/v3/cryptocurrency/detail/chart?convertId=2787&id=825&range=1H\": context deadline exceeded (Client.Timeout exceeded while awaiting headers)"}
{"level":"ERROR","ts":"2023-10-08T08:58:36.010+0800","caller":"task/usdt_rate_job.go:43","msg":"usdt rate get err:Get \"https://api.coinmarketcap.com/data-api/v3/cryptocurrency/detail/chart?convertId=2787&id=825&range=1H\": context deadline exceeded (Client.Timeout exceeded while awaiting headers)"}
{"level":"ERROR","ts":"2023-10-08T08:59:36.009+0800","caller":"task/usdt_rate_job.go:43","msg":"usdt rate get err:Get \"https://api.coinmarketcap.com/data-api/v3/cryptocurrency/detail/chart?convertId=2787&id=825&range=1H\": context deadline exceeded (Client.Timeout exceeded while awaiting headers)"}
{"level":"ERROR","ts":"2023-10-08T09:00:36.009+0800","caller":"task/usdt_rate_job.go:43","msg":"usdt rate get err:Get \"https://api.coinmarketcap.com/data-api/v3/cryptocurrency/detail/chart?convertId=2787&id=825&range=1H\": context deadline exceeded (Client.Timeout exceeded while awaiting headers)"}
{"level":"ERROR","ts":"2023-10-08T09:01:36.019+0800","caller":"task/usdt_rate_job.go:43","msg":"usdt rate get err:Get \"https://api.coinmarketcap.com/data-api/v3/cryptocurrency/detail/chart?convertId=2787&id=825&range=1H\": context deadline exceeded (Client.Timeout exceeded while awaiting headers)"}
{"level":"ERROR","ts":"2023-10-08T09:02:36.015+0800","caller":"task/usdt_rate_job.go:43","msg":"usdt rate get err:Get \"https://api.coinmarketcap.com/data-api/v3/cryptocurrency/detail/chart?convertId=2787&id=825&range=1H\": context deadline exceeded (Client.Timeout exceeded while awaiting headers)"}
{"level":"ERROR","ts":"2023-10-08T09:03:36.018+0800","caller":"task/usdt_rate_job.go:43","msg":"usdt rate get err:Get \"https://api.coinmarketcap.com/data-api/v3/cryptocurrency/detail/chart?convertId=2787&id=825&range=1H\": context deadline exceeded (Client.Timeout exceeded while awaiting headers)"}
{"level":"ERROR","ts":"2023-10-08T09:04:36.014+0800","caller":"task/usdt_rate_job.go:43","msg":"usdt rate get err:Get \"https://api.coinmarketcap.com/data-api/v3/cryptocurrency/detail/chart?convertId=2787&id=825&range=1H\": context deadline exceeded (Client.Timeout exceeded while awaiting headers)"}
{"level":"ERROR","ts":"2023-10-08T09:05:36.018+0800","caller":"task/usdt_rate_job.go:43","msg":"usdt rate get err:Get \"https://api.coinmarketcap.com/data-api/v3/cryptocurrency/detail/chart?convertId=2787&id=825&range=1H\": context deadline exceeded (Client.Timeout exceeded while awaiting headers)"}
{"level":"ERROR","ts":"2023-10-08T09:06:36.008+0800","caller":"task/usdt_rate_job.go:43","msg":"usdt rate get err:Get \"https://api.coinmarketcap.com/data-api/v3/cryptocurrency/detail/chart?convertId=2787&id=825&range=1H\": context deadline exceeded (Client.Timeout exceeded while awaiting headers)"}
{"level":"ERROR","ts":"2023-10-08T09:07:36.011+0800","caller":"task/usdt_rate_job.go:43","msg":"usdt rate get err:Get \"https://api.coinmarketcap.com/data-api/v3/cryptocurrency/detail/chart?convertId=2787&id=825&range=1H\": context deadline exceeded (Client.Timeout exceeded while awaiting headers)"}
{"level":"ERROR","ts":"2023-10-08T09:08:36.010+0800","caller":"task/usdt_rate_job.go:43","msg":"usdt rate get err:Get \"https://api.coinmarketcap.com/data-api/v3/cryptocurrency/detail/chart?convertId=2787&id=825&range=1H\": context deadline exceeded (Client.Timeout exceeded while awaiting headers)"}
{"level":"ERROR","ts":"2023-10-08T09:09:36.017+0800","caller":"task/usdt_rate_job.go:43","msg":"usdt rate get err:Get \"https://api.coinmarketcap.com/data-api/v3/cryptocurrency/detail/chart?convertId=2787&id=825&range=1H\": context deadline exceeded (Client.Timeout exceeded while awaiting headers)"}
{"level":"ERROR","ts":"2023-10-08T09:10:36.011+0800","caller":"task/usdt_rate_job.go:43","msg":"usdt rate get err:Get \"https://api.coinmarketcap.com/data-api/v3/cryptocurrency/detail/chart?convertId=2787&id=825&range=1H\": context deadline exceeded (Client.Timeout exceeded while awaiting headers)"}
{"level":"ERROR","ts":"2023-10-08T09:11:36.013+0800","caller":"task/usdt_rate_job.go:43","msg":"usdt rate get err:Get \"https://api.coinmarketcap.com/data-api/v3/cryptocurrency/detail/chart?convertId=2787&id=825&range=1H\": context deadline exceeded (Client.Timeout exceeded while awaiting headers)"}
{"level":"ERROR","ts":"2023-10-08T09:12:36.016+0800","caller":"task/usdt_rate_job.go:43","msg":"usdt rate get err:Get \"https://api.coinmarketcap.com/data-api/v3/cryptocurrency/detail/chart?convertId=2787&id=825&range=1H\": context deadline exceeded (Client.Timeout exceeded while awaiting headers)"}
{"level":"ERROR","ts":"2023-10-08T09:13:36.017+0800","caller":"task/usdt_rate_job.go:43","msg":"usdt rate get err:Get \"https://api.coinmarketcap.com/data-api/v3/cryptocurrency/detail/chart?convertId=2787&id=825&range=1H\": context deadline exceeded (Client.Timeout exceeded while awaiting headers)"}
{"level":"DEBUG","ts":"2023-10-08T09:16:57.193+0800","caller":"dao/mdb.go:46","msg":"[store_db] mysql connDB success"}
{"level":"DEBUG","ts":"2023-10-08T09:16:57.194+0800","caller":"dao/rdb.go:39","msg":"[store_redis] redis connRdb success,suc=%sPONG"}
{"level":"INFO","ts":"2023-10-08T09:16:57.195+0800","caller":"log/log.go:162","msg":"Starting processing"}
{"level":"INFO","ts":"2023-10-08T09:16:57.195+0800","caller":"log/log.go:162","msg":"Send signal TERM or INT to terminate the process"}
{"level":"ERROR","ts":"2023-10-08T09:18:02.021+0800","caller":"task/usdt_rate_job.go:43","msg":"usdt rate get err:Get \"https://api.coinmarketcap.com/data-api/v3/cryptocurrency/detail/chart?convertId=2787&id=825&range=1H\": context deadline exceeded (Client.Timeout exceeded while awaiting headers)"}
{"level":"ERROR","ts":"2023-10-08T09:19:02.011+0800","caller":"task/usdt_rate_job.go:43","msg":"usdt rate get err:Get \"https://api.coinmarketcap.com/data-api/v3/cryptocurrency/detail/chart?convertId=2787&id=825&range=1H\": context deadline exceeded (Client.Timeout exceeded while awaiting headers)"}
{"level":"ERROR","ts":"2023-10-08T09:20:02.017+0800","caller":"task/usdt_rate_job.go:43","msg":"usdt rate get err:Get \"https://api.coinmarketcap.com/data-api/v3/cryptocurrency/detail/chart?convertId=2787&id=825&range=1H\": context deadline exceeded (Client.Timeout exceeded while awaiting headers)"}
{"level":"DEBUG","ts":"2023-10-08T10:02:37.662+0800","caller":"dao/mdb.go:46","msg":"[store_db] mysql connDB success"}
{"level":"DEBUG","ts":"2023-10-08T10:02:37.665+0800","caller":"dao/rdb.go:39","msg":"[store_redis] redis connRdb success,suc=%sPONG"}
{"level":"INFO","ts":"2023-10-08T10:02:37.666+0800","caller":"log/log.go:162","msg":"Starting processing"}
{"level":"INFO","ts":"2023-10-08T10:02:37.666+0800","caller":"log/log.go:162","msg":"Send signal TERM or INT to terminate the process"}
{"level":"ERROR","ts":"2023-10-08T10:03:42.022+0800","caller":"task/usdt_rate_job.go:43","msg":"usdt rate get err:Get \"https://api.coinmarketcap.com/data-api/v3/cryptocurrency/detail/chart?convertId=2787&id=825&range=1H\": context deadline exceeded (Client.Timeout exceeded while awaiting headers)"}
{"level":"ERROR","ts":"2023-10-08T10:04:42.026+0800","caller":"task/usdt_rate_job.go:43","msg":"usdt rate get err:Get \"https://api.coinmarketcap.com/data-api/v3/cryptocurrency/detail/chart?convertId=2787&id=825&range=1H\": context deadline exceeded (Client.Timeout exceeded while awaiting headers)"}
{"level":"ERROR","ts":"2023-10-08T10:05:42.009+0800","caller":"task/usdt_rate_job.go:43","msg":"usdt rate get err:Get \"https://api.coinmarketcap.com/data-api/v3/cryptocurrency/detail/chart?convertId=2787&id=825&range=1H\": context deadline exceeded (Client.Timeout exceeded while awaiting headers)"}
{"level":"ERROR","ts":"2023-10-08T10:06:42.009+0800","caller":"task/usdt_rate_job.go:43","msg":"usdt rate get err:Get \"https://api.coinmarketcap.com/data-api/v3/cryptocurrency/detail/chart?convertId=2787&id=825&range=1H\": context deadline exceeded (Client.Timeout exceeded while awaiting headers)"}
{"level":"ERROR","ts":"2023-10-08T10:07:42.002+0800","caller":"task/usdt_rate_job.go:43","msg":"usdt rate get err:Get \"https://api.coinmarketcap.com/data-api/v3/cryptocurrency/detail/chart?convertId=2787&id=825&range=1H\": context deadline exceeded (Client.Timeout exceeded while awaiting headers)"}
{"level":"ERROR","ts":"2023-10-08T10:08:42.025+0800","caller":"task/usdt_rate_job.go:43","msg":"usdt rate get err:Get \"https://api.coinmarketcap.com/data-api/v3/cryptocurrency/detail/chart?convertId=2787&id=825&range=1H\": context deadline exceeded (Client.Timeout exceeded while awaiting headers)"}
{"level":"ERROR","ts":"2023-10-08T10:09:42.012+0800","caller":"task/usdt_rate_job.go:43","msg":"usdt rate get err:Get \"https://api.coinmarketcap.com/data-api/v3/cryptocurrency/detail/chart?convertId=2787&id=825&range=1H\": context deadline exceeded (Client.Timeout exceeded while awaiting headers)"}
{"level":"ERROR","ts":"2023-10-08T10:10:42.014+0800","caller":"task/usdt_rate_job.go:43","msg":"usdt rate get err:Get \"https://api.coinmarketcap.com/data-api/v3/cryptocurrency/detail/chart?convertId=2787&id=825&range=1H\": context deadline exceeded (Client.Timeout exceeded while awaiting headers)"}
{"level":"ERROR","ts":"2023-10-08T10:11:42.014+0800","caller":"task/usdt_rate_job.go:43","msg":"usdt rate get err:Get \"https://api.coinmarketcap.com/data-api/v3/cryptocurrency/detail/chart?convertId=2787&id=825&range=1H\": context deadline exceeded (Client.Timeout exceeded while awaiting headers)"}
{"level":"ERROR","ts":"2023-10-08T10:12:42.021+0800","caller":"task/usdt_rate_job.go:43","msg":"usdt rate get err:Get \"https://api.coinmarketcap.com/data-api/v3/cryptocurrency/detail/chart?convertId=2787&id=825&range=1H\": context deadline exceeded (Client.Timeout exceeded while awaiting headers)"}
{"level":"ERROR","ts":"2023-10-08T10:13:42.017+0800","caller":"task/usdt_rate_job.go:43","msg":"usdt rate get err:Get \"https://api.coinmarketcap.com/data-api/v3/cryptocurrency/detail/chart?convertId=2787&id=825&range=1H\": context deadline exceeded (Client.Timeout exceeded while awaiting headers)"}
{"level":"ERROR","ts":"2023-10-08T10:14:42.021+0800","caller":"task/usdt_rate_job.go:43","msg":"usdt rate get err:Get \"https://api.coinmarketcap.com/data-api/v3/cryptocurrency/detail/chart?convertId=2787&id=825&range=1H\": context deadline exceeded (Client.Timeout exceeded while awaiting headers)"}
{"level":"ERROR","ts":"2023-10-08T10:15:42.019+0800","caller":"task/usdt_rate_job.go:43","msg":"usdt rate get err:Get \"https://api.coinmarketcap.com/data-api/v3/cryptocurrency/detail/chart?convertId=2787&id=825&range=1H\": context deadline exceeded (Client.Timeout exceeded while awaiting headers)"}
{"level":"ERROR","ts":"2023-10-08T10:16:42.019+0800","caller":"task/usdt_rate_job.go:43","msg":"usdt rate get err:Get \"https://api.coinmarketcap.com/data-api/v3/cryptocurrency/detail/chart?convertId=2787&id=825&range=1H\": context deadline exceeded (Client.Timeout exceeded while awaiting headers)"}
{"level":"ERROR","ts":"2023-10-08T10:17:42.017+0800","caller":"task/usdt_rate_job.go:43","msg":"usdt rate get err:Get \"https://api.coinmarketcap.com/data-api/v3/cryptocurrency/detail/chart?convertId=2787&id=825&range=1H\": context deadline exceeded (Client.Timeout exceeded while awaiting headers)"}
{"level":"ERROR","ts":"2023-10-08T10:18:42.006+0800","caller":"task/usdt_rate_job.go:43","msg":"usdt rate get err:Get \"https://api.coinmarketcap.com/data-api/v3/cryptocurrency/detail/chart?convertId=2787&id=825&range=1H\": context deadline exceeded (Client.Timeout exceeded while awaiting headers)"}
{"level":"ERROR","ts":"2023-10-08T10:19:42.010+0800","caller":"task/usdt_rate_job.go:43","msg":"usdt rate get err:Get \"https://api.coinmarketcap.com/data-api/v3/cryptocurrency/detail/chart?convertId=2787&id=825&range=1H\": context deadline exceeded (Client.Timeout exceeded while awaiting headers)"}
{"level":"ERROR","ts":"2023-10-08T10:20:42.021+0800","caller":"task/usdt_rate_job.go:43","msg":"usdt rate get err:Get \"https://api.coinmarketcap.com/data-api/v3/cryptocurrency/detail/chart?convertId=2787&id=825&range=1H\": context deadline exceeded (Client.Timeout exceeded while awaiting headers)"}
{"level":"ERROR","ts":"2023-10-08T10:21:42.008+0800","caller":"task/usdt_rate_job.go:43","msg":"usdt rate get err:Get \"https://api.coinmarketcap.com/data-api/v3/cryptocurrency/detail/chart?convertId=2787&id=825&range=1H\": context deadline exceeded (Client.Timeout exceeded while awaiting headers)"}
{"level":"ERROR","ts":"2023-10-08T10:22:42.014+0800","caller":"task/usdt_rate_job.go:43","msg":"usdt rate get err:Get \"https://api.coinmarketcap.com/data-api/v3/cryptocurrency/detail/chart?convertId=2787&id=825&range=1H\": context deadline exceeded (Client.Timeout exceeded while awaiting headers)"}
{"level":"ERROR","ts":"2023-10-08T10:23:42.014+0800","caller":"task/usdt_rate_job.go:43","msg":"usdt rate get err:Get \"https://api.coinmarketcap.com/data-api/v3/cryptocurrency/detail/chart?convertId=2787&id=825&range=1H\": context deadline exceeded (Client.Timeout exceeded while awaiting headers)"}
{"level":"ERROR","ts":"2023-10-08T10:24:42.011+0800","caller":"task/usdt_rate_job.go:43","msg":"usdt rate get err:Get \"https://api.coinmarketcap.com/data-api/v3/cryptocurrency/detail/chart?convertId=2787&id=825&range=1H\": context deadline exceeded (Client.Timeout exceeded while awaiting headers)"}
{"level":"ERROR","ts":"2023-10-08T10:25:42.009+0800","caller":"task/usdt_rate_job.go:43","msg":"usdt rate get err:Get \"https://api.coinmarketcap.com/data-api/v3/cryptocurrency/detail/chart?convertId=2787&id=825&range=1H\": context deadline exceeded (Client.Timeout exceeded while awaiting headers)"}
{"level":"ERROR","ts":"2023-10-08T10:26:42.011+0800","caller":"task/usdt_rate_job.go:43","msg":"usdt rate get err:Get \"https://api.coinmarketcap.com/data-api/v3/cryptocurrency/detail/chart?convertId=2787&id=825&range=1H\": context deadline exceeded (Client.Timeout exceeded while awaiting headers)"}
{"level":"ERROR","ts":"2023-10-08T10:27:42.015+0800","caller":"task/usdt_rate_job.go:43","msg":"usdt rate get err:Get \"https://api.coinmarketcap.com/data-api/v3/cryptocurrency/detail/chart?convertId=2787&id=825&range=1H\": context deadline exceeded (Client.Timeout exceeded while awaiting headers)"}
{"level":"ERROR","ts":"2023-10-08T10:28:42.021+0800","caller":"task/usdt_rate_job.go:43","msg":"usdt rate get err:Get \"https://api.coinmarketcap.com/data-api/v3/cryptocurrency/detail/chart?convertId=2787&id=825&range=1H\": context deadline exceeded (Client.Timeout exceeded while awaiting headers)"}
{"level":"ERROR","ts":"2023-10-08T10:29:42.008+0800","caller":"task/usdt_rate_job.go:43","msg":"usdt rate get err:Get \"https://api.coinmarketcap.com/data-api/v3/cryptocurrency/detail/chart?convertId=2787&id=825&range=1H\": context deadline exceeded (Client.Timeout exceeded while awaiting headers)"}
{"level":"ERROR","ts":"2023-10-08T10:30:42.007+0800","caller":"task/usdt_rate_job.go:43","msg":"usdt rate get err:Get \"https://api.coinmarketcap.com/data-api/v3/cryptocurrency/detail/chart?convertId=2787&id=825&range=1H\": context deadline exceeded (Client.Timeout exceeded while awaiting headers)"}
{"level":"ERROR","ts":"2023-10-08T10:31:42.008+0800","caller":"task/usdt_rate_job.go:43","msg":"usdt rate get err:Get \"https://api.coinmarketcap.com/data-api/v3/cryptocurrency/detail/chart?convertId=2787&id=825&range=1H\": context deadline exceeded (Client.Timeout exceeded while awaiting headers)"}
{"level":"ERROR","ts":"2023-10-08T10:32:42.006+0800","caller":"task/usdt_rate_job.go:43","msg":"usdt rate get err:Get \"https://api.coinmarketcap.com/data-api/v3/cryptocurrency/detail/chart?convertId=2787&id=825&range=1H\": context deadline exceeded (Client.Timeout exceeded while awaiting headers)"}
{"level":"ERROR","ts":"2023-10-08T10:33:42.025+0800","caller":"task/usdt_rate_job.go:43","msg":"usdt rate get err:Get \"https://api.coinmarketcap.com/data-api/v3/cryptocurrency/detail/chart?convertId=2787&id=825&range=1H\": context deadline exceeded (Client.Timeout exceeded while awaiting headers)"}
{"level":"ERROR","ts":"2023-10-08T10:34:42.018+0800","caller":"task/usdt_rate_job.go:43","msg":"usdt rate get err:Get \"https://api.coinmarketcap.com/data-api/v3/cryptocurrency/detail/chart?convertId=2787&id=825&range=1H\": context deadline exceeded (Client.Timeout exceeded while awaiting headers)"}
{"level":"ERROR","ts":"2023-10-08T10:35:42.026+0800","caller":"task/usdt_rate_job.go:43","msg":"usdt rate get err:Get \"https://api.coinmarketcap.com/data-api/v3/cryptocurrency/detail/chart?convertId=2787&id=825&range=1H\": context deadline exceeded (Client.Timeout exceeded while awaiting headers)"}
{"level":"ERROR","ts":"2023-10-08T10:36:42.007+0800","caller":"task/usdt_rate_job.go:43","msg":"usdt rate get err:Get \"https://api.coinmarketcap.com/data-api/v3/cryptocurrency/detail/chart?convertId=2787&id=825&range=1H\": context deadline exceeded (Client.Timeout exceeded while awaiting headers)"}
{"level":"ERROR","ts":"2023-10-08T10:37:42.009+0800","caller":"task/usdt_rate_job.go:43","msg":"usdt rate get err:Get \"https://api.coinmarketcap.com/data-api/v3/cryptocurrency/detail/chart?convertId=2787&id=825&range=1H\": context deadline exceeded (Client.Timeout exceeded while awaiting headers)"}
{"level":"ERROR","ts":"2023-10-08T10:38:42.013+0800","caller":"task/usdt_rate_job.go:43","msg":"usdt rate get err:Get \"https://api.coinmarketcap.com/data-api/v3/cryptocurrency/detail/chart?convertId=2787&id=825&range=1H\": context deadline exceeded (Client.Timeout exceeded while awaiting headers)"}
{"level":"ERROR","ts":"2023-10-08T10:39:42.010+0800","caller":"task/usdt_rate_job.go:43","msg":"usdt rate get err:Get \"https://api.coinmarketcap.com/data-api/v3/cryptocurrency/detail/chart?convertId=2787&id=825&range=1H\": context deadline exceeded (Client.Timeout exceeded while awaiting headers)"}
{"level":"ERROR","ts":"2023-10-08T10:40:42.018+0800","caller":"task/usdt_rate_job.go:43","msg":"usdt rate get err:Get \"https://api.coinmarketcap.com/data-api/v3/cryptocurrency/detail/chart?convertId=2787&id=825&range=1H\": context deadline exceeded (Client.Timeout exceeded while awaiting headers)"}
{"level":"ERROR","ts":"2023-10-08T10:41:42.006+0800","caller":"task/usdt_rate_job.go:43","msg":"usdt rate get err:Get \"https://api.coinmarketcap.com/data-api/v3/cryptocurrency/detail/chart?convertId=2787&id=825&range=1H\": context deadline exceeded (Client.Timeout exceeded while awaiting headers)"}
{"level":"ERROR","ts":"2023-10-08T10:42:42.012+0800","caller":"task/usdt_rate_job.go:43","msg":"usdt rate get err:Get \"https://api.coinmarketcap.com/data-api/v3/cryptocurrency/detail/chart?convertId=2787&id=825&range=1H\": context deadline exceeded (Client.Timeout exceeded while awaiting headers)"}
{"level":"ERROR","ts":"2023-10-08T10:43:42.004+0800","caller":"task/usdt_rate_job.go:43","msg":"usdt rate get err:Get \"https://api.coinmarketcap.com/data-api/v3/cryptocurrency/detail/chart?convertId=2787&id=825&range=1H\": context deadline exceeded (Client.Timeout exceeded while awaiting headers)"}
{"level":"ERROR","ts":"2023-10-08T10:44:42.009+0800","caller":"task/usdt_rate_job.go:43","msg":"usdt rate get err:Get \"https://api.coinmarketcap.com/data-api/v3/cryptocurrency/detail/chart?convertId=2787&id=825&range=1H\": context deadline exceeded (Client.Timeout exceeded while awaiting headers)"}
{"level":"ERROR","ts":"2023-10-08T10:45:42.010+0800","caller":"task/usdt_rate_job.go:43","msg":"usdt rate get err:Get \"https://api.coinmarketcap.com/data-api/v3/cryptocurrency/detail/chart?convertId=2787&id=825&range=1H\": context deadline exceeded (Client.Timeout exceeded while awaiting headers)"}
{"level":"ERROR","ts":"2023-10-08T10:46:42.018+0800","caller":"task/usdt_rate_job.go:43","msg":"usdt rate get err:Get \"https://api.coinmarketcap.com/data-api/v3/cryptocurrency/detail/chart?convertId=2787&id=825&range=1H\": context deadline exceeded (Client.Timeout exceeded while awaiting headers)"}
{"level":"ERROR","ts":"2023-10-08T10:47:42.026+0800","caller":"task/usdt_rate_job.go:43","msg":"usdt rate get err:Get \"https://api.coinmarketcap.com/data-api/v3/cryptocurrency/detail/chart?convertId=2787&id=825&range=1H\": context deadline exceeded (Client.Timeout exceeded while awaiting headers)"}
{"level":"ERROR","ts":"2023-10-08T10:48:42.012+0800","caller":"task/usdt_rate_job.go:43","msg":"usdt rate get err:Get \"https://api.coinmarketcap.com/data-api/v3/cryptocurrency/detail/chart?convertId=2787&id=825&range=1H\": context deadline exceeded (Client.Timeout exceeded while awaiting headers)"}
{"level":"ERROR","ts":"2023-10-08T10:49:42.009+0800","caller":"task/usdt_rate_job.go:43","msg":"usdt rate get err:Get \"https://api.coinmarketcap.com/data-api/v3/cryptocurrency/detail/chart?convertId=2787&id=825&range=1H\": context deadline exceeded (Client.Timeout exceeded while awaiting headers)"}
{"level":"ERROR","ts":"2023-10-08T10:50:42.012+0800","caller":"task/usdt_rate_job.go:43","msg":"usdt rate get err:Get \"https://api.coinmarketcap.com/data-api/v3/cryptocurrency/detail/chart?convertId=2787&id=825&range=1H\": context deadline exceeded (Client.Timeout exceeded while awaiting headers)"}
{"level":"ERROR","ts":"2023-10-08T10:51:42.015+0800","caller":"task/usdt_rate_job.go:43","msg":"usdt rate get err:Get \"https://api.coinmarketcap.com/data-api/v3/cryptocurrency/detail/chart?convertId=2787&id=825&range=1H\": context deadline exceeded (Client.Timeout exceeded while awaiting headers)"}
{"level":"ERROR","ts":"2023-10-08T10:52:42.028+0800","caller":"task/usdt_rate_job.go:43","msg":"usdt rate get err:Get \"https://api.coinmarketcap.com/data-api/v3/cryptocurrency/detail/chart?convertId=2787&id=825&range=1H\": context deadline exceeded (Client.Timeout exceeded while awaiting headers)"}
{"level":"ERROR","ts":"2023-10-08T10:53:42.017+0800","caller":"task/usdt_rate_job.go:43","msg":"usdt rate get err:Get \"https://api.coinmarketcap.com/data-api/v3/cryptocurrency/detail/chart?convertId=2787&id=825&range=1H\": context deadline exceeded (Client.Timeout exceeded while awaiting headers)"}
{"level":"ERROR","ts":"2023-10-08T10:54:42.008+0800","caller":"task/usdt_rate_job.go:43","msg":"usdt rate get err:Get \"https://api.coinmarketcap.com/data-api/v3/cryptocurrency/detail/chart?convertId=2787&id=825&range=1H\": context deadline exceeded (Client.Timeout exceeded while awaiting headers)"}
{"level":"ERROR","ts":"2023-10-08T10:55:42.019+0800","caller":"task/usdt_rate_job.go:43","msg":"usdt rate get err:Get \"https://api.coinmarketcap.com/data-api/v3/cryptocurrency/detail/chart?convertId=2787&id=825&range=1H\": context deadline exceeded (Client.Timeout exceeded while awaiting headers)"}
{"level":"ERROR","ts":"2023-10-08T10:56:42.014+0800","caller":"task/usdt_rate_job.go:43","msg":"usdt rate get err:Get \"https://api.coinmarketcap.com/data-api/v3/cryptocurrency/detail/chart?convertId=2787&id=825&range=1H\": context deadline exceeded (Client.Timeout exceeded while awaiting headers)"}
{"level":"ERROR","ts":"2023-10-08T10:57:42.006+0800","caller":"task/usdt_rate_job.go:43","msg":"usdt rate get err:Get \"https://api.coinmarketcap.com/data-api/v3/cryptocurrency/detail/chart?convertId=2787&id=825&range=1H\": context deadline exceeded (Client.Timeout exceeded while awaiting headers)"}
{"level":"ERROR","ts":"2023-10-08T10:58:42.006+0800","caller":"task/usdt_rate_job.go:43","msg":"usdt rate get err:Get \"https://api.coinmarketcap.com/data-api/v3/cryptocurrency/detail/chart?convertId=2787&id=825&range=1H\": context deadline exceeded (Client.Timeout exceeded while awaiting headers)"}
{"level":"ERROR","ts":"2023-10-08T10:59:42.015+0800","caller":"task/usdt_rate_job.go:43","msg":"usdt rate get err:Get \"https://api.coinmarketcap.com/data-api/v3/cryptocurrency/detail/chart?convertId=2787&id=825&range=1H\": context deadline exceeded (Client.Timeout exceeded while awaiting headers)"}
{"level":"ERROR","ts":"2023-10-08T11:00:42.001+0800","caller":"task/usdt_rate_job.go:43","msg":"usdt rate get err:Get \"https://api.coinmarketcap.com/data-api/v3/cryptocurrency/detail/chart?convertId=2787&id=825&range=1H\": context deadline exceeded (Client.Timeout exceeded while awaiting headers)"}
{"level":"ERROR","ts":"2023-10-08T11:01:42.015+0800","caller":"task/usdt_rate_job.go:43","msg":"usdt rate get err:Get \"https://api.coinmarketcap.com/data-api/v3/cryptocurrency/detail/chart?convertId=2787&id=825&range=1H\": context deadline exceeded (Client.Timeout exceeded while awaiting headers)"}
{"level":"ERROR","ts":"2023-10-08T11:02:42.017+0800","caller":"task/usdt_rate_job.go:43","msg":"usdt rate get err:Get \"https://api.coinmarketcap.com/data-api/v3/cryptocurrency/detail/chart?convertId=2787&id=825&range=1H\": context deadline exceeded (Client.Timeout exceeded while awaiting headers)"}
{"level":"ERROR","ts":"2023-10-08T11:03:42.010+0800","caller":"task/usdt_rate_job.go:43","msg":"usdt rate get err:Get \"https://api.coinmarketcap.com/data-api/v3/cryptocurrency/detail/chart?convertId=2787&id=825&range=1H\": context deadline exceeded (Client.Timeout exceeded while awaiting headers)"}
{"level":"ERROR","ts":"2023-10-08T11:04:42.013+0800","caller":"task/usdt_rate_job.go:43","msg":"usdt rate get err:Get \"https://api.coinmarketcap.com/data-api/v3/cryptocurrency/detail/chart?convertId=2787&id=825&range=1H\": context deadline exceeded (Client.Timeout exceeded while awaiting headers)"}
{"level":"ERROR","ts":"2023-10-08T11:05:42.002+0800","caller":"task/usdt_rate_job.go:43","msg":"usdt rate get err:Get \"https://api.coinmarketcap.com/data-api/v3/cryptocurrency/detail/chart?convertId=2787&id=825&range=1H\": context deadline exceeded (Client.Timeout exceeded while awaiting headers)"}
{"level":"ERROR","ts":"2023-10-08T11:06:42.007+0800","caller":"task/usdt_rate_job.go:43","msg":"usdt rate get err:Get \"https://api.coinmarketcap.com/data-api/v3/cryptocurrency/detail/chart?convertId=2787&id=825&range=1H\": context deadline exceeded (Client.Timeout exceeded while awaiting headers)"}
{"level":"ERROR","ts":"2023-10-08T11:07:42.009+0800","caller":"task/usdt_rate_job.go:43","msg":"usdt rate get err:Get \"https://api.coinmarketcap.com/data-api/v3/cryptocurrency/detail/chart?convertId=2787&id=825&range=1H\": context deadline exceeded (Client.Timeout exceeded while awaiting headers)"}
{"level":"ERROR","ts":"2023-10-08T11:08:42.013+0800","caller":"task/usdt_rate_job.go:43","msg":"usdt rate get err:Get \"https://api.coinmarketcap.com/data-api/v3/cryptocurrency/detail/chart?convertId=2787&id=825&range=1H\": context deadline exceeded (Client.Timeout exceeded while awaiting headers)"}
{"level":"ERROR","ts":"2023-10-08T11:09:42.010+0800","caller":"task/usdt_rate_job.go:43","msg":"usdt rate get err:Get \"https://api.coinmarketcap.com/data-api/v3/cryptocurrency/detail/chart?convertId=2787&id=825&range=1H\": context deadline exceeded (Client.Timeout exceeded while awaiting headers)"}
{"level":"ERROR","ts":"2023-10-08T11:10:42.022+0800","caller":"task/usdt_rate_job.go:43","msg":"usdt rate get err:Get \"https://api.coinmarketcap.com/data-api/v3/cryptocurrency/detail/chart?convertId=2787&id=825&range=1H\": context deadline exceeded (Client.Timeout exceeded while awaiting headers)"}
{"level":"ERROR","ts":"2023-10-08T11:11:42.008+0800","caller":"task/usdt_rate_job.go:43","msg":"usdt rate get err:Get \"https://api.coinmarketcap.com/data-api/v3/cryptocurrency/detail/chart?convertId=2787&id=825&range=1H\": context deadline exceeded (Client.Timeout exceeded while awaiting headers)"}
{"level":"ERROR","ts":"2023-10-08T11:12:42.017+0800","caller":"task/usdt_rate_job.go:43","msg":"usdt rate get err:Get \"https://api.coinmarketcap.com/data-api/v3/cryptocurrency/detail/chart?convertId=2787&id=825&range=1H\": context deadline exceeded (Client.Timeout exceeded while awaiting headers)"}
{"level":"ERROR","ts":"2023-10-08T11:13:42.005+0800","caller":"task/usdt_rate_job.go:43","msg":"usdt rate get err:Get \"https://api.coinmarketcap.com/data-api/v3/cryptocurrency/detail/chart?convertId=2787&id=825&range=1H\": context deadline exceeded (Client.Timeout exceeded while awaiting headers)"}
{"level":"ERROR","ts":"2023-10-08T11:14:42.008+0800","caller":"task/usdt_rate_job.go:43","msg":"usdt rate get err:Get \"https://api.coinmarketcap.com/data-api/v3/cryptocurrency/detail/chart?convertId=2787&id=825&range=1H\": context deadline exceeded (Client.Timeout exceeded while awaiting headers)"}
{"level":"ERROR","ts":"2023-10-08T11:15:42.014+0800","caller":"task/usdt_rate_job.go:43","msg":"usdt rate get err:Get \"https://api.coinmarketcap.com/data-api/v3/cryptocurrency/detail/chart?convertId=2787&id=825&range=1H\": context deadline exceeded (Client.Timeout exceeded while awaiting headers)"}
{"level":"ERROR","ts":"2023-10-08T11:16:42.005+0800","caller":"task/usdt_rate_job.go:43","msg":"usdt rate get err:Get \"https://api.coinmarketcap.com/data-api/v3/cryptocurrency/detail/chart?convertId=2787&id=825&range=1H\": context deadline exceeded (Client.Timeout exceeded while awaiting headers)"}
{"level":"ERROR","ts":"2023-10-08T11:17:42.001+0800","caller":"task/usdt_rate_job.go:43","msg":"usdt rate get err:Get \"https://api.coinmarketcap.com/data-api/v3/cryptocurrency/detail/chart?convertId=2787&id=825&range=1H\": context deadline exceeded (Client.Timeout exceeded while awaiting headers)"}
{"level":"ERROR","ts":"2023-10-08T11:18:42.014+0800","caller":"task/usdt_rate_job.go:43","msg":"usdt rate get err:Get \"https://api.coinmarketcap.com/data-api/v3/cryptocurrency/detail/chart?convertId=2787&id=825&range=1H\": context deadline exceeded (Client.Timeout exceeded while awaiting headers)"}
{"level":"ERROR","ts":"2023-10-08T11:19:42.022+0800","caller":"task/usdt_rate_job.go:43","msg":"usdt rate get err:Get \"https://api.coinmarketcap.com/data-api/v3/cryptocurrency/detail/chart?convertId=2787&id=825&range=1H\": context deadline exceeded (Client.Timeout exceeded while awaiting headers)"}
{"level":"ERROR","ts":"2023-10-08T11:20:42.018+0800","caller":"task/usdt_rate_job.go:43","msg":"usdt rate get err:Get \"https://api.coinmarketcap.com/data-api/v3/cryptocurrency/detail/chart?convertId=2787&id=825&range=1H\": context deadline exceeded (Client.Timeout exceeded while awaiting headers)"}
{"level":"ERROR","ts":"2023-10-08T11:21:42.018+0800","caller":"task/usdt_rate_job.go:43","msg":"usdt rate get err:Get \"https://api.coinmarketcap.com/data-api/v3/cryptocurrency/detail/chart?convertId=2787&id=825&range=1H\": context deadline exceeded (Client.Timeout exceeded while awaiting headers)"}
{"level":"ERROR","ts":"2023-10-08T11:22:42.014+0800","caller":"task/usdt_rate_job.go:43","msg":"usdt rate get err:Get \"https://api.coinmarketcap.com/data-api/v3/cryptocurrency/detail/chart?convertId=2787&id=825&range=1H\": context deadline exceeded (Client.Timeout exceeded while awaiting headers)"}
{"level":"ERROR","ts":"2023-10-08T11:23:42.014+0800","caller":"task/usdt_rate_job.go:43","msg":"usdt rate get err:Get \"https://api.coinmarketcap.com/data-api/v3/cryptocurrency/detail/chart?convertId=2787&id=825&range=1H\": context deadline exceeded (Client.Timeout exceeded while awaiting headers)"}
{"level":"ERROR","ts":"2023-10-08T11:24:42.011+0800","caller":"task/usdt_rate_job.go:43","msg":"usdt rate get err:Get \"https://api.coinmarketcap.com/data-api/v3/cryptocurrency/detail/chart?convertId=2787&id=825&range=1H\": context deadline exceeded (Client.Timeout exceeded while awaiting headers)"}
{"level":"ERROR","ts":"2023-10-08T11:25:42.016+0800","caller":"task/usdt_rate_job.go:43","msg":"usdt rate get err:Get \"https://api.coinmarketcap.com/data-api/v3/cryptocurrency/detail/chart?convertId=2787&id=825&range=1H\": context deadline exceeded (Client.Timeout exceeded while awaiting headers)"}
{"level":"ERROR","ts":"2023-10-08T11:26:42.009+0800","caller":"task/usdt_rate_job.go:43","msg":"usdt rate get err:Get \"https://api.coinmarketcap.com/data-api/v3/cryptocurrency/detail/chart?convertId=2787&id=825&range=1H\": context deadline exceeded (Client.Timeout exceeded while awaiting headers)"}
{"level":"ERROR","ts":"2023-10-08T11:27:42.024+0800","caller":"task/usdt_rate_job.go:43","msg":"usdt rate get err:Get \"https://api.coinmarketcap.com/data-api/v3/cryptocurrency/detail/chart?convertId=2787&id=825&range=1H\": context deadline exceeded (Client.Timeout exceeded while awaiting headers)"}
{"level":"ERROR","ts":"2023-10-08T11:28:42.021+0800","caller":"task/usdt_rate_job.go:43","msg":"usdt rate get err:Get \"https://api.coinmarketcap.com/data-api/v3/cryptocurrency/detail/chart?convertId=2787&id=825&range=1H\": context deadline exceeded (Client.Timeout exceeded while awaiting headers)"}
{"level":"ERROR","ts":"2023-10-08T11:29:42.013+0800","caller":"task/usdt_rate_job.go:43","msg":"usdt rate get err:Get \"https://api.coinmarketcap.com/data-api/v3/cryptocurrency/detail/chart?convertId=2787&id=825&range=1H\": context deadline exceeded (Client.Timeout exceeded while awaiting headers)"}
{"level":"ERROR","ts":"2023-10-08T11:30:42.020+0800","caller":"task/usdt_rate_job.go:43","msg":"usdt rate get err:Get \"https://api.coinmarketcap.com/data-api/v3/cryptocurrency/detail/chart?convertId=2787&id=825&range=1H\": context deadline exceeded (Client.Timeout exceeded while awaiting headers)"}
{"level":"ERROR","ts":"2023-10-08T11:31:42.014+0800","caller":"task/usdt_rate_job.go:43","msg":"usdt rate get err:Get \"https://api.coinmarketcap.com/data-api/v3/cryptocurrency/detail/chart?convertId=2787&id=825&range=1H\": context deadline exceeded (Client.Timeout exceeded while awaiting headers)"}
{"level":"ERROR","ts":"2023-10-08T11:32:42.012+0800","caller":"task/usdt_rate_job.go:43","msg":"usdt rate get err:Get \"https://api.coinmarketcap.com/data-api/v3/cryptocurrency/detail/chart?convertId=2787&id=825&range=1H\": context deadline exceeded (Client.Timeout exceeded while awaiting headers)"}
{"level":"ERROR","ts":"2023-10-08T11:33:42.025+0800","caller":"task/usdt_rate_job.go:43","msg":"usdt rate get err:Get \"https://api.coinmarketcap.com/data-api/v3/cryptocurrency/detail/chart?convertId=2787&id=825&range=1H\": context deadline exceeded (Client.Timeout exceeded while awaiting headers)"}
{"level":"ERROR","ts":"2023-10-08T11:34:42.007+0800","caller":"task/usdt_rate_job.go:43","msg":"usdt rate get err:Get \"https://api.coinmarketcap.com/data-api/v3/cryptocurrency/detail/chart?convertId=2787&id=825&range=1H\": context deadline exceeded (Client.Timeout exceeded while awaiting headers)"}
{"level":"ERROR","ts":"2023-10-08T11:35:42.001+0800","caller":"task/usdt_rate_job.go:43","msg":"usdt rate get err:Get \"https://api.coinmarketcap.com/data-api/v3/cryptocurrency/detail/chart?convertId=2787&id=825&range=1H\": context deadline exceeded (Client.Timeout exceeded while awaiting headers)"}
{"level":"ERROR","ts":"2023-10-08T11:36:42.025+0800","caller":"task/usdt_rate_job.go:43","msg":"usdt rate get err:Get \"https://api.coinmarketcap.com/data-api/v3/cryptocurrency/detail/chart?convertId=2787&id=825&range=1H\": context deadline exceeded (Client.Timeout exceeded while awaiting headers)"}
{"level":"ERROR","ts":"2023-10-08T11:37:42.009+0800","caller":"task/usdt_rate_job.go:43","msg":"usdt rate get err:Get \"https://api.coinmarketcap.com/data-api/v3/cryptocurrency/detail/chart?convertId=2787&id=825&range=1H\": context deadline exceeded (Client.Timeout exceeded while awaiting headers)"}
{"level":"ERROR","ts":"2023-10-08T11:38:42.010+0800","caller":"task/usdt_rate_job.go:43","msg":"usdt rate get err:Get \"https://api.coinmarketcap.com/data-api/v3/cryptocurrency/detail/chart?convertId=2787&id=825&range=1H\": context deadline exceeded (Client.Timeout exceeded while awaiting headers)"}
{"level":"ERROR","ts":"2023-10-08T11:39:42.016+0800","caller":"task/usdt_rate_job.go:43","msg":"usdt rate get err:Get \"https://api.coinmarketcap.com/data-api/v3/cryptocurrency/detail/chart?convertId=2787&id=825&range=1H\": context deadline exceeded (Client.Timeout exceeded while awaiting headers)"}
{"level":"ERROR","ts":"2023-10-08T11:40:42.016+0800","caller":"task/usdt_rate_job.go:43","msg":"usdt rate get err:Get \"https://api.coinmarketcap.com/data-api/v3/cryptocurrency/detail/chart?convertId=2787&id=825&range=1H\": context deadline exceeded (Client.Timeout exceeded while awaiting headers)"}
{"level":"ERROR","ts":"2023-10-08T11:41:42.013+0800","caller":"task/usdt_rate_job.go:43","msg":"usdt rate get err:Get \"https://api.coinmarketcap.com/data-api/v3/cryptocurrency/detail/chart?convertId=2787&id=825&range=1H\": context deadline exceeded (Client.Timeout exceeded while awaiting headers)"}
{"level":"ERROR","ts":"2023-10-08T11:42:42.016+0800","caller":"task/usdt_rate_job.go:43","msg":"usdt rate get err:Get \"https://api.coinmarketcap.com/data-api/v3/cryptocurrency/detail/chart?convertId=2787&id=825&range=1H\": context deadline exceeded (Client.Timeout exceeded while awaiting headers)"}
{"level":"ERROR","ts":"2023-10-08T11:43:42.007+0800","caller":"task/usdt_rate_job.go:43","msg":"usdt rate get err:Get \"https://api.coinmarketcap.com/data-api/v3/cryptocurrency/detail/chart?convertId=2787&id=825&range=1H\": context deadline exceeded (Client.Timeout exceeded while awaiting headers)"}
{"level":"ERROR","ts":"2023-10-08T11:44:42.016+0800","caller":"task/usdt_rate_job.go:43","msg":"usdt rate get err:Get \"https://api.coinmarketcap.com/data-api/v3/cryptocurrency/detail/chart?convertId=2787&id=825&range=1H\": context deadline exceeded (Client.Timeout exceeded while awaiting headers)"}
{"level":"ERROR","ts":"2023-10-08T11:45:42.014+0800","caller":"task/usdt_rate_job.go:43","msg":"usdt rate get err:Get \"https://api.coinmarketcap.com/data-api/v3/cryptocurrency/detail/chart?convertId=2787&id=825&range=1H\": context deadline exceeded (Client.Timeout exceeded while awaiting headers)"}
{"level":"ERROR","ts":"2023-10-08T11:46:42.013+0800","caller":"task/usdt_rate_job.go:43","msg":"usdt rate get err:Get \"https://api.coinmarketcap.com/data-api/v3/cryptocurrency/detail/chart?convertId=2787&id=825&range=1H\": context deadline exceeded (Client.Timeout exceeded while awaiting headers)"}
{"level":"ERROR","ts":"2023-10-08T11:47:42.022+0800","caller":"task/usdt_rate_job.go:43","msg":"usdt rate get err:Get \"https://api.coinmarketcap.com/data-api/v3/cryptocurrency/detail/chart?convertId=2787&id=825&range=1H\": context deadline exceeded (Client.Timeout exceeded while awaiting headers)"}
{"level":"ERROR","ts":"2023-10-08T11:48:42.012+0800","caller":"task/usdt_rate_job.go:43","msg":"usdt rate get err:Get \"https://api.coinmarketcap.com/data-api/v3/cryptocurrency/detail/chart?convertId=2787&id=825&range=1H\": context deadline exceeded (Client.Timeout exceeded while awaiting headers)"}
{"level":"ERROR","ts":"2023-10-08T11:49:42.015+0800","caller":"task/usdt_rate_job.go:43","msg":"usdt rate get err:Get \"https://api.coinmarketcap.com/data-api/v3/cryptocurrency/detail/chart?convertId=2787&id=825&range=1H\": context deadline exceeded (Client.Timeout exceeded while awaiting headers)"}
{"level":"ERROR","ts":"2023-10-08T11:50:42.022+0800","caller":"task/usdt_rate_job.go:43","msg":"usdt rate get err:Get \"https://api.coinmarketcap.com/data-api/v3/cryptocurrency/detail/chart?convertId=2787&id=825&range=1H\": context deadline exceeded (Client.Timeout exceeded while awaiting headers)"}
{"level":"ERROR","ts":"2023-10-08T11:51:42.002+0800","caller":"task/usdt_rate_job.go:43","msg":"usdt rate get err:Get \"https://api.coinmarketcap.com/data-api/v3/cryptocurrency/detail/chart?convertId=2787&id=825&range=1H\": context deadline exceeded (Client.Timeout exceeded while awaiting headers)"}
{"level":"ERROR","ts":"2023-10-08T11:52:42.008+0800","caller":"task/usdt_rate_job.go:43","msg":"usdt rate get err:Get \"https://api.coinmarketcap.com/data-api/v3/cryptocurrency/detail/chart?convertId=2787&id=825&range=1H\": context deadline exceeded (Client.Timeout exceeded while awaiting headers)"}
{"level":"ERROR","ts":"2023-10-08T11:53:42.007+0800","caller":"task/usdt_rate_job.go:43","msg":"usdt rate get err:Get \"https://api.coinmarketcap.com/data-api/v3/cryptocurrency/detail/chart?convertId=2787&id=825&range=1H\": context deadline exceeded (Client.Timeout exceeded while awaiting headers)"}
{"level":"ERROR","ts":"2023-10-08T11:54:42.023+0800","caller":"task/usdt_rate_job.go:43","msg":"usdt rate get err:Get \"https://api.coinmarketcap.com/data-api/v3/cryptocurrency/detail/chart?convertId=2787&id=825&range=1H\": context deadline exceeded (Client.Timeout exceeded while awaiting headers)"}
{"level":"ERROR","ts":"2023-10-08T11:55:42.017+0800","caller":"task/usdt_rate_job.go:43","msg":"usdt rate get err:Get \"https://api.coinmarketcap.com/data-api/v3/cryptocurrency/detail/chart?convertId=2787&id=825&range=1H\": context deadline exceeded (Client.Timeout exceeded while awaiting headers)"}
{"level":"ERROR","ts":"2023-10-08T11:56:42.014+0800","caller":"task/usdt_rate_job.go:43","msg":"usdt rate get err:Get \"https://api.coinmarketcap.com/data-api/v3/cryptocurrency/detail/chart?convertId=2787&id=825&range=1H\": context deadline exceeded (Client.Timeout exceeded while awaiting headers)"}
{"level":"DEBUG","ts":"2023-10-08T11:57:27.067+0800","caller":"dao/mdb.go:46","msg":"[store_db] mysql connDB success"}
{"level":"DEBUG","ts":"2023-10-08T11:57:27.069+0800","caller":"dao/rdb.go:39","msg":"[store_redis] redis connRdb success,suc=%sPONG"}
{"level":"INFO","ts":"2023-10-08T11:57:27.070+0800","caller":"log/log.go:162","msg":"Starting processing"}
{"level":"INFO","ts":"2023-10-08T11:57:27.070+0800","caller":"log/log.go:162","msg":"Send signal TERM or INT to terminate the process"}
{"level":"ERROR","ts":"2023-10-08T11:58:32.014+0800","caller":"task/usdt_rate_job.go:43","msg":"usdt rate get err:Get \"https://api.coinmarketcap.com/data-api/v3/cryptocurrency/detail/chart?convertId=2787&id=825&range=1H\": context deadline exceeded (Client.Timeout exceeded while awaiting headers)"}
{"level":"ERROR","ts":"2023-10-08T11:59:32.022+0800","caller":"task/usdt_rate_job.go:43","msg":"usdt rate get err:Get \"https://api.coinmarketcap.com/data-api/v3/cryptocurrency/detail/chart?convertId=2787&id=825&range=1H\": context deadline exceeded (Client.Timeout exceeded while awaiting headers)"}
{"level":"ERROR","ts":"2023-10-08T12:00:32.023+0800","caller":"task/usdt_rate_job.go:43","msg":"usdt rate get err:Get \"https://api.coinmarketcap.com/data-api/v3/cryptocurrency/detail/chart?convertId=2787&id=825&range=1H\": context deadline exceeded (Client.Timeout exceeded while awaiting headers)"}
{"level":"ERROR","ts":"2023-10-08T12:01:32.006+0800","caller":"task/usdt_rate_job.go:43","msg":"usdt rate get err:Get \"https://api.coinmarketcap.com/data-api/v3/cryptocurrency/detail/chart?convertId=2787&id=825&range=1H\": context deadline exceeded (Client.Timeout exceeded while awaiting headers)"}
{"level":"DEBUG","ts":"2023-10-08T12:01:52.534+0800","caller":"dao/mdb.go:46","msg":"[store_db] mysql connDB success"}
{"level":"DEBUG","ts":"2023-10-08T12:01:52.536+0800","caller":"dao/rdb.go:39","msg":"[store_redis] redis connRdb success,suc=%sPONG"}
{"level":"INFO","ts":"2023-10-08T12:01:52.537+0800","caller":"log/log.go:162","msg":"Starting processing"}
{"level":"INFO","ts":"2023-10-08T12:01:52.537+0800","caller":"log/log.go:162","msg":"Send signal TERM or INT to terminate the process"}
{"level":"ERROR","ts":"2023-10-08T12:02:57.019+0800","caller":"task/usdt_rate_job.go:43","msg":"usdt rate get err:Get \"https://api.coinmarketcap.com/data-api/v3/cryptocurrency/detail/chart?convertId=2787&id=825&range=1H\": context deadline exceeded (Client.Timeout exceeded while awaiting headers)"}
{"level":"ERROR","ts":"2023-10-08T12:03:57.012+0800","caller":"task/usdt_rate_job.go:43","msg":"usdt rate get err:Get \"https://api.coinmarketcap.com/data-api/v3/cryptocurrency/detail/chart?convertId=2787&id=825&range=1H\": context deadline exceeded (Client.Timeout exceeded while awaiting headers)"}
{"level":"ERROR","ts":"2023-10-08T12:04:57.012+0800","caller":"task/usdt_rate_job.go:43","msg":"usdt rate get err:Get \"https://api.coinmarketcap.com/data-api/v3/cryptocurrency/detail/chart?convertId=2787&id=825&range=1H\": context deadline exceeded (Client.Timeout exceeded while awaiting headers)"}
{"level":"ERROR","ts":"2023-10-08T12:05:57.013+0800","caller":"task/usdt_rate_job.go:43","msg":"usdt rate get err:Get \"https://api.coinmarketcap.com/data-api/v3/cryptocurrency/detail/chart?convertId=2787&id=825&range=1H\": context deadline exceeded (Client.Timeout exceeded while awaiting headers)"}
{"level":"ERROR","ts":"2023-10-08T12:06:57.003+0800","caller":"task/usdt_rate_job.go:43","msg":"usdt rate get err:Get \"https://api.coinmarketcap.com/data-api/v3/cryptocurrency/detail/chart?convertId=2787&id=825&range=1H\": context deadline exceeded (Client.Timeout exceeded while awaiting headers)"}
{"level":"DEBUG","ts":"2023-10-08T22:57:56.557+0800","caller":"dao/mdb.go:46","msg":"[store_db] mysql connDB success"}
{"level":"DEBUG","ts":"2023-10-08T22:57:56.573+0800","caller":"dao/rdb.go:39","msg":"[store_redis] redis connRdb success,suc=%sPONG"}
{"level":"INFO","ts":"2023-10-08T22:57:56.574+0800","caller":"log/log.go:162","msg":"Starting processing"}
{"level":"INFO","ts":"2023-10-08T22:57:56.574+0800","caller":"log/log.go:162","msg":"Send signal TERM or INT to terminate the process"}
{"level":"ERROR","ts":"2023-10-08T22:59:01.018+0800","caller":"task/usdt_rate_job.go:43","msg":"usdt rate get err:Get \"https://api.coinmarketcap.com/data-api/v3/cryptocurrency/detail/chart?convertId=2787&id=825&range=1H\": context deadline exceeded (Client.Timeout exceeded while awaiting headers)"}
{"level":"ERROR","ts":"2023-10-08T23:00:01.007+0800","caller":"task/usdt_rate_job.go:43","msg":"usdt rate get err:Get \"https://api.coinmarketcap.com/data-api/v3/cryptocurrency/detail/chart?convertId=2787&id=825&range=1H\": context deadline exceeded (Client.Timeout exceeded while awaiting headers)"}
{"level":"ERROR","ts":"2023-10-08T23:01:01.011+0800","caller":"task/usdt_rate_job.go:43","msg":"usdt rate get err:Get \"https://api.coinmarketcap.com/data-api/v3/cryptocurrency/detail/chart?convertId=2787&id=825&range=1H\": context deadline exceeded (Client.Timeout exceeded while awaiting headers)"}
