{"level":"DEBUG","ts":"2023-09-23T12:40:45.589+0800","caller":"dao/mdb.go:46","msg":"[store_db] mysql connDB success"}
{"level":"DEBUG","ts":"2023-09-23T12:40:45.591+0800","caller":"dao/rdb.go:39","msg":"[store_redis] redis connRdb success,suc=%sPONG"}
{"level":"INFO","ts":"2023-09-23T12:40:45.592+0800","caller":"log/log.go:162","msg":"Starting processing"}
{"level":"INFO","ts":"2023-09-23T12:40:45.592+0800","caller":"log/log.go:162","msg":"Send signal TERM or INT to terminate the process"}
{"level":"ERROR","ts":"2023-09-23T12:40:45.595+0800","caller":"telegram/siglebot.go:28","msg":"telebot: unexpected end of JSON input"}
{"level":"DEBUG","ts":"2023-09-23T12:41:43.680+0800","caller":"dao/mdb.go:46","msg":"[store_db] mysql connDB success"}
{"level":"DEBUG","ts":"2023-09-23T12:41:43.683+0800","caller":"dao/rdb.go:39","msg":"[store_redis] redis connRdb success,suc=%sPONG"}
{"level":"INFO","ts":"2023-09-23T12:41:43.684+0800","caller":"log/log.go:162","msg":"Starting processing"}
{"level":"INFO","ts":"2023-09-23T12:41:43.684+0800","caller":"log/log.go:162","msg":"Send signal TERM or INT to terminate the process"}
{"level":"ERROR","ts":"2023-09-23T12:41:43.686+0800","caller":"telegram/siglebot.go:28","msg":"telebot: unexpected end of JSON input"}
{"level":"DEBUG","ts":"2023-09-23T12:42:38.592+0800","caller":"dao/mdb.go:46","msg":"[store_db] mysql connDB success"}
{"level":"DEBUG","ts":"2023-09-23T12:42:38.595+0800","caller":"dao/rdb.go:39","msg":"[store_redis] redis connRdb success,suc=%sPONG"}
{"level":"INFO","ts":"2023-09-23T12:42:38.596+0800","caller":"log/log.go:162","msg":"Starting processing"}
{"level":"INFO","ts":"2023-09-23T12:42:38.596+0800","caller":"log/log.go:162","msg":"Send signal TERM or INT to terminate the process"}
{"level":"ERROR","ts":"2023-09-23T12:42:38.598+0800","caller":"telegram/siglebot.go:29","msg":"telebot: unexpected end of JSON input"}
{"level":"ERROR","ts":"2023-09-23T12:43:43.008+0800","caller":"task/usdt_rate_job.go:43","msg":"usdt rate get err:Get \"https://api.coinmarketcap.com/data-api/v3/cryptocurrency/detail/chart?convertId=2787&id=825&range=1H\": context deadline exceeded (Client.Timeout exceeded while awaiting headers)"}
{"level":"DEBUG","ts":"2023-09-23T12:44:12.006+0800","caller":"dao/mdb.go:46","msg":"[store_db] mysql connDB success"}
{"level":"DEBUG","ts":"2023-09-23T12:44:12.008+0800","caller":"dao/rdb.go:39","msg":"[store_redis] redis connRdb success,suc=%sPONG"}
{"level":"INFO","ts":"2023-09-23T12:44:12.008+0800","caller":"log/log.go:162","msg":"Starting processing"}
{"level":"INFO","ts":"2023-09-23T12:44:12.009+0800","caller":"log/log.go:162","msg":"Send signal TERM or INT to terminate the process"}
{"level":"ERROR","ts":"2023-09-23T12:44:12.011+0800","caller":"telegram/siglebot.go:27","msg":"telebot: unexpected end of JSON input"}
{"level":"DEBUG","ts":"2023-09-23T12:44:32.182+0800","caller":"dao/mdb.go:46","msg":"[store_db] mysql connDB success"}
{"level":"DEBUG","ts":"2023-09-23T12:44:32.184+0800","caller":"dao/rdb.go:39","msg":"[store_redis] redis connRdb success,suc=%sPONG"}
{"level":"INFO","ts":"2023-09-23T12:44:32.184+0800","caller":"log/log.go:162","msg":"Starting processing"}
{"level":"INFO","ts":"2023-09-23T12:44:32.184+0800","caller":"log/log.go:162","msg":"Send signal TERM or INT to terminate the process"}
{"level":"ERROR","ts":"2023-09-23T12:44:32.186+0800","caller":"telegram/siglebot.go:27","msg":"telebot: unexpected end of JSON input"}
{"level":"DEBUG","ts":"2023-09-23T12:44:48.455+0800","caller":"dao/mdb.go:46","msg":"[store_db] mysql connDB success"}
{"level":"DEBUG","ts":"2023-09-23T12:44:48.457+0800","caller":"dao/rdb.go:39","msg":"[store_redis] redis connRdb success,suc=%sPONG"}
{"level":"INFO","ts":"2023-09-23T12:44:48.457+0800","caller":"log/log.go:162","msg":"Starting processing"}
{"level":"INFO","ts":"2023-09-23T12:44:48.458+0800","caller":"log/log.go:162","msg":"Send signal TERM or INT to terminate the process"}
{"level":"ERROR","ts":"2023-09-23T12:44:48.459+0800","caller":"telegram/siglebot.go:27","msg":"telebot: unexpected end of JSON input"}
{"level":"DEBUG","ts":"2023-09-23T12:45:53.212+0800","caller":"dao/mdb.go:46","msg":"[store_db] mysql connDB success"}
{"level":"DEBUG","ts":"2023-09-23T12:45:53.215+0800","caller":"dao/rdb.go:39","msg":"[store_redis] redis connRdb success,suc=%sPONG"}
{"level":"INFO","ts":"2023-09-23T12:45:53.216+0800","caller":"log/log.go:162","msg":"Starting processing"}
{"level":"INFO","ts":"2023-09-23T12:45:53.216+0800","caller":"log/log.go:162","msg":"Send signal TERM or INT to terminate the process"}
{"level":"ERROR","ts":"2023-09-23T12:45:53.218+0800","caller":"telegram/telegram.go:31","msg":"telebot: unexpected end of JSON input"}
{"level":"DEBUG","ts":"2023-09-23T12:46:34.286+0800","caller":"dao/mdb.go:46","msg":"[store_db] mysql connDB success"}
{"level":"DEBUG","ts":"2023-09-23T12:46:34.289+0800","caller":"dao/rdb.go:39","msg":"[store_redis] redis connRdb success,suc=%sPONG"}
{"level":"INFO","ts":"2023-09-23T12:46:34.290+0800","caller":"log/log.go:162","msg":"Starting processing"}
{"level":"INFO","ts":"2023-09-23T12:46:34.290+0800","caller":"log/log.go:162","msg":"Send signal TERM or INT to terminate the process"}
{"level":"ERROR","ts":"2023-09-23T12:46:55.365+0800","caller":"telegram/telegram.go:31","msg":"telebot: Post \"https://api.telegram.org/bot6357420488:AAHUR-DXXomQx49sUAk8VH-cUlDmQRuDxm4/getMe\": dial tcp 162.220.12.226:443: connectex: A connection attempt failed because the connected party did not properly respond after a period of time, or established connection failed because connected host has failed to respond."}
{"level":"DEBUG","ts":"2023-09-23T12:47:32.649+0800","caller":"dao/mdb.go:46","msg":"[store_db] mysql connDB success"}
{"level":"DEBUG","ts":"2023-09-23T12:47:32.651+0800","caller":"dao/rdb.go:39","msg":"[store_redis] redis connRdb success,suc=%sPONG"}
{"level":"INFO","ts":"2023-09-23T12:47:32.651+0800","caller":"log/log.go:162","msg":"Starting processing"}
{"level":"INFO","ts":"2023-09-23T12:47:32.652+0800","caller":"log/log.go:162","msg":"Send signal TERM or INT to terminate the process"}
{"level":"ERROR","ts":"2023-09-23T12:47:53.713+0800","caller":"telegram/telegram.go:31","msg":"telebot: Post \"https://api.telegram.org/bot6357420488:AAHUR-DXXomQx49sUAk8VH-cUlDmQRuDxm4/getMe\": dial tcp 162.220.12.226:443: connectex: A connection attempt failed because the connected party did not properly respond after a period of time, or established connection failed because connected host has failed to respond."}
{"level":"DEBUG","ts":"2023-09-23T12:48:24.644+0800","caller":"dao/mdb.go:46","msg":"[store_db] mysql connDB success"}
{"level":"DEBUG","ts":"2023-09-23T12:48:24.646+0800","caller":"dao/rdb.go:39","msg":"[store_redis] redis connRdb success,suc=%sPONG"}
{"level":"INFO","ts":"2023-09-23T12:48:24.647+0800","caller":"log/log.go:162","msg":"Starting processing"}
{"level":"INFO","ts":"2023-09-23T12:48:24.647+0800","caller":"log/log.go:162","msg":"Send signal TERM or INT to terminate the process"}
{"level":"ERROR","ts":"2023-09-23T12:48:24.648+0800","caller":"telegram/telegram.go:31","msg":"telebot: unexpected end of JSON input"}
{"level":"ERROR","ts":"2023-09-23T12:49:29.009+0800","caller":"task/usdt_rate_job.go:43","msg":"usdt rate get err:Get \"https://api.coinmarketcap.com/data-api/v3/cryptocurrency/detail/chart?convertId=2787&id=825&range=1H\": context deadline exceeded (Client.Timeout exceeded while awaiting headers)"}
{"level":"ERROR","ts":"2023-09-23T12:50:29.005+0800","caller":"task/usdt_rate_job.go:43","msg":"usdt rate get err:Get \"https://api.coinmarketcap.com/data-api/v3/cryptocurrency/detail/chart?convertId=2787&id=825&range=1H\": context deadline exceeded (Client.Timeout exceeded while awaiting headers)"}
{"level":"ERROR","ts":"2023-09-23T12:51:29.014+0800","caller":"task/usdt_rate_job.go:43","msg":"usdt rate get err:Get \"https://api.coinmarketcap.com/data-api/v3/cryptocurrency/detail/chart?convertId=2787&id=825&range=1H\": context deadline exceeded (Client.Timeout exceeded while awaiting headers)"}
{"level":"DEBUG","ts":"2023-09-23T12:55:45.964+0800","caller":"dao/mdb.go:46","msg":"[store_db] mysql connDB success"}
{"level":"DEBUG","ts":"2023-09-23T12:55:45.967+0800","caller":"dao/rdb.go:39","msg":"[store_redis] redis connRdb success,suc=%sPONG"}
{"level":"INFO","ts":"2023-09-23T12:55:45.967+0800","caller":"log/log.go:162","msg":"Starting processing"}
{"level":"INFO","ts":"2023-09-23T12:55:45.968+0800","caller":"log/log.go:162","msg":"Send signal TERM or INT to terminate the process"}
{"level":"ERROR","ts":"2023-09-23T12:55:47.625+0800","caller":"telegram/telegram.go:31","msg":"telebot: invalid character '<' looking for beginning of value"}
{"level":"DEBUG","ts":"2023-09-23T12:56:21.251+0800","caller":"dao/mdb.go:46","msg":"[store_db] mysql connDB success"}
{"level":"DEBUG","ts":"2023-09-23T12:56:21.254+0800","caller":"dao/rdb.go:39","msg":"[store_redis] redis connRdb success,suc=%sPONG"}
{"level":"INFO","ts":"2023-09-23T12:56:21.255+0800","caller":"log/log.go:162","msg":"Starting processing"}
{"level":"INFO","ts":"2023-09-23T12:56:21.255+0800","caller":"log/log.go:162","msg":"Send signal TERM or INT to terminate the process"}
{"level":"ERROR","ts":"2023-09-23T12:56:21.257+0800","caller":"telegram/telegram.go:31","msg":"telebot: unexpected end of JSON input"}
{"level":"DEBUG","ts":"2023-09-23T13:02:36.376+0800","caller":"dao/mdb.go:46","msg":"[store_db] mysql connDB success"}
{"level":"DEBUG","ts":"2023-09-23T13:02:36.379+0800","caller":"dao/rdb.go:39","msg":"[store_redis] redis connRdb success,suc=%sPONG"}
{"level":"INFO","ts":"2023-09-23T13:02:36.379+0800","caller":"log/log.go:162","msg":"Starting processing"}
{"level":"INFO","ts":"2023-09-23T13:02:36.379+0800","caller":"log/log.go:162","msg":"Send signal TERM or INT to terminate the process"}
{"level":"ERROR","ts":"2023-09-23T13:02:36.379+0800","caller":"telegram/telegram.go:31","msg":"telebot: parse \"127.0.0.1:8570/bot6357420488:AAHUR-DXXomQx49sUAk8VH-cUlDmQRuDxm4/getMe\": first path segment in URL cannot contain colon"}
{"level":"DEBUG","ts":"2023-09-23T13:03:58.681+0800","caller":"dao/mdb.go:46","msg":"[store_db] mysql connDB success"}
{"level":"DEBUG","ts":"2023-09-23T13:03:58.684+0800","caller":"dao/rdb.go:39","msg":"[store_redis] redis connRdb success,suc=%sPONG"}
{"level":"INFO","ts":"2023-09-23T13:03:58.685+0800","caller":"log/log.go:162","msg":"Starting processing"}
{"level":"INFO","ts":"2023-09-23T13:03:58.685+0800","caller":"log/log.go:162","msg":"Send signal TERM or INT to terminate the process"}
{"level":"ERROR","ts":"2023-09-23T13:03:58.687+0800","caller":"telegram/telegram.go:31","msg":"telebot: unexpected end of JSON input"}
{"level":"DEBUG","ts":"2023-09-23T13:04:16.890+0800","caller":"dao/mdb.go:46","msg":"[store_db] mysql connDB success"}
{"level":"DEBUG","ts":"2023-09-23T13:04:16.892+0800","caller":"dao/rdb.go:39","msg":"[store_redis] redis connRdb success,suc=%sPONG"}
{"level":"INFO","ts":"2023-09-23T13:04:16.893+0800","caller":"log/log.go:162","msg":"Starting processing"}
{"level":"INFO","ts":"2023-09-23T13:04:16.893+0800","caller":"log/log.go:162","msg":"Send signal TERM or INT to terminate the process"}
{"level":"ERROR","ts":"2023-09-23T13:04:16.895+0800","caller":"telegram/telegram.go:31","msg":"telebot: unexpected end of JSON input"}
{"level":"DEBUG","ts":"2023-09-23T13:06:57.182+0800","caller":"dao/mdb.go:46","msg":"[store_db] mysql connDB success"}
{"level":"DEBUG","ts":"2023-09-23T13:06:57.185+0800","caller":"dao/rdb.go:39","msg":"[store_redis] redis connRdb success,suc=%sPONG"}
{"level":"INFO","ts":"2023-09-23T13:06:57.186+0800","caller":"log/log.go:162","msg":"Starting processing"}
{"level":"INFO","ts":"2023-09-23T13:06:57.186+0800","caller":"log/log.go:162","msg":"Send signal TERM or INT to terminate the process"}
{"level":"ERROR","ts":"2023-09-23T13:06:57.188+0800","caller":"telegram/telegram.go:32","msg":"telebot: unexpected end of JSON input"}
{"level":"DEBUG","ts":"2023-09-23T13:12:21.591+0800","caller":"dao/mdb.go:46","msg":"[store_db] mysql connDB success"}
{"level":"DEBUG","ts":"2023-09-23T13:12:21.594+0800","caller":"dao/rdb.go:39","msg":"[store_redis] redis connRdb success,suc=%sPONG"}
{"level":"INFO","ts":"2023-09-23T13:12:21.594+0800","caller":"log/log.go:162","msg":"Starting processing"}
{"level":"INFO","ts":"2023-09-23T13:12:21.595+0800","caller":"log/log.go:162","msg":"Send signal TERM or INT to terminate the process"}
{"level":"ERROR","ts":"2023-09-23T13:12:21.597+0800","caller":"telegram/siglebot.go:27","msg":"telebot: unexpected end of JSON input"}
{"level":"DEBUG","ts":"2023-09-23T18:55:27.823+0800","caller":"dao/mdb.go:46","msg":"[store_db] mysql connDB success"}
{"level":"DEBUG","ts":"2023-09-23T18:55:27.826+0800","caller":"dao/rdb.go:39","msg":"[store_redis] redis connRdb success,suc=%sPONG"}
{"level":"INFO","ts":"2023-09-23T18:55:27.827+0800","caller":"log/log.go:162","msg":"Starting processing"}
{"level":"INFO","ts":"2023-09-23T18:55:27.827+0800","caller":"log/log.go:162","msg":"Send signal TERM or INT to terminate the process"}
{"level":"ERROR","ts":"2023-09-23T18:55:27.830+0800","caller":"telegram/siglebot.go:27","msg":"telebot: unexpected end of JSON input"}
{"level":"DEBUG","ts":"2023-09-23T20:01:08.621+0800","caller":"dao/mdb.go:46","msg":"[store_db] mysql connDB success"}
{"level":"DEBUG","ts":"2023-09-23T20:01:08.624+0800","caller":"dao/rdb.go:39","msg":"[store_redis] redis connRdb success,suc=%sPONG"}
{"level":"INFO","ts":"2023-09-23T20:01:08.625+0800","caller":"log/log.go:162","msg":"Starting processing"}
{"level":"INFO","ts":"2023-09-23T20:01:08.625+0800","caller":"log/log.go:162","msg":"Send signal TERM or INT to terminate the process"}
{"level":"ERROR","ts":"2023-09-23T20:01:08.627+0800","caller":"telegram/siglebot.go:29","msg":"telebot: unexpected end of JSON input"}
